<?xml version="1.0" encoding="UTF-8"?>
<testng-results ignored="0" total="1" passed="1" failed="0" skipped="0">
  <reporter-output>
  </reporter-output>
  <suite started-at="2024-02-06T12:37:28 IST" name="Default suite" finished-at="2024-02-06T12:40:00 IST" duration-ms="152176">
    <groups>
    </groups>
    <test started-at="2024-02-06T12:37:28 IST" name="Default test" finished-at="2024-02-06T12:40:00 IST" duration-ms="152176">
      <class name="com.younited.qa.testcases.CommunityPageFreeTest">
        <test-method is-config="true" signature="setUp()[pri:0, instance:com.younited.qa.testcases.CommunityPageFreeTest@72e5a8e]" started-at="2024-02-06T12:37:28 IST" name="setUp" finished-at="2024-02-06T12:38:11 IST" duration-ms="43725" status="PASS">
          <reporter-output>
          </reporter-output>
        </test-method> <!-- setUp -->
        <test-method signature="communityPageFreeTest()[pri:0, instance:com.younited.qa.testcases.CommunityPageFreeTest@72e5a8e]" started-at="2024-02-06T12:38:11 IST" name="communityPageFreeTest" finished-at="2024-02-06T12:39:59 IST" duration-ms="108086" status="PASS">
          <reporter-output>
          </reporter-output>
        </test-method> <!-- communityPageFreeTest -->
        <test-method is-config="true" signature="tearDown()[pri:0, instance:com.younited.qa.testcases.CommunityPageFreeTest@72e5a8e]" started-at="2024-02-06T12:39:59 IST" name="tearDown" finished-at="2024-02-06T12:40:00 IST" duration-ms="324" status="PASS">
          <reporter-output>
          </reporter-output>
        </test-method> <!-- tearDown -->
      </class> <!-- com.younited.qa.testcases.CommunityPageFreeTest -->
    </test> <!-- Default test -->
  </suite> <!-- Default suite -->
</testng-results>
