<?xml version="1.0" encoding="UTF-8"?>
<testng-results ignored="0" total="1" passed="1" failed="0" skipped="0">
  <reporter-output>
  </reporter-output>
  <suite started-at="2024-04-01T18:19:14 IST" name="Default suite" finished-at="2024-04-01T18:20:24 IST" duration-ms="69891">
    <groups>
    </groups>
    <test started-at="2024-04-01T18:19:14 IST" name="Default test" finished-at="2024-04-01T18:20:24 IST" duration-ms="69891">
      <class name="com.younited.qa.testcases.AddCommandPageTest">
        <test-method is-config="true" signature="setUp()[pri:0, instance:com.younited.qa.testcases.AddCommandPageTest@273e7444]" started-at="2024-04-01T18:19:14 IST" name="setUp" finished-at="2024-04-01T18:20:03 IST" duration-ms="49320" status="PASS">
          <reporter-output>
          </reporter-output>
        </test-method> <!-- setUp -->
        <test-method signature="uploadFileTest()[pri:0, instance:com.younited.qa.testcases.AddCommandPageTest@273e7444]" started-at="2024-04-01T18:20:03 IST" name="uploadFileTest" finished-at="2024-04-01T18:20:24 IST" duration-ms="20296" status="PASS">
          <reporter-output>
          </reporter-output>
        </test-method> <!-- uploadFileTest -->
        <test-method is-config="true" signature="tearDown()[pri:0, instance:com.younited.qa.testcases.AddCommandPageTest@273e7444]" started-at="2024-04-01T18:20:24 IST" name="tearDown" finished-at="2024-04-01T18:20:24 IST" duration-ms="250" status="PASS">
          <reporter-output>
          </reporter-output>
        </test-method> <!-- tearDown -->
      </class> <!-- com.younited.qa.testcases.AddCommandPageTest -->
    </test> <!-- Default test -->
  </suite> <!-- Default suite -->
</testng-results>
