<?xml version="1.0" encoding="UTF-8"?>
<testng-results ignored="0" total="3" passed="3" failed="0" skipped="0">
  <reporter-output>
  </reporter-output>
  <suite started-at="2024-07-02T14:35:49 IST" name="Default suite" finished-at="2024-07-02T14:38:57 IST" duration-ms="188790">
    <groups>
    </groups>
    <test started-at="2024-07-02T14:35:49 IST" name="Default test" finished-at="2024-07-02T14:38:57 IST" duration-ms="188790">
      <class name="com.younited.qa.testcases.HomePageTest">
        <test-method is-config="true" signature="setUp()[pri:0, instance:com.younited.qa.testcases.HomePageTest@783a467b]" started-at="2024-07-02T14:35:49 IST" name="setUp" finished-at="2024-07-02T14:36:34 IST" duration-ms="45521" status="PASS">
          <reporter-output>
          </reporter-output>
        </test-method> <!-- setUp -->
        <test-method signature="homePageTitleTest()[pri:1, instance:com.younited.qa.testcases.HomePageTest@783a467b]" started-at="2024-07-02T14:36:34 IST" name="homePageTitleTest" finished-at="2024-07-02T14:36:50 IST" duration-ms="16263" status="PASS">
          <reporter-output>
          </reporter-output>
        </test-method> <!-- homePageTitleTest -->
        <test-method is-config="true" signature="tearDown()[pri:0, instance:com.younited.qa.testcases.HomePageTest@783a467b]" started-at="2024-07-02T14:36:50 IST" name="tearDown" finished-at="2024-07-02T14:36:50 IST" duration-ms="0" status="PASS">
          <reporter-output>
          </reporter-output>
        </test-method> <!-- tearDown -->
        <test-method is-config="true" signature="setUp()[pri:0, instance:com.younited.qa.testcases.HomePageTest@783a467b]" started-at="2024-07-02T14:36:50 IST" name="setUp" finished-at="2024-07-02T14:37:32 IST" duration-ms="41694" status="PASS">
          <reporter-output>
          </reporter-output>
        </test-method> <!-- setUp -->
        <test-method signature="verifyImageLogoTest()[pri:2, instance:com.younited.qa.testcases.HomePageTest@783a467b]" started-at="2024-07-02T14:37:32 IST" name="verifyImageLogoTest" finished-at="2024-07-02T14:37:48 IST" duration-ms="16328" status="PASS">
          <reporter-output>
          </reporter-output>
        </test-method> <!-- verifyImageLogoTest -->
        <test-method is-config="true" signature="setUp()[pri:0, instance:com.younited.qa.testcases.HomePageTest@783a467b]" started-at="2024-07-02T14:37:48 IST" name="setUp" finished-at="2024-07-02T14:38:35 IST" duration-ms="46607" status="PASS">
          <reporter-output>
          </reporter-output>
        </test-method> <!-- setUp -->
        <test-method is-config="true" signature="tearDown()[pri:0, instance:com.younited.qa.testcases.HomePageTest@783a467b]" started-at="2024-07-02T14:37:48 IST" name="tearDown" finished-at="2024-07-02T14:37:48 IST" duration-ms="0" status="PASS">
          <reporter-output>
          </reporter-output>
        </test-method> <!-- tearDown -->
        <test-method signature="myAssignmentsPage()[pri:3, instance:com.younited.qa.testcases.HomePageTest@783a467b]" started-at="2024-07-02T14:38:35 IST" name="myAssignmentsPage" finished-at="2024-07-02T14:38:57 IST" duration-ms="22341" status="PASS">
          <reporter-output>
          </reporter-output>
        </test-method> <!-- myAssignmentsPage -->
        <test-method is-config="true" signature="tearDown()[pri:0, instance:com.younited.qa.testcases.HomePageTest@783a467b]" started-at="2024-07-02T14:38:57 IST" name="tearDown" finished-at="2024-07-02T14:38:57 IST" duration-ms="0" status="PASS">
          <reporter-output>
          </reporter-output>
        </test-method> <!-- tearDown -->
      </class> <!-- com.younited.qa.testcases.HomePageTest -->
    </test> <!-- Default test -->
  </suite> <!-- Default suite -->
</testng-results>
