<?xml version="1.0" encoding="UTF-8"?>
<testng-results ignored="0" total="1" passed="1" failed="0" skipped="0">
  <reporter-output>
  </reporter-output>
  <suite started-at="2024-12-13T18:51:50 IST" name="Default suite" finished-at="2024-12-13T18:53:25 IST" duration-ms="94862">
    <groups>
    </groups>
    <test started-at="2024-12-13T18:51:50 IST" name="Default test" finished-at="2024-12-13T18:53:25 IST" duration-ms="94862">
      <class name="com.younited.qa.testcases.CheckCommandPageTest">
        <test-method is-config="true" signature="setUp()[pri:0, instance:com.younited.qa.testcases.CheckCommandPageTest@2d52216b]" started-at="2024-12-13T18:51:50 IST" name="setUp" finished-at="2024-12-13T18:53:17 IST" duration-ms="86571" status="PASS">
          <reporter-output>
          </reporter-output>
        </test-method> <!-- setUp -->
        <test-method signature="checkCommandPageTest()[pri:0, instance:com.younited.qa.testcases.CheckCommandPageTest@2d52216b]" started-at="2024-12-13T18:53:17 IST" name="checkCommandPageTest" finished-at="2024-12-13T18:53:25 IST" duration-ms="8053" status="PASS">
          <reporter-output>
          </reporter-output>
        </test-method> <!-- checkCommandPageTest -->
        <test-method is-config="true" signature="tearDown()[pri:0, instance:com.younited.qa.testcases.CheckCommandPageTest@2d52216b]" started-at="2024-12-13T18:53:25 IST" name="tearDown" finished-at="2024-12-13T18:53:25 IST" duration-ms="209" status="PASS">
          <reporter-output>
          </reporter-output>
        </test-method> <!-- tearDown -->
      </class> <!-- com.younited.qa.testcases.CheckCommandPageTest -->
    </test> <!-- Default test -->
  </suite> <!-- Default suite -->
</testng-results>
