<?xml version="1.0" encoding="UTF-8"?>
<testng-results ignored="0" total="1" passed="1" failed="0" skipped="0">
  <reporter-output>
  </reporter-output>
  <suite started-at="2024-04-04T17:48:57 IST" name="Default suite" finished-at="2024-04-04T17:54:33 IST" duration-ms="335253">
    <groups>
    </groups>
    <test started-at="2024-04-04T17:48:57 IST" name="Default test" finished-at="2024-04-04T17:54:33 IST" duration-ms="335253">
      <class name="com.younited.qa.testcases.AssignmentsPageAdminTest">
        <test-method is-config="true" signature="setUp()[pri:0, instance:com.younited.qa.testcases.AssignmentsPageAdminTest@942a29c]" started-at="2024-04-04T17:48:57 IST" name="setUp" finished-at="2024-04-04T17:49:35 IST" duration-ms="37824" status="PASS">
          <reporter-output>
          </reporter-output>
        </test-method> <!-- setUp -->
        <test-method signature="assignmentsPage()[pri:0, instance:com.younited.qa.testcases.AssignmentsPageAdminTest@942a29c]" started-at="2024-04-04T17:49:35 IST" name="assignmentsPage" finished-at="2024-04-04T17:54:32 IST" duration-ms="297164" status="PASS">
          <reporter-output>
          </reporter-output>
        </test-method> <!-- assignmentsPage -->
        <test-method is-config="true" signature="tearDown()[pri:0, instance:com.younited.qa.testcases.AssignmentsPageAdminTest@942a29c]" started-at="2024-04-04T17:54:32 IST" name="tearDown" finished-at="2024-04-04T17:54:33 IST" duration-ms="224" status="PASS">
          <reporter-output>
          </reporter-output>
        </test-method> <!-- tearDown -->
      </class> <!-- com.younited.qa.testcases.AssignmentsPageAdminTest -->
    </test> <!-- Default test -->
  </suite> <!-- Default suite -->
</testng-results>
