<?xml version="1.0" encoding="UTF-8"?>
<testng-results ignored="0" total="1" passed="1" failed="0" skipped="0">
  <reporter-output>
  </reporter-output>
  <suite started-at="2024-09-05T15:47:42 IST" name="Default suite" finished-at="2024-09-05T15:49:27 IST" duration-ms="104970">
    <groups>
    </groups>
    <test started-at="2024-09-05T15:47:42 IST" name="Default test" finished-at="2024-09-05T15:49:27 IST" duration-ms="104970">
      <class name="com.younited.qa.testcases.ManageProfilePageTest">
        <test-method is-config="true" signature="setUp()[pri:0, instance:com.younited.qa.testcases.ManageProfilePageTest@273e7444]" started-at="2024-09-05T15:47:42 IST" name="setUp" finished-at="2024-09-05T15:48:28 IST" duration-ms="46204" status="PASS">
          <reporter-output>
          </reporter-output>
        </test-method> <!-- setUp -->
        <test-method signature="test()[pri:0, instance:com.younited.qa.testcases.ManageProfilePageTest@273e7444]" started-at="2024-09-05T15:48:28 IST" name="test" finished-at="2024-09-05T15:49:27 IST" duration-ms="58483" status="PASS">
          <reporter-output>
          </reporter-output>
        </test-method> <!-- test -->
        <test-method is-config="true" signature="tearDown()[pri:0, instance:com.younited.qa.testcases.ManageProfilePageTest@273e7444]" started-at="2024-09-05T15:49:27 IST" name="tearDown" finished-at="2024-09-05T15:49:27 IST" duration-ms="256" status="PASS">
          <reporter-output>
          </reporter-output>
        </test-method> <!-- tearDown -->
      </class> <!-- com.younited.qa.testcases.ManageProfilePageTest -->
    </test> <!-- Default test -->
  </suite> <!-- Default suite -->
</testng-results>
