<?xml version="1.0" encoding="UTF-8"?>
<testng-results ignored="0" total="3" passed="3" failed="0" skipped="0">
  <reporter-output>
  </reporter-output>
  <suite started-at="2024-02-05T19:48:42 IST" name="Default suite" finished-at="2024-02-05T19:51:05 IST" duration-ms="143429">
    <groups>
    </groups>
    <test started-at="2024-02-05T19:48:42 IST" name="Default test" finished-at="2024-02-05T19:51:05 IST" duration-ms="143429">
      <class name="com.younited.qa.testcases.HomePageTest">
        <test-method is-config="true" signature="setUp()[pri:0, instance:com.younited.qa.testcases.HomePageTest@53aac487]" started-at="2024-02-05T19:48:42 IST" name="setUp" finished-at="2024-02-05T19:49:25 IST" duration-ms="42893" status="PASS">
          <reporter-output>
          </reporter-output>
        </test-method> <!-- setUp -->
        <test-method signature="homePageTitleTest()[pri:1, instance:com.younited.qa.testcases.HomePageTest@53aac487]" started-at="2024-02-05T19:49:25 IST" name="homePageTitleTest" finished-at="2024-02-05T19:49:33 IST" duration-ms="8044" status="PASS">
          <reporter-output>
          </reporter-output>
        </test-method> <!-- homePageTitleTest -->
        <test-method is-config="true" signature="tearDown()[pri:0, instance:com.younited.qa.testcases.HomePageTest@53aac487]" started-at="2024-02-05T19:49:33 IST" name="tearDown" finished-at="2024-02-05T19:49:33 IST" duration-ms="196" status="PASS">
          <reporter-output>
          </reporter-output>
        </test-method> <!-- tearDown -->
        <test-method is-config="true" signature="setUp()[pri:0, instance:com.younited.qa.testcases.HomePageTest@53aac487]" started-at="2024-02-05T19:49:33 IST" name="setUp" finished-at="2024-02-05T19:50:06 IST" duration-ms="33106" status="PASS">
          <reporter-output>
          </reporter-output>
        </test-method> <!-- setUp -->
        <test-method signature="verifyImageLogoTest()[pri:2, instance:com.younited.qa.testcases.HomePageTest@53aac487]" started-at="2024-02-05T19:50:06 IST" name="verifyImageLogoTest" finished-at="2024-02-05T19:50:16 IST" duration-ms="10114" status="PASS">
          <reporter-output>
          </reporter-output>
        </test-method> <!-- verifyImageLogoTest -->
        <test-method is-config="true" signature="tearDown()[pri:0, instance:com.younited.qa.testcases.HomePageTest@53aac487]" started-at="2024-02-05T19:50:16 IST" name="tearDown" finished-at="2024-02-05T19:50:17 IST" duration-ms="180" status="PASS">
          <reporter-output>
          </reporter-output>
        </test-method> <!-- tearDown -->
        <test-method is-config="true" signature="setUp()[pri:0, instance:com.younited.qa.testcases.HomePageTest@53aac487]" started-at="2024-02-05T19:50:17 IST" name="setUp" finished-at="2024-02-05T19:51:01 IST" duration-ms="44588" status="PASS">
          <reporter-output>
          </reporter-output>
        </test-method> <!-- setUp -->
        <test-method signature="clickMyAssignmentsLinkTest()[pri:3, instance:com.younited.qa.testcases.HomePageTest@53aac487]" started-at="2024-02-05T19:51:01 IST" name="clickMyAssignmentsLinkTest" finished-at="2024-02-05T19:51:05 IST" duration-ms="4079" status="PASS">
          <reporter-output>
          </reporter-output>
        </test-method> <!-- clickMyAssignmentsLinkTest -->
        <test-method is-config="true" signature="tearDown()[pri:0, instance:com.younited.qa.testcases.HomePageTest@53aac487]" started-at="2024-02-05T19:51:05 IST" name="tearDown" finished-at="2024-02-05T19:51:05 IST" duration-ms="184" status="PASS">
          <reporter-output>
          </reporter-output>
        </test-method> <!-- tearDown -->
      </class> <!-- com.younited.qa.testcases.HomePageTest -->
    </test> <!-- Default test -->
  </suite> <!-- Default suite -->
</testng-results>
