<?xml version="1.0" encoding="UTF-8"?>
<testng-results ignored="0" total="1" passed="1" failed="0" skipped="0">
  <reporter-output>
  </reporter-output>
  <suite started-at="2024-04-17T19:38:24 IST" name="Default suite" finished-at="2024-04-17T19:43:57 IST" duration-ms="332622">
    <groups>
    </groups>
    <test started-at="2024-04-17T19:38:24 IST" name="Default test" finished-at="2024-04-17T19:43:57 IST" duration-ms="332622">
      <class name="com.younited.qa.testcases.AssignmentsPageFreeTest">
        <test-method is-config="true" signature="setUp()[pri:0, instance:com.younited.qa.testcases.AssignmentsPageFreeTest@942a29c]" started-at="2024-04-17T19:38:24 IST" name="setUp" finished-at="2024-04-17T19:39:00 IST" duration-ms="35871" status="PASS">
          <reporter-output>
          </reporter-output>
        </test-method> <!-- setUp -->
        <test-method signature="clickFiltersTest()[pri:0, instance:com.younited.qa.testcases.AssignmentsPageFreeTest@942a29c]" started-at="2024-04-17T19:39:00 IST" name="clickFiltersTest" finished-at="2024-04-17T19:43:57 IST" duration-ms="296457" status="PASS">
          <reporter-output>
          </reporter-output>
        </test-method> <!-- clickFiltersTest -->
        <test-method is-config="true" signature="tearDown()[pri:0, instance:com.younited.qa.testcases.AssignmentsPageFreeTest@942a29c]" started-at="2024-04-17T19:43:57 IST" name="tearDown" finished-at="2024-04-17T19:43:57 IST" duration-ms="261" status="PASS">
          <reporter-output>
          </reporter-output>
        </test-method> <!-- tearDown -->
      </class> <!-- com.younited.qa.testcases.AssignmentsPageFreeTest -->
    </test> <!-- Default test -->
  </suite> <!-- Default suite -->
</testng-results>
