<?xml version="1.0" encoding="UTF-8"?>
<testng-results ignored="0" total="1" passed="1" failed="0" skipped="0">
  <reporter-output>
  </reporter-output>
  <suite started-at="2024-09-03T19:47:06 IST" name="Default suite" finished-at="2024-09-03T19:48:53 IST" duration-ms="107337">
    <groups>
    </groups>
    <test started-at="2024-09-03T19:47:06 IST" name="Default test" finished-at="2024-09-03T19:48:53 IST" duration-ms="107337">
      <class name="com.younited.qa.testcases.UlogoProfilestatisticsPageTest">
        <test-method is-config="true" signature="setUp()[pri:0, instance:com.younited.qa.testcases.UlogoProfilestatisticsPageTest@273e7444]" started-at="2024-09-03T19:47:06 IST" name="setUp" finished-at="2024-09-03T19:47:54 IST" duration-ms="48122" status="PASS">
          <reporter-output>
          </reporter-output>
        </test-method> <!-- setUp -->
        <test-method signature="UlogoProfilestatisticsPage()[pri:0, instance:com.younited.qa.testcases.UlogoProfilestatisticsPageTest@273e7444]" started-at="2024-09-03T19:47:54 IST" name="UlogoProfilestatisticsPage" finished-at="2024-09-03T19:48:53 IST" duration-ms="58927" status="PASS">
          <reporter-output>
          </reporter-output>
        </test-method> <!-- UlogoProfilestatisticsPage -->
        <test-method is-config="true" signature="tearDown()[pri:0, instance:com.younited.qa.testcases.UlogoProfilestatisticsPageTest@273e7444]" started-at="2024-09-03T19:48:53 IST" name="tearDown" finished-at="2024-09-03T19:48:53 IST" duration-ms="252" status="PASS">
          <reporter-output>
          </reporter-output>
        </test-method> <!-- tearDown -->
      </class> <!-- com.younited.qa.testcases.UlogoProfilestatisticsPageTest -->
    </test> <!-- Default test -->
  </suite> <!-- Default suite -->
</testng-results>
