<?xml version="1.0" encoding="UTF-8"?>
<testng-results ignored="0" total="1" passed="1" failed="0" skipped="0">
  <reporter-output>
  </reporter-output>
  <suite started-at="2024-01-22T18:39:04 IST" name="Default suite" finished-at="2024-01-22T18:40:25 IST" duration-ms="81025">
    <groups>
    </groups>
    <test started-at="2024-01-22T18:39:04 IST" name="Default test" finished-at="2024-01-22T18:40:25 IST" duration-ms="81025">
      <class name="com.younited.qa.testcases.UlogoNativeAssignmentsPageTest">
        <test-method is-config="true" signature="setUp()[pri:0, instance:com.younited.qa.testcases.UlogoNativeAssignmentsPageTest@72e5a8e]" started-at="2024-01-22T18:39:04 IST" name="setUp" finished-at="2024-01-22T18:39:52 IST" duration-ms="48060" status="PASS">
          <reporter-output>
          </reporter-output>
        </test-method> <!-- setUp -->
        <test-method signature="UlogoNativeAssignmentsPage()[pri:0, instance:com.younited.qa.testcases.UlogoNativeAssignmentsPageTest@72e5a8e]" started-at="2024-01-22T18:39:52 IST" name="UlogoNativeAssignmentsPage" finished-at="2024-01-22T18:40:25 IST" duration-ms="32924" status="PASS">
          <reporter-output>
          </reporter-output>
        </test-method> <!-- UlogoNativeAssignmentsPage -->
        <test-method is-config="true" signature="tearDown()[pri:0, instance:com.younited.qa.testcases.UlogoNativeAssignmentsPageTest@72e5a8e]" started-at="2024-01-22T18:40:25 IST" name="tearDown" finished-at="2024-01-22T18:40:25 IST" duration-ms="0" status="PASS">
          <reporter-output>
          </reporter-output>
        </test-method> <!-- tearDown -->
      </class> <!-- com.younited.qa.testcases.UlogoNativeAssignmentsPageTest -->
    </test> <!-- Default test -->
  </suite> <!-- Default suite -->
</testng-results>
