<?xml version="1.0" encoding="UTF-8"?>
<testng-results ignored="0" total="1" passed="1" failed="0" skipped="0">
  <reporter-output>
  </reporter-output>
  <suite started-at="2024-04-03T15:25:36 IST" name="Default suite" finished-at="2024-04-03T15:29:54 IST" duration-ms="258484">
    <groups>
    </groups>
    <test started-at="2024-04-03T15:25:36 IST" name="Default test" finished-at="2024-04-03T15:29:54 IST" duration-ms="258484">
      <class name="com.younited.qa.testcases.ManageProfilePageFreeTest">
        <test-method is-config="true" signature="setUp()[pri:0, instance:com.younited.qa.testcases.ManageProfilePageFreeTest@273e7444]" started-at="2024-04-03T15:25:36 IST" name="setUp" finished-at="2024-04-03T15:26:22 IST" duration-ms="45754" status="PASS">
          <reporter-output>
          </reporter-output>
        </test-method> <!-- setUp -->
        <test-method signature="test()[pri:0, instance:com.younited.qa.testcases.ManageProfilePageFreeTest@273e7444]" started-at="2024-04-03T15:26:22 IST" name="test" finished-at="2024-04-03T15:29:54 IST" duration-ms="212702" status="PASS">
          <reporter-output>
          </reporter-output>
        </test-method> <!-- test -->
        <test-method is-config="true" signature="tearDown()[pri:0, instance:com.younited.qa.testcases.ManageProfilePageFreeTest@273e7444]" started-at="2024-04-03T15:29:54 IST" name="tearDown" finished-at="2024-04-03T15:29:54 IST" duration-ms="0" status="PASS">
          <reporter-output>
          </reporter-output>
        </test-method> <!-- tearDown -->
      </class> <!-- com.younited.qa.testcases.ManageProfilePageFreeTest -->
    </test> <!-- Default test -->
  </suite> <!-- Default suite -->
</testng-results>
