<?xml version="1.0" encoding="UTF-8"?>
<testng-results ignored="0" total="1" passed="1" failed="0" skipped="0">
  <reporter-output>
  </reporter-output>
  <suite started-at="2024-06-18T18:56:59 IST" name="Default suite" finished-at="2024-06-18T18:59:38 IST" duration-ms="159698">
    <groups>
    </groups>
    <test started-at="2024-06-18T18:56:59 IST" name="Default test" finished-at="2024-06-18T18:59:38 IST" duration-ms="159698">
      <class name="com.younited.qa.testcases.CommunityPageAdminTest">
        <test-method is-config="true" signature="setUp()[pri:0, instance:com.younited.qa.testcases.CommunityPageAdminTest@273e7444]" started-at="2024-06-18T18:56:59 IST" name="setUp" finished-at="2024-06-18T18:57:54 IST" duration-ms="55267" status="PASS">
          <reporter-output>
          </reporter-output>
        </test-method> <!-- setUp -->
        <test-method signature="community()[pri:0, instance:com.younited.qa.testcases.CommunityPageAdminTest@273e7444]" started-at="2024-06-18T18:57:54 IST" name="community" finished-at="2024-06-18T18:59:38 IST" duration-ms="104164" status="PASS">
          <reporter-output>
          </reporter-output>
        </test-method> <!-- community -->
        <test-method is-config="true" signature="tearDown()[pri:0, instance:com.younited.qa.testcases.CommunityPageAdminTest@273e7444]" started-at="2024-06-18T18:59:38 IST" name="tearDown" finished-at="2024-06-18T18:59:38 IST" duration-ms="251" status="PASS">
          <reporter-output>
          </reporter-output>
        </test-method> <!-- tearDown -->
      </class> <!-- com.younited.qa.testcases.CommunityPageAdminTest -->
    </test> <!-- Default test -->
  </suite> <!-- Default suite -->
</testng-results>
