<?xml version="1.0" encoding="UTF-8"?>
<testng-results ignored="0" total="1" passed="1" failed="0" skipped="0">
  <reporter-output>
  </reporter-output>
  <suite started-at="2024-05-29T15:07:35 IST" name="Default suite" finished-at="2024-05-29T15:10:52 IST" duration-ms="196694">
    <groups>
    </groups>
    <test started-at="2024-05-29T15:07:35 IST" name="Default test" finished-at="2024-05-29T15:10:52 IST" duration-ms="196694">
      <class name="com.younited.qa.testcases.CompleteAssignmentTest">
        <test-method is-config="true" signature="setUp()[pri:0, instance:com.younited.qa.testcases.CompleteAssignmentTest@273e7444]" started-at="2024-05-29T15:07:35 IST" name="setUp" finished-at="2024-05-29T15:08:58 IST" duration-ms="82981" status="PASS">
          <reporter-output>
          </reporter-output>
        </test-method> <!-- setUp -->
        <test-method signature="completeAssignmentTest()[pri:0, instance:com.younited.qa.testcases.CompleteAssignmentTest@273e7444]" started-at="2024-05-29T15:08:58 IST" name="completeAssignmentTest" finished-at="2024-05-29T15:10:52 IST" duration-ms="113696" status="PASS">
          <reporter-output>
          </reporter-output>
        </test-method> <!-- completeAssignmentTest -->
        <test-method is-config="true" signature="tearDown()[pri:0, instance:com.younited.qa.testcases.CompleteAssignmentTest@273e7444]" started-at="2024-05-29T15:10:52 IST" name="tearDown" finished-at="2024-05-29T15:10:52 IST" duration-ms="0" status="PASS">
          <reporter-output>
          </reporter-output>
        </test-method> <!-- tearDown -->
      </class> <!-- com.younited.qa.testcases.CompleteAssignmentTest -->
    </test> <!-- Default test -->
  </suite> <!-- Default suite -->
</testng-results>
