<?xml version="1.0" encoding="UTF-8"?>
<testng-results ignored="0" total="1" passed="1" failed="0" skipped="0">
  <reporter-output>
  </reporter-output>
  <suite started-at="2024-12-16T18:20:18 IST" name="Default suite" finished-at="2024-12-16T18:23:13 IST" duration-ms="175515">
    <groups>
    </groups>
    <test started-at="2024-12-16T18:20:18 IST" name="Default test" finished-at="2024-12-16T18:23:13 IST" duration-ms="175515">
      <class name="com.younited.qa.testcases.UlogoAddIntermediaryPageTest">
        <test-method is-config="true" signature="setUp()[pri:0, instance:com.younited.qa.testcases.UlogoAddIntermediaryPageTest@2d52216b]" started-at="2024-12-16T18:20:18 IST" name="setUp" finished-at="2024-12-16T18:21:30 IST" duration-ms="71839" status="PASS">
          <reporter-output>
          </reporter-output>
        </test-method> <!-- setUp -->
        <test-method signature="test()[pri:0, instance:com.younited.qa.testcases.UlogoAddIntermediaryPageTest@2d52216b]" started-at="2024-12-16T18:21:30 IST" name="test" finished-at="2024-12-16T18:23:13 IST" duration-ms="103329" status="PASS">
          <reporter-output>
          </reporter-output>
        </test-method> <!-- test -->
        <test-method is-config="true" signature="tearDown()[pri:0, instance:com.younited.qa.testcases.UlogoAddIntermediaryPageTest@2d52216b]" started-at="2024-12-16T18:23:13 IST" name="tearDown" finished-at="2024-12-16T18:23:13 IST" duration-ms="329" status="PASS">
          <reporter-output>
          </reporter-output>
        </test-method> <!-- tearDown -->
      </class> <!-- com.younited.qa.testcases.UlogoAddIntermediaryPageTest -->
    </test> <!-- Default test -->
  </suite> <!-- Default suite -->
</testng-results>
