<?xml version="1.0" encoding="UTF-8"?>
<testng-results ignored="0" total="1" passed="1" failed="0" skipped="0">
  <reporter-output>
  </reporter-output>
  <suite started-at="2024-03-20T12:56:51 IST" name="Default suite" finished-at="2024-03-20T13:01:53 IST" duration-ms="302440">
    <groups>
    </groups>
    <test started-at="2024-03-20T12:56:51 IST" name="Default test" finished-at="2024-03-20T13:01:53 IST" duration-ms="302440">
      <class name="com.younited.qa.testcases.AssignmentsPageAdminTest">
        <test-method is-config="true" signature="setUp()[pri:0, instance:com.younited.qa.testcases.AssignmentsPageAdminTest@2d52216b]" started-at="2024-03-20T12:56:51 IST" name="setUp" finished-at="2024-03-20T12:57:29 IST" duration-ms="38382" status="PASS">
          <reporter-output>
          </reporter-output>
        </test-method> <!-- setUp -->
        <test-method signature="assignmentsPage()[pri:0, instance:com.younited.qa.testcases.AssignmentsPageAdminTest@2d52216b]" started-at="2024-03-20T12:57:29 IST" name="assignmentsPage" finished-at="2024-03-20T13:01:53 IST" duration-ms="263583" status="PASS">
          <reporter-output>
          </reporter-output>
        </test-method> <!-- assignmentsPage -->
        <test-method is-config="true" signature="tearDown()[pri:0, instance:com.younited.qa.testcases.AssignmentsPageAdminTest@2d52216b]" started-at="2024-03-20T13:01:53 IST" name="tearDown" finished-at="2024-03-20T13:01:53 IST" duration-ms="434" status="PASS">
          <reporter-output>
          </reporter-output>
        </test-method> <!-- tearDown -->
      </class> <!-- com.younited.qa.testcases.AssignmentsPageAdminTest -->
    </test> <!-- Default test -->
  </suite> <!-- Default suite -->
</testng-results>
