<?xml version="1.0" encoding="UTF-8"?>
<testng-results ignored="0" total="1" passed="1" failed="0" skipped="0">
  <reporter-output>
  </reporter-output>
  <suite started-at="2024-08-29T20:07:15 IST" name="Default suite" finished-at="2024-08-29T20:10:30 IST" duration-ms="194696">
    <groups>
    </groups>
    <test started-at="2024-08-29T20:07:15 IST" name="Default test" finished-at="2024-08-29T20:10:30 IST" duration-ms="194696">
      <class name="com.younited.qa.testcases.UlogoMyprofilePageTest">
        <test-method is-config="true" signature="setUp()[pri:0, instance:com.younited.qa.testcases.UlogoMyprofilePageTest@273e7444]" started-at="2024-08-29T20:07:15 IST" name="setUp" finished-at="2024-08-29T20:07:53 IST" duration-ms="38408" status="PASS">
          <reporter-output>
          </reporter-output>
        </test-method> <!-- setUp -->
        <test-method signature="UlogoMyProfilePage()[pri:0, instance:com.younited.qa.testcases.UlogoMyprofilePageTest@273e7444]" started-at="2024-08-29T20:07:53 IST" name="UlogoMyProfilePage" finished-at="2024-08-29T20:10:29 IST" duration-ms="155912" status="PASS">
          <reporter-output>
          </reporter-output>
        </test-method> <!-- UlogoMyProfilePage -->
        <test-method is-config="true" signature="tearDown()[pri:0, instance:com.younited.qa.testcases.UlogoMyprofilePageTest@273e7444]" started-at="2024-08-29T20:10:29 IST" name="tearDown" finished-at="2024-08-29T20:10:30 IST" duration-ms="344" status="PASS">
          <reporter-output>
          </reporter-output>
        </test-method> <!-- tearDown -->
      </class> <!-- com.younited.qa.testcases.UlogoMyprofilePageTest -->
    </test> <!-- Default test -->
  </suite> <!-- Default suite -->
</testng-results>
