<?xml version="1.0" encoding="UTF-8"?>
<testng-results ignored="0" total="1" passed="1" failed="0" skipped="0">
  <reporter-output>
  </reporter-output>
  <suite started-at="2024-11-12T17:28:52 IST" name="Default suite" finished-at="2024-11-12T17:33:49 IST" duration-ms="296361">
    <groups>
    </groups>
    <test started-at="2024-11-12T17:28:52 IST" name="Default test" finished-at="2024-11-12T17:33:49 IST" duration-ms="296361">
      <class name="com.younited.qa.testcases.RegisteredWizardTest">
        <test-method is-config="true" signature="setUp()[pri:0, instance:com.younited.qa.testcases.RegisteredWizardTest@2d52216b]" started-at="2024-11-12T17:28:52 IST" name="setUp" finished-at="2024-11-12T17:28:57 IST" duration-ms="4721" status="PASS">
          <reporter-output>
          </reporter-output>
        </test-method> <!-- setUp -->
        <test-method signature="test()[pri:0, instance:com.younited.qa.testcases.RegisteredWizardTest@2d52216b]" started-at="2024-11-12T17:28:57 IST" name="test" finished-at="2024-11-12T17:33:48 IST" duration-ms="291356" status="PASS">
          <reporter-output>
          </reporter-output>
        </test-method> <!-- test -->
        <test-method is-config="true" signature="tearDown()[pri:0, instance:com.younited.qa.testcases.RegisteredWizardTest@2d52216b]" started-at="2024-11-12T17:33:48 IST" name="tearDown" finished-at="2024-11-12T17:33:49 IST" duration-ms="257" status="PASS">
          <reporter-output>
          </reporter-output>
        </test-method> <!-- tearDown -->
      </class> <!-- com.younited.qa.testcases.RegisteredWizardTest -->
    </test> <!-- Default test -->
  </suite> <!-- Default suite -->
</testng-results>
