<?xml version="1.0" encoding="UTF-8"?>
<testng-results ignored="0" total="1" passed="1" failed="0" skipped="0">
  <reporter-output>
  </reporter-output>
  <suite started-at="2024-09-12T20:02:45 IST" name="Default suite" finished-at="2024-09-12T20:06:42 IST" duration-ms="237341">
    <groups>
    </groups>
    <test started-at="2024-09-12T20:02:45 IST" name="Default test" finished-at="2024-09-12T20:06:42 IST" duration-ms="237341">
      <class name="com.younited.qa.testcases.DeleteUserRequestFlowTest">
        <test-method is-config="true" signature="setUp()[pri:0, instance:com.younited.qa.testcases.DeleteUserRequestFlowTest@273e7444]" started-at="2024-09-12T20:02:45 IST" name="setUp" finished-at="2024-09-12T20:02:50 IST" duration-ms="5337" status="PASS">
          <reporter-output>
          </reporter-output>
        </test-method> <!-- setUp -->
        <test-method signature="test()[pri:0, instance:com.younited.qa.testcases.DeleteUserRequestFlowTest@273e7444]" started-at="2024-09-12T20:02:50 IST" name="test" finished-at="2024-09-12T20:06:42 IST" duration-ms="231720" status="PASS">
          <reporter-output>
          </reporter-output>
        </test-method> <!-- test -->
        <test-method is-config="true" signature="tearDown()[pri:0, instance:com.younited.qa.testcases.DeleteUserRequestFlowTest@273e7444]" started-at="2024-09-12T20:06:42 IST" name="tearDown" finished-at="2024-09-12T20:06:42 IST" duration-ms="259" status="PASS">
          <reporter-output>
          </reporter-output>
        </test-method> <!-- tearDown -->
      </class> <!-- com.younited.qa.testcases.DeleteUserRequestFlowTest -->
    </test> <!-- Default test -->
  </suite> <!-- Default suite -->
</testng-results>
