<?xml version="1.0" encoding="UTF-8"?>
<testng-results ignored="0" total="1" passed="1" failed="0" skipped="0">
  <reporter-output>
  </reporter-output>
  <suite started-at="2024-07-02T12:17:07 IST" name="Default suite" finished-at="2024-07-02T12:18:30 IST" duration-ms="82952">
    <groups>
    </groups>
    <test started-at="2024-07-02T12:17:07 IST" name="Default test" finished-at="2024-07-02T12:18:30 IST" duration-ms="82952">
      <class name="com.younited.qa.testcases.ManageProfilePageTest">
        <test-method is-config="true" signature="setUp()[pri:0, instance:com.younited.qa.testcases.ManageProfilePageTest@273e7444]" started-at="2024-07-02T12:17:07 IST" name="setUp" finished-at="2024-07-02T12:17:59 IST" duration-ms="52258" status="PASS">
          <reporter-output>
          </reporter-output>
        </test-method> <!-- setUp -->
        <test-method signature="test()[pri:0, instance:com.younited.qa.testcases.ManageProfilePageTest@273e7444]" started-at="2024-07-02T12:17:59 IST" name="test" finished-at="2024-07-02T12:18:30 IST" duration-ms="30656" status="PASS">
          <reporter-output>
          </reporter-output>
        </test-method> <!-- test -->
        <test-method is-config="true" signature="tearDown()[pri:0, instance:com.younited.qa.testcases.ManageProfilePageTest@273e7444]" started-at="2024-07-02T12:18:30 IST" name="tearDown" finished-at="2024-07-02T12:18:30 IST" duration-ms="0" status="PASS">
          <reporter-output>
          </reporter-output>
        </test-method> <!-- tearDown -->
      </class> <!-- com.younited.qa.testcases.ManageProfilePageTest -->
    </test> <!-- Default test -->
  </suite> <!-- Default suite -->
</testng-results>
