<?xml version="1.0" encoding="UTF-8"?>
<testng-results ignored="0" total="1" passed="1" failed="0" skipped="0">
  <reporter-output>
  </reporter-output>
  <suite started-at="2024-10-04T19:30:26 IST" name="Default suite" finished-at="2024-10-04T19:36:56 IST" duration-ms="389223">
    <groups>
    </groups>
    <test started-at="2024-10-04T19:30:26 IST" name="Default test" finished-at="2024-10-04T19:36:56 IST" duration-ms="389223">
      <class name="com.younited.qa.testcases.AssignmentsPageFreeTest">
        <test-method is-config="true" signature="setUp()[pri:0, instance:com.younited.qa.testcases.AssignmentsPageFreeTest@942a29c]" started-at="2024-10-04T19:30:26 IST" name="setUp" finished-at="2024-10-04T19:31:01 IST" duration-ms="34631" status="PASS">
          <reporter-output>
          </reporter-output>
        </test-method> <!-- setUp -->
        <test-method signature="clickFiltersTest()[pri:0, instance:com.younited.qa.testcases.AssignmentsPageFreeTest@942a29c]" started-at="2024-10-04T19:31:01 IST" name="clickFiltersTest" finished-at="2024-10-04T19:36:56 IST" duration-ms="354573" status="PASS">
          <reporter-output>
          </reporter-output>
        </test-method> <!-- clickFiltersTest -->
        <test-method is-config="true" signature="tearDown()[pri:0, instance:com.younited.qa.testcases.AssignmentsPageFreeTest@942a29c]" started-at="2024-10-04T19:36:56 IST" name="tearDown" finished-at="2024-10-04T19:36:56 IST" duration-ms="0" status="PASS">
          <reporter-output>
          </reporter-output>
        </test-method> <!-- tearDown -->
      </class> <!-- com.younited.qa.testcases.AssignmentsPageFreeTest -->
    </test> <!-- Default test -->
  </suite> <!-- Default suite -->
</testng-results>
