<?xml version="1.0" encoding="UTF-8"?>
<testng-results ignored="0" total="1" passed="1" failed="0" skipped="0">
  <reporter-output>
  </reporter-output>
  <suite started-at="2025-01-09T19:12:40 IST" name="Default suite" finished-at="2025-01-09T19:13:39 IST" duration-ms="58293">
    <groups>
    </groups>
    <test started-at="2025-01-09T19:12:40 IST" name="Default test" finished-at="2025-01-09T19:13:39 IST" duration-ms="58293">
      <class name="com.younited.qa.testcases.UlogoDeleteRequestsPageTest">
        <test-method is-config="true" signature="setUp()[pri:0, instance:com.younited.qa.testcases.UlogoDeleteRequestsPageTest@2d52216b]" started-at="2025-01-09T19:12:40 IST" name="setUp" finished-at="2025-01-09T19:13:18 IST" duration-ms="37654" status="PASS">
          <reporter-output>
          </reporter-output>
        </test-method> <!-- setUp -->
        <test-method signature="test()[pri:0, instance:com.younited.qa.testcases.UlogoDeleteRequestsPageTest@2d52216b]" started-at="2025-01-09T19:13:18 IST" name="test" finished-at="2025-01-09T19:13:38 IST" duration-ms="20411" status="PASS">
          <reporter-output>
          </reporter-output>
        </test-method> <!-- test -->
        <test-method is-config="true" signature="tearDown()[pri:0, instance:com.younited.qa.testcases.UlogoDeleteRequestsPageTest@2d52216b]" started-at="2025-01-09T19:13:38 IST" name="tearDown" finished-at="2025-01-09T19:13:39 IST" duration-ms="192" status="PASS">
          <reporter-output>
          </reporter-output>
        </test-method> <!-- tearDown -->
      </class> <!-- com.younited.qa.testcases.UlogoDeleteRequestsPageTest -->
    </test> <!-- Default test -->
  </suite> <!-- Default suite -->
</testng-results>
