<?xml version="1.0" encoding="UTF-8"?>
<testng-results ignored="0" total="1" passed="1" failed="0" skipped="0">
  <reporter-output>
  </reporter-output>
  <suite started-at="2025-01-20T19:45:14 IST" name="Default suite" finished-at="2025-01-20T19:47:36 IST" duration-ms="142261">
    <groups>
    </groups>
    <test started-at="2025-01-20T19:45:14 IST" name="Default test" finished-at="2025-01-20T19:47:36 IST" duration-ms="142261">
      <class name="com.younited.qa.testcases.UlogoIntermediaryPageTest">
        <test-method is-config="true" signature="setUp()[pri:0, instance:com.younited.qa.testcases.UlogoIntermediaryPageTest@2d52216b]" started-at="2025-01-20T19:45:14 IST" name="setUp" finished-at="2025-01-20T19:46:47 IST" duration-ms="93506" status="PASS">
          <reporter-output>
          </reporter-output>
        </test-method> <!-- setUp -->
        <test-method signature="test()[pri:0, instance:com.younited.qa.testcases.UlogoIntermediaryPageTest@2d52216b]" started-at="2025-01-20T19:46:47 IST" name="test" finished-at="2025-01-20T19:47:36 IST" duration-ms="48508" status="PASS">
          <reporter-output>
          </reporter-output>
        </test-method> <!-- test -->
        <test-method is-config="true" signature="tearDown()[pri:0, instance:com.younited.qa.testcases.UlogoIntermediaryPageTest@2d52216b]" started-at="2025-01-20T19:47:36 IST" name="tearDown" finished-at="2025-01-20T19:47:36 IST" duration-ms="216" status="PASS">
          <reporter-output>
          </reporter-output>
        </test-method> <!-- tearDown -->
      </class> <!-- com.younited.qa.testcases.UlogoIntermediaryPageTest -->
    </test> <!-- Default test -->
  </suite> <!-- Default suite -->
</testng-results>
