<?xml version="1.0" encoding="UTF-8"?>
<testng-results ignored="0" total="1" passed="1" failed="0" skipped="0">
  <reporter-output>
  </reporter-output>
  <suite started-at="2024-02-06T12:02:10 IST" name="Default suite" finished-at="2024-02-06T12:04:38 IST" duration-ms="148056">
    <groups>
    </groups>
    <test started-at="2024-02-06T12:02:10 IST" name="Default test" finished-at="2024-02-06T12:04:38 IST" duration-ms="148056">
      <class name="com.younited.qa.testcases.BusinessesPageFreeTest">
        <test-method is-config="true" signature="setUp()[pri:0, instance:com.younited.qa.testcases.BusinessesPageFreeTest@72e5a8e]" started-at="2024-02-06T12:02:10 IST" name="setUp" finished-at="2024-02-06T12:03:29 IST" duration-ms="79153" status="PASS">
          <reporter-output>
          </reporter-output>
        </test-method> <!-- setUp -->
        <test-method signature="businessesPageFree()[pri:0, instance:com.younited.qa.testcases.BusinessesPageFreeTest@72e5a8e]" started-at="2024-02-06T12:03:29 IST" name="businessesPageFree" finished-at="2024-02-06T12:04:38 IST" duration-ms="68824" status="PASS">
          <reporter-output>
          </reporter-output>
        </test-method> <!-- businessesPageFree -->
        <test-method is-config="true" signature="tearDown()[pri:0, instance:com.younited.qa.testcases.BusinessesPageFreeTest@72e5a8e]" started-at="2024-02-06T12:04:38 IST" name="tearDown" finished-at="2024-02-06T12:04:38 IST" duration-ms="8" status="PASS">
          <reporter-output>
          </reporter-output>
        </test-method> <!-- tearDown -->
      </class> <!-- com.younited.qa.testcases.BusinessesPageFreeTest -->
    </test> <!-- Default test -->
  </suite> <!-- Default suite -->
</testng-results>
