<?xml version="1.0" encoding="UTF-8"?>
<testng-results ignored="0" total="1" passed="1" failed="0" skipped="0">
  <reporter-output>
  </reporter-output>
  <suite started-at="2024-05-28T12:12:21 IST" name="Default suite" finished-at="2024-05-28T12:13:18 IST" duration-ms="56159">
    <groups>
    </groups>
    <test started-at="2024-05-28T12:12:21 IST" name="Default test" finished-at="2024-05-28T12:13:18 IST" duration-ms="56159">
      <class name="com.younited.qa.testcases.UlogoMynotificationsPageTest">
        <test-method is-config="true" signature="setUp()[pri:0, instance:com.younited.qa.testcases.UlogoMynotificationsPageTest@273e7444]" started-at="2024-05-28T12:12:21 IST" name="setUp" finished-at="2024-05-28T12:13:09 IST" duration-ms="47461" status="PASS">
          <reporter-output>
          </reporter-output>
        </test-method> <!-- setUp -->
        <test-method signature="myNotificationsPage()[pri:0, instance:com.younited.qa.testcases.UlogoMynotificationsPageTest@273e7444]" started-at="2024-05-28T12:13:09 IST" name="myNotificationsPage" finished-at="2024-05-28T12:13:17 IST" duration-ms="8179" status="PASS">
          <reporter-output>
          </reporter-output>
        </test-method> <!-- myNotificationsPage -->
        <test-method is-config="true" signature="tearDown()[pri:0, instance:com.younited.qa.testcases.UlogoMynotificationsPageTest@273e7444]" started-at="2024-05-28T12:13:17 IST" name="tearDown" finished-at="2024-05-28T12:13:18 IST" duration-ms="394" status="PASS">
          <reporter-output>
          </reporter-output>
        </test-method> <!-- tearDown -->
      </class> <!-- com.younited.qa.testcases.UlogoMynotificationsPageTest -->
    </test> <!-- Default test -->
  </suite> <!-- Default suite -->
</testng-results>
