<?xml version="1.0" encoding="UTF-8"?>
<testng-results ignored="0" total="1" passed="1" failed="0" skipped="0">
  <reporter-output>
  </reporter-output>
  <suite started-at="2024-11-14T12:49:21 IST" name="Default suite" finished-at="2024-11-14T12:52:00 IST" duration-ms="159506">
    <groups>
    </groups>
    <test started-at="2024-11-14T12:49:21 IST" name="Default test" finished-at="2024-11-14T12:52:00 IST" duration-ms="159506">
      <class name="com.younited.qa.testcases.UlogoIntAddNewCompanyPageTest">
        <test-method is-config="true" signature="setUp()[pri:0, instance:com.younited.qa.testcases.UlogoIntAddNewCompanyPageTest@273e7444]" started-at="2024-11-14T12:49:21 IST" name="setUp" finished-at="2024-11-14T12:50:27 IST" duration-ms="66401" status="PASS">
          <reporter-output>
          </reporter-output>
        </test-method> <!-- setUp -->
        <test-method signature="test()[pri:0, instance:com.younited.qa.testcases.UlogoIntAddNewCompanyPageTest@273e7444]" started-at="2024-11-14T12:50:27 IST" name="test" finished-at="2024-11-14T12:52:00 IST" duration-ms="92851" status="PASS">
          <reporter-output>
          </reporter-output>
        </test-method> <!-- test -->
        <test-method is-config="true" signature="tearDown()[pri:0, instance:com.younited.qa.testcases.UlogoIntAddNewCompanyPageTest@273e7444]" started-at="2024-11-14T12:52:00 IST" name="tearDown" finished-at="2024-11-14T12:52:00 IST" duration-ms="238" status="PASS">
          <reporter-output>
          </reporter-output>
        </test-method> <!-- tearDown -->
      </class> <!-- com.younited.qa.testcases.UlogoIntAddNewCompanyPageTest -->
    </test> <!-- Default test -->
  </suite> <!-- Default suite -->
</testng-results>
