<?xml version="1.0" encoding="UTF-8"?>
<testng-results ignored="0" total="1" passed="1" failed="0" skipped="0">
  <reporter-output>
  </reporter-output>
  <suite started-at="2024-10-09T14:50:22 IST" name="Default suite" finished-at="2024-10-09T14:52:43 IST" duration-ms="140767">
    <groups>
    </groups>
    <test started-at="2024-10-09T14:50:22 IST" name="Default test" finished-at="2024-10-09T14:52:43 IST" duration-ms="140767">
      <class name="com.younited.qa.testcases.UlogoIntAddNewUserPageTest">
        <test-method is-config="true" signature="setUp()[pri:0, instance:com.younited.qa.testcases.UlogoIntAddNewUserPageTest@273e7444]" started-at="2024-10-09T14:50:22 IST" name="setUp" finished-at="2024-10-09T14:51:07 IST" duration-ms="45313" status="PASS">
          <reporter-output>
          </reporter-output>
        </test-method> <!-- setUp -->
        <test-method signature="test()[pri:0, instance:com.younited.qa.testcases.UlogoIntAddNewUserPageTest@273e7444]" started-at="2024-10-09T14:51:07 IST" name="test" finished-at="2024-10-09T14:52:42 IST" duration-ms="95170" status="PASS">
          <reporter-output>
          </reporter-output>
        </test-method> <!-- test -->
        <test-method is-config="true" signature="tearDown()[pri:0, instance:com.younited.qa.testcases.UlogoIntAddNewUserPageTest@273e7444]" started-at="2024-10-09T14:52:42 IST" name="tearDown" finished-at="2024-10-09T14:52:43 IST" duration-ms="257" status="PASS">
          <reporter-output>
          </reporter-output>
        </test-method> <!-- tearDown -->
      </class> <!-- com.younited.qa.testcases.UlogoIntAddNewUserPageTest -->
    </test> <!-- Default test -->
  </suite> <!-- Default suite -->
</testng-results>
