<?xml version="1.0" encoding="UTF-8"?>
<testng-results ignored="0" total="1" passed="1" failed="0" skipped="0">
  <reporter-output>
  </reporter-output>
  <suite started-at="2024-12-13T16:53:50 IST" name="Default suite" finished-at="2024-12-13T16:54:48 IST" duration-ms="57838">
    <groups>
    </groups>
    <test started-at="2024-12-13T16:53:50 IST" name="Default test" finished-at="2024-12-13T16:54:48 IST" duration-ms="57838">
      <class name="com.younited.qa.testcases.MycompanyPageFreeTest">
        <test-method is-config="true" signature="setUp()[pri:0, instance:com.younited.qa.testcases.MycompanyPageFreeTest@2d52216b]" started-at="2024-12-13T16:53:50 IST" name="setUp" finished-at="2024-12-13T16:54:34 IST" duration-ms="43416" status="PASS">
          <reporter-output>
          </reporter-output>
        </test-method> <!-- setUp -->
        <test-method signature="myCompanyPageFreeTest()[pri:0, instance:com.younited.qa.testcases.MycompanyPageFreeTest@2d52216b]" started-at="2024-12-13T16:54:34 IST" name="myCompanyPageFreeTest" finished-at="2024-12-13T16:54:48 IST" duration-ms="14182" status="PASS">
          <reporter-output>
          </reporter-output>
        </test-method> <!-- myCompanyPageFreeTest -->
        <test-method is-config="true" signature="tearDown()[pri:0, instance:com.younited.qa.testcases.MycompanyPageFreeTest@2d52216b]" started-at="2024-12-13T16:54:48 IST" name="tearDown" finished-at="2024-12-13T16:54:48 IST" duration-ms="213" status="PASS">
          <reporter-output>
          </reporter-output>
        </test-method> <!-- tearDown -->
      </class> <!-- com.younited.qa.testcases.MycompanyPageFreeTest -->
    </test> <!-- Default test -->
  </suite> <!-- Default suite -->
</testng-results>
