<?xml version="1.0" encoding="UTF-8"?>
<testng-results ignored="0" total="1" passed="1" failed="0" skipped="0">
  <reporter-output>
  </reporter-output>
  <suite started-at="2024-08-08T14:49:56 IST" name="Default suite" finished-at="2024-08-08T14:51:14 IST" duration-ms="77893">
    <groups>
    </groups>
    <test started-at="2024-08-08T14:49:56 IST" name="Default test" finished-at="2024-08-08T14:51:14 IST" duration-ms="77893">
      <class name="com.younited.qa.testcases.MyReactionsPageTest">
        <test-method is-config="true" signature="setUp()[pri:0, instance:com.younited.qa.testcases.MyReactionsPageTest@273e7444]" started-at="2024-08-08T14:49:56 IST" name="setUp" finished-at="2024-08-08T14:50:40 IST" duration-ms="43787" status="PASS">
          <reporter-output>
          </reporter-output>
        </test-method> <!-- setUp -->
        <test-method signature="test()[pri:0, instance:com.younited.qa.testcases.MyReactionsPageTest@273e7444]" started-at="2024-08-08T14:50:40 IST" name="test" finished-at="2024-08-08T14:51:14 IST" duration-ms="34077" status="PASS">
          <reporter-output>
          </reporter-output>
        </test-method> <!-- test -->
        <test-method is-config="true" signature="tearDown()[pri:0, instance:com.younited.qa.testcases.MyReactionsPageTest@273e7444]" started-at="2024-08-08T14:51:14 IST" name="tearDown" finished-at="2024-08-08T14:51:14 IST" duration-ms="0" status="PASS">
          <reporter-output>
          </reporter-output>
        </test-method> <!-- tearDown -->
      </class> <!-- com.younited.qa.testcases.MyReactionsPageTest -->
    </test> <!-- Default test -->
  </suite> <!-- Default suite -->
</testng-results>
