<?xml version="1.0" encoding="UTF-8"?>
<testng-results ignored="0" total="3" passed="3" failed="0" skipped="0">
  <reporter-output>
  </reporter-output>
  <suite started-at="2024-12-13T19:05:29 IST" name="Default suite" finished-at="2024-12-13T19:07:11 IST" duration-ms="101993">
    <groups>
    </groups>
    <test started-at="2024-12-13T19:05:29 IST" name="Default test" finished-at="2024-12-13T19:07:11 IST" duration-ms="101993">
      <class name="com.younited.qa.testcases.LoginPageTest">
        <test-method is-config="true" signature="setUp()[pri:0, instance:com.younited.qa.testcases.LoginPageTest@3f6f6701]" started-at="2024-12-13T19:05:29 IST" name="setUp" finished-at="2024-12-13T19:05:33 IST" duration-ms="4178" status="PASS">
          <reporter-output>
          </reporter-output>
        </test-method> <!-- setUp -->
        <test-method signature="loginPageTitleTest()[pri:1, instance:com.younited.qa.testcases.LoginPageTest@3f6f6701]" started-at="2024-12-13T19:05:33 IST" name="loginPageTitleTest" finished-at="2024-12-13T19:05:41 IST" duration-ms="8009" status="PASS">
          <reporter-output>
          </reporter-output>
        </test-method> <!-- loginPageTitleTest -->
        <test-method is-config="true" signature="tearDown()[pri:0, instance:com.younited.qa.testcases.LoginPageTest@3f6f6701]" started-at="2024-12-13T19:05:41 IST" name="tearDown" finished-at="2024-12-13T19:05:41 IST" duration-ms="215" status="PASS">
          <reporter-output>
          </reporter-output>
        </test-method> <!-- tearDown -->
        <test-method is-config="true" signature="setUp()[pri:0, instance:com.younited.qa.testcases.LoginPageTest@3f6f6701]" started-at="2024-12-13T19:05:41 IST" name="setUp" finished-at="2024-12-13T19:05:46 IST" duration-ms="4370" status="PASS">
          <reporter-output>
          </reporter-output>
        </test-method> <!-- setUp -->
        <test-method signature="imageLogoTest()[pri:2, instance:com.younited.qa.testcases.LoginPageTest@3f6f6701]" started-at="2024-12-13T19:05:46 IST" name="imageLogoTest" finished-at="2024-12-13T19:05:54 IST" duration-ms="8005" status="PASS">
          <reporter-output>
          </reporter-output>
        </test-method> <!-- imageLogoTest -->
        <test-method is-config="true" signature="tearDown()[pri:0, instance:com.younited.qa.testcases.LoginPageTest@3f6f6701]" started-at="2024-12-13T19:05:54 IST" name="tearDown" finished-at="2024-12-13T19:05:54 IST" duration-ms="233" status="PASS">
          <reporter-output>
          </reporter-output>
        </test-method> <!-- tearDown -->
        <test-method is-config="true" signature="setUp()[pri:0, instance:com.younited.qa.testcases.LoginPageTest@3f6f6701]" started-at="2024-12-13T19:05:54 IST" name="setUp" finished-at="2024-12-13T19:05:58 IST" duration-ms="3565" status="PASS">
          <reporter-output>
          </reporter-output>
        </test-method> <!-- setUp -->
        <test-method signature="loginTest()[pri:3, instance:com.younited.qa.testcases.LoginPageTest@3f6f6701]" started-at="2024-12-13T19:05:58 IST" name="loginTest" finished-at="2024-12-13T19:07:11 IST" duration-ms="73136" status="PASS">
          <reporter-output>
          </reporter-output>
        </test-method> <!-- loginTest -->
        <test-method is-config="true" signature="tearDown()[pri:0, instance:com.younited.qa.testcases.LoginPageTest@3f6f6701]" started-at="2024-12-13T19:07:11 IST" name="tearDown" finished-at="2024-12-13T19:07:11 IST" duration-ms="244" status="PASS">
          <reporter-output>
          </reporter-output>
        </test-method> <!-- tearDown -->
      </class> <!-- com.younited.qa.testcases.LoginPageTest -->
    </test> <!-- Default test -->
  </suite> <!-- Default suite -->
</testng-results>
