<?xml version="1.0" encoding="UTF-8"?>
<testng-results ignored="0" total="1" passed="1" failed="0" skipped="0">
  <reporter-output>
  </reporter-output>
  <suite started-at="2024-07-08T12:25:54 IST" name="Default suite" finished-at="2024-07-08T12:27:32 IST" duration-ms="98399">
    <groups>
    </groups>
    <test started-at="2024-07-08T12:25:54 IST" name="Default test" finished-at="2024-07-08T12:27:32 IST" duration-ms="98399">
      <class name="com.younited.qa.testcases.UlogoStoresuppliersPageTest">
        <test-method is-config="true" signature="setUp()[pri:0, instance:com.younited.qa.testcases.UlogoStoresuppliersPageTest@273e7444]" started-at="2024-07-08T12:25:54 IST" name="setUp" finished-at="2024-07-08T12:26:56 IST" duration-ms="61935" status="PASS">
          <reporter-output>
          </reporter-output>
        </test-method> <!-- setUp -->
        <test-method signature="test()[pri:0, instance:com.younited.qa.testcases.UlogoStoresuppliersPageTest@273e7444]" started-at="2024-07-08T12:26:56 IST" name="test" finished-at="2024-07-08T12:27:32 IST" duration-ms="36061" status="PASS">
          <reporter-output>
          </reporter-output>
        </test-method> <!-- test -->
        <test-method is-config="true" signature="tearDown()[pri:0, instance:com.younited.qa.testcases.UlogoStoresuppliersPageTest@273e7444]" started-at="2024-07-08T12:27:32 IST" name="tearDown" finished-at="2024-07-08T12:27:32 IST" duration-ms="368" status="PASS">
          <reporter-output>
          </reporter-output>
        </test-method> <!-- tearDown -->
      </class> <!-- com.younited.qa.testcases.UlogoStoresuppliersPageTest -->
    </test> <!-- Default test -->
  </suite> <!-- Default suite -->
</testng-results>
