<?xml version="1.0" encoding="UTF-8"?>
<testng-results ignored="0" total="1" passed="1" failed="0" skipped="0">
  <reporter-output>
  </reporter-output>
  <suite started-at="2024-08-30T16:27:59 IST" name="Default suite" finished-at="2024-08-30T16:30:05 IST" duration-ms="125970">
    <groups>
    </groups>
    <test started-at="2024-08-30T16:27:59 IST" name="Default test" finished-at="2024-08-30T16:30:05 IST" duration-ms="125970">
      <class name="com.younited.qa.testcases.MyReactionsPageFreeTest">
        <test-method is-config="true" signature="setUp()[pri:0, instance:com.younited.qa.testcases.MyReactionsPageFreeTest@273e7444]" started-at="2024-08-30T16:27:59 IST" name="setUp" finished-at="2024-08-30T16:28:45 IST" duration-ms="46706" status="PASS">
          <reporter-output>
          </reporter-output>
        </test-method> <!-- setUp -->
        <test-method signature="test()[pri:0, instance:com.younited.qa.testcases.MyReactionsPageFreeTest@273e7444]" started-at="2024-08-30T16:28:45 IST" name="test" finished-at="2024-08-30T16:30:04 IST" duration-ms="78915" status="PASS">
          <reporter-output>
          </reporter-output>
        </test-method> <!-- test -->
        <test-method is-config="true" signature="tearDown()[pri:0, instance:com.younited.qa.testcases.MyReactionsPageFreeTest@273e7444]" started-at="2024-08-30T16:30:04 IST" name="tearDown" finished-at="2024-08-30T16:30:05 IST" duration-ms="322" status="PASS">
          <reporter-output>
          </reporter-output>
        </test-method> <!-- tearDown -->
      </class> <!-- com.younited.qa.testcases.MyReactionsPageFreeTest -->
    </test> <!-- Default test -->
  </suite> <!-- Default suite -->
</testng-results>
