<?xml version="1.0" encoding="UTF-8"?>
<testng-results ignored="0" total="3" passed="3" failed="0" skipped="0">
  <reporter-output>
  </reporter-output>
  <suite started-at="2024-08-02T13:16:55 IST" name="Default suite" finished-at="2024-08-02T13:19:52 IST" duration-ms="176859">
    <groups>
    </groups>
    <test started-at="2024-08-02T13:16:55 IST" name="Default test" finished-at="2024-08-02T13:19:52 IST" duration-ms="176859">
      <class name="com.younited.qa.testcases.HomePageTest">
        <test-method is-config="true" signature="setUp()[pri:0, instance:com.younited.qa.testcases.HomePageTest@783a467b]" started-at="2024-08-02T13:16:55 IST" name="setUp" finished-at="2024-08-02T13:17:29 IST" duration-ms="33418" status="PASS">
          <reporter-output>
          </reporter-output>
        </test-method> <!-- setUp -->
        <test-method signature="homePageTitleTest()[pri:1, instance:com.younited.qa.testcases.HomePageTest@783a467b]" started-at="2024-08-02T13:17:29 IST" name="homePageTitleTest" finished-at="2024-08-02T13:17:49 IST" duration-ms="20275" status="PASS">
          <reporter-output>
          </reporter-output>
        </test-method> <!-- homePageTitleTest -->
        <test-method is-config="true" signature="tearDown()[pri:0, instance:com.younited.qa.testcases.HomePageTest@783a467b]" started-at="2024-08-02T13:17:49 IST" name="tearDown" finished-at="2024-08-02T13:17:49 IST" duration-ms="261" status="PASS">
          <reporter-output>
          </reporter-output>
        </test-method> <!-- tearDown -->
        <test-method is-config="true" signature="setUp()[pri:0, instance:com.younited.qa.testcases.HomePageTest@783a467b]" started-at="2024-08-02T13:17:49 IST" name="setUp" finished-at="2024-08-02T13:18:15 IST" duration-ms="25380" status="PASS">
          <reporter-output>
          </reporter-output>
        </test-method> <!-- setUp -->
        <test-method signature="verifyImageLogoTest()[pri:2, instance:com.younited.qa.testcases.HomePageTest@783a467b]" started-at="2024-08-02T13:18:15 IST" name="verifyImageLogoTest" finished-at="2024-08-02T13:18:35 IST" duration-ms="20216" status="PASS">
          <reporter-output>
          </reporter-output>
        </test-method> <!-- verifyImageLogoTest -->
        <test-method is-config="true" signature="tearDown()[pri:0, instance:com.younited.qa.testcases.HomePageTest@783a467b]" started-at="2024-08-02T13:18:35 IST" name="tearDown" finished-at="2024-08-02T13:18:35 IST" duration-ms="184" status="PASS">
          <reporter-output>
          </reporter-output>
        </test-method> <!-- tearDown -->
        <test-method is-config="true" signature="setUp()[pri:0, instance:com.younited.qa.testcases.HomePageTest@783a467b]" started-at="2024-08-02T13:18:35 IST" name="setUp" finished-at="2024-08-02T13:19:00 IST" duration-ms="24329" status="PASS">
          <reporter-output>
          </reporter-output>
        </test-method> <!-- setUp -->
        <test-method signature="myAssignmentsPage()[pri:3, instance:com.younited.qa.testcases.HomePageTest@783a467b]" started-at="2024-08-02T13:19:00 IST" name="myAssignmentsPage" finished-at="2024-08-02T13:19:52 IST" duration-ms="52571" status="PASS">
          <reporter-output>
          </reporter-output>
        </test-method> <!-- myAssignmentsPage -->
        <test-method is-config="true" signature="tearDown()[pri:0, instance:com.younited.qa.testcases.HomePageTest@783a467b]" started-at="2024-08-02T13:19:52 IST" name="tearDown" finished-at="2024-08-02T13:19:52 IST" duration-ms="183" status="PASS">
          <reporter-output>
          </reporter-output>
        </test-method> <!-- tearDown -->
      </class> <!-- com.younited.qa.testcases.HomePageTest -->
    </test> <!-- Default test -->
  </suite> <!-- Default suite -->
</testng-results>
