<?xml version="1.0" encoding="UTF-8"?>
<testng-results ignored="0" total="1" passed="1" failed="0" skipped="0">
  <reporter-output>
  </reporter-output>
  <suite started-at="2023-11-06T16:24:06 IST" name="Default suite" finished-at="2023-11-06T16:26:47 IST" duration-ms="160911">
    <groups>
    </groups>
    <test started-at="2023-11-06T16:24:06 IST" name="Default test" finished-at="2023-11-06T16:26:47 IST" duration-ms="160911">
      <class name="com.younited.qa.testcases.UlogoAllcompaniesPageTest">
        <test-method is-config="true" signature="setUp()[pri:0, instance:com.younited.qa.testcases.UlogoAllcompaniesPageTest@273e7444]" started-at="2023-11-06T16:24:06 IST" name="setUp" finished-at="2023-11-06T16:24:47 IST" duration-ms="41448" status="PASS">
          <reporter-output>
          </reporter-output>
        </test-method> <!-- setUp -->
        <test-method signature="UlogoAllcompaniesPage()[pri:0, instance:com.younited.qa.testcases.UlogoAllcompaniesPageTest@273e7444]" started-at="2023-11-06T16:24:47 IST" name="UlogoAllcompaniesPage" finished-at="2023-11-06T16:26:46 IST" duration-ms="119200" status="PASS">
          <reporter-output>
          </reporter-output>
        </test-method> <!-- UlogoAllcompaniesPage -->
        <test-method is-config="true" signature="tearDown()[pri:0, instance:com.younited.qa.testcases.UlogoAllcompaniesPageTest@273e7444]" started-at="2023-11-06T16:26:46 IST" name="tearDown" finished-at="2023-11-06T16:26:47 IST" duration-ms="240" status="PASS">
          <reporter-output>
          </reporter-output>
        </test-method> <!-- tearDown -->
      </class> <!-- com.younited.qa.testcases.UlogoAllcompaniesPageTest -->
    </test> <!-- Default test -->
  </suite> <!-- Default suite -->
</testng-results>
