<?xml version="1.0" encoding="UTF-8"?>
<testng-results ignored="0" total="1" passed="1" failed="0" skipped="0">
  <reporter-output>
  </reporter-output>
  <suite started-at="2023-10-23T17:57:09 IST" name="Default suite" finished-at="2023-10-23T17:58:43 IST" duration-ms="93254">
    <groups>
    </groups>
    <test started-at="2023-10-23T17:57:09 IST" name="Default test" finished-at="2023-10-23T17:58:43 IST" duration-ms="93254">
      <class name="com.younited.qa.testcases.MyNetworkPageFreeTest">
        <test-method is-config="true" signature="setUp()[pri:0, instance:com.younited.qa.testcases.MyNetworkPageFreeTest@273e7444]" started-at="2023-10-23T17:57:09 IST" name="setUp" finished-at="2023-10-23T17:58:02 IST" duration-ms="52750" status="PASS">
          <reporter-output>
          </reporter-output>
        </test-method> <!-- setUp -->
        <test-method signature="myNetworkPageFreeTest()[pri:0, instance:com.younited.qa.testcases.MyNetworkPageFreeTest@273e7444]" started-at="2023-10-23T17:58:02 IST" name="myNetworkPageFreeTest" finished-at="2023-10-23T17:58:43 IST" duration-ms="40482" status="PASS">
          <reporter-output>
          </reporter-output>
        </test-method> <!-- myNetworkPageFreeTest -->
        <test-method is-config="true" signature="tearDown()[pri:0, instance:com.younited.qa.testcases.MyNetworkPageFreeTest@273e7444]" started-at="2023-10-23T17:58:43 IST" name="tearDown" finished-at="2023-10-23T17:58:43 IST" duration-ms="0" status="PASS">
          <reporter-output>
          </reporter-output>
        </test-method> <!-- tearDown -->
      </class> <!-- com.younited.qa.testcases.MyNetworkPageFreeTest -->
    </test> <!-- Default test -->
  </suite> <!-- Default suite -->
</testng-results>
