<?xml version="1.0" encoding="UTF-8"?>
<testng-results ignored="0" total="1" passed="1" failed="0" skipped="0">
  <reporter-output>
  </reporter-output>
  <suite started-at="2024-08-21T19:10:37 IST" name="Default suite" finished-at="2024-08-21T19:11:46 IST" duration-ms="68215">
    <groups>
    </groups>
    <test started-at="2024-08-21T19:10:37 IST" name="Default test" finished-at="2024-08-21T19:11:46 IST" duration-ms="68215">
      <class name="com.younited.qa.testcases.UlogoMyreactionsPageTest">
        <test-method is-config="true" signature="setUp()[pri:0, instance:com.younited.qa.testcases.UlogoMyreactionsPageTest@273e7444]" started-at="2024-08-21T19:10:37 IST" name="setUp" finished-at="2024-08-21T19:11:23 IST" duration-ms="45276" status="PASS">
          <reporter-output>
          </reporter-output>
        </test-method> <!-- setUp -->
        <test-method signature="uLogoMyreactionsPageTest()[pri:0, instance:com.younited.qa.testcases.UlogoMyreactionsPageTest@273e7444]" started-at="2024-08-21T19:11:23 IST" name="uLogoMyreactionsPageTest" finished-at="2024-08-21T19:11:45 IST" duration-ms="22713" status="PASS">
          <reporter-output>
          </reporter-output>
        </test-method> <!-- uLogoMyreactionsPageTest -->
        <test-method is-config="true" signature="tearDown()[pri:0, instance:com.younited.qa.testcases.UlogoMyreactionsPageTest@273e7444]" started-at="2024-08-21T19:11:45 IST" name="tearDown" finished-at="2024-08-21T19:11:46 IST" duration-ms="198" status="PASS">
          <reporter-output>
          </reporter-output>
        </test-method> <!-- tearDown -->
      </class> <!-- com.younited.qa.testcases.UlogoMyreactionsPageTest -->
    </test> <!-- Default test -->
  </suite> <!-- Default suite -->
</testng-results>
