<?xml version="1.0" encoding="UTF-8"?>
<testng-results ignored="0" total="1" passed="1" failed="0" skipped="0">
  <reporter-output>
  </reporter-output>
  <suite started-at="2024-08-22T14:51:27 IST" name="Default suite" finished-at="2024-08-22T14:53:12 IST" duration-ms="104404">
    <groups>
    </groups>
    <test started-at="2024-08-22T14:51:27 IST" name="Default test" finished-at="2024-08-22T14:53:12 IST" duration-ms="104404">
      <class name="com.younited.qa.testcases.BusinessesPageFreeTest">
        <test-method is-config="true" signature="setUp()[pri:0, instance:com.younited.qa.testcases.BusinessesPageFreeTest@273e7444]" started-at="2024-08-22T14:51:27 IST" name="setUp" finished-at="2024-08-22T14:52:11 IST" duration-ms="43605" status="PASS">
          <reporter-output>
          </reporter-output>
        </test-method> <!-- setUp -->
        <test-method signature="businessesPageFree()[pri:0, instance:com.younited.qa.testcases.BusinessesPageFreeTest@273e7444]" started-at="2024-08-22T14:52:11 IST" name="businessesPageFree" finished-at="2024-08-22T14:53:11 IST" duration-ms="60648" status="PASS">
          <reporter-output>
          </reporter-output>
        </test-method> <!-- businessesPageFree -->
        <test-method is-config="true" signature="tearDown()[pri:0, instance:com.younited.qa.testcases.BusinessesPageFreeTest@273e7444]" started-at="2024-08-22T14:53:11 IST" name="tearDown" finished-at="2024-08-22T14:53:12 IST" duration-ms="125" status="PASS">
          <reporter-output>
          </reporter-output>
        </test-method> <!-- tearDown -->
      </class> <!-- com.younited.qa.testcases.BusinessesPageFreeTest -->
    </test> <!-- Default test -->
  </suite> <!-- Default suite -->
</testng-results>
