<?xml version="1.0" encoding="UTF-8"?>
<testng-results ignored="0" total="1" passed="1" failed="0" skipped="0">
  <reporter-output>
  </reporter-output>
  <suite started-at="2024-09-10T20:08:06 IST" name="Default suite" finished-at="2024-09-10T20:10:10 IST" duration-ms="124086">
    <groups>
    </groups>
    <test started-at="2024-09-10T20:08:06 IST" name="Default test" finished-at="2024-09-10T20:10:10 IST" duration-ms="124086">
      <class name="com.younited.qa.testcases.UlogoIntAddNewCompanyPageTest">
        <test-method is-config="true" signature="setUp()[pri:0, instance:com.younited.qa.testcases.UlogoIntAddNewCompanyPageTest@273e7444]" started-at="2024-09-10T20:08:06 IST" name="setUp" finished-at="2024-09-10T20:09:07 IST" duration-ms="60278" status="PASS">
          <reporter-output>
          </reporter-output>
        </test-method> <!-- setUp -->
        <test-method signature="test()[pri:0, instance:com.younited.qa.testcases.UlogoIntAddNewCompanyPageTest@273e7444]" started-at="2024-09-10T20:09:07 IST" name="test" finished-at="2024-09-10T20:10:10 IST" duration-ms="63782" status="PASS">
          <reporter-output>
          </reporter-output>
        </test-method> <!-- test -->
        <test-method is-config="true" signature="tearDown()[pri:0, instance:com.younited.qa.testcases.UlogoIntAddNewCompanyPageTest@273e7444]" started-at="2024-09-10T20:10:10 IST" name="tearDown" finished-at="2024-09-10T20:10:10 IST" duration-ms="1" status="PASS">
          <reporter-output>
          </reporter-output>
        </test-method> <!-- tearDown -->
      </class> <!-- com.younited.qa.testcases.UlogoIntAddNewCompanyPageTest -->
    </test> <!-- Default test -->
  </suite> <!-- Default suite -->
</testng-results>
