<?xml version="1.0" encoding="UTF-8"?>
<testng-results ignored="0" total="1" passed="1" failed="0" skipped="0">
  <reporter-output>
  </reporter-output>
  <suite started-at="2025-01-09T18:46:00 IST" name="Default suite" finished-at="2025-01-09T18:47:34 IST" duration-ms="94022">
    <groups>
    </groups>
    <test started-at="2025-01-09T18:46:00 IST" name="Default test" finished-at="2025-01-09T18:47:34 IST" duration-ms="94022">
      <class name="com.younited.qa.testcases.UlogoMynotificationsPageTest">
        <test-method is-config="true" signature="setUp()[pri:0, instance:com.younited.qa.testcases.UlogoMynotificationsPageTest@2d52216b]" started-at="2025-01-09T18:46:00 IST" name="setUp" finished-at="2025-01-09T18:46:41 IST" duration-ms="41535" status="PASS">
          <reporter-output>
          </reporter-output>
        </test-method> <!-- setUp -->
        <test-method signature="myNotificationsPage()[pri:0, instance:com.younited.qa.testcases.UlogoMynotificationsPageTest@2d52216b]" started-at="2025-01-09T18:46:41 IST" name="myNotificationsPage" finished-at="2025-01-09T18:47:33 IST" duration-ms="52256" status="PASS">
          <reporter-output>
          </reporter-output>
        </test-method> <!-- myNotificationsPage -->
        <test-method is-config="true" signature="tearDown()[pri:0, instance:com.younited.qa.testcases.UlogoMynotificationsPageTest@2d52216b]" started-at="2025-01-09T18:47:33 IST" name="tearDown" finished-at="2025-01-09T18:47:34 IST" duration-ms="203" status="PASS">
          <reporter-output>
          </reporter-output>
        </test-method> <!-- tearDown -->
      </class> <!-- com.younited.qa.testcases.UlogoMynotificationsPageTest -->
    </test> <!-- Default test -->
  </suite> <!-- Default suite -->
</testng-results>
