<?xml version="1.0" encoding="UTF-8"?>
<testng-results ignored="0" total="1" passed="1" failed="0" skipped="0">
  <reporter-output>
  </reporter-output>
  <suite started-at="2024-02-21T15:05:19 IST" name="Default suite" finished-at="2024-02-21T15:09:10 IST" duration-ms="230830">
    <groups>
    </groups>
    <test started-at="2024-02-21T15:05:19 IST" name="Default test" finished-at="2024-02-21T15:09:10 IST" duration-ms="230830">
      <class name="com.younited.qa.testcases.UlogoUsermanagementPageTest">
        <test-method is-config="true" signature="setUp()[pri:0, instance:com.younited.qa.testcases.UlogoUsermanagementPageTest@273e7444]" started-at="2024-02-21T15:05:19 IST" name="setUp" finished-at="2024-02-21T15:06:24 IST" duration-ms="64287" status="PASS">
          <reporter-output>
          </reporter-output>
        </test-method> <!-- setUp -->
        <test-method signature="uLogoUsermanagementPageTest()[pri:0, instance:com.younited.qa.testcases.UlogoUsermanagementPageTest@273e7444]" started-at="2024-02-21T15:06:24 IST" name="uLogoUsermanagementPageTest" finished-at="2024-02-21T15:09:10 IST" duration-ms="166277" status="PASS">
          <reporter-output>
          </reporter-output>
        </test-method> <!-- uLogoUsermanagementPageTest -->
        <test-method is-config="true" signature="tearDown()[pri:0, instance:com.younited.qa.testcases.UlogoUsermanagementPageTest@273e7444]" started-at="2024-02-21T15:09:10 IST" name="tearDown" finished-at="2024-02-21T15:09:10 IST" duration-ms="234" status="PASS">
          <reporter-output>
          </reporter-output>
        </test-method> <!-- tearDown -->
      </class> <!-- com.younited.qa.testcases.UlogoUsermanagementPageTest -->
    </test> <!-- Default test -->
  </suite> <!-- Default suite -->
</testng-results>
