<?xml version="1.0" encoding="UTF-8"?>
<testng-results ignored="0" total="1" passed="1" failed="0" skipped="0">
  <reporter-output>
  </reporter-output>
  <suite started-at="2024-03-14T17:27:20 IST" name="Default suite" finished-at="2024-03-14T17:29:36 IST" duration-ms="135951">
    <groups>
    </groups>
    <test started-at="2024-03-14T17:27:20 IST" name="Default test" finished-at="2024-03-14T17:29:36 IST" duration-ms="135951">
      <class name="com.younited.qa.testcases.StorePageFreeTest">
        <test-method is-config="true" signature="setUp()[pri:0, instance:com.younited.qa.testcases.StorePageFreeTest@273e7444]" started-at="2024-03-14T17:27:20 IST" name="setUp" finished-at="2024-03-14T17:27:46 IST" duration-ms="26428" status="PASS">
          <reporter-output>
          </reporter-output>
        </test-method> <!-- setUp -->
        <test-method signature="clickStoreTab()[pri:0, instance:com.younited.qa.testcases.StorePageFreeTest@273e7444]" started-at="2024-03-14T17:27:46 IST" name="clickStoreTab" finished-at="2024-03-14T17:29:35 IST" duration-ms="109234" status="PASS">
          <reporter-output>
          </reporter-output>
        </test-method> <!-- clickStoreTab -->
        <test-method is-config="true" signature="tearDown()[pri:0, instance:com.younited.qa.testcases.StorePageFreeTest@273e7444]" started-at="2024-03-14T17:29:35 IST" name="tearDown" finished-at="2024-03-14T17:29:36 IST" duration-ms="254" status="PASS">
          <reporter-output>
          </reporter-output>
        </test-method> <!-- tearDown -->
      </class> <!-- com.younited.qa.testcases.StorePageFreeTest -->
    </test> <!-- Default test -->
  </suite> <!-- Default suite -->
</testng-results>
