<?xml version="1.0" encoding="UTF-8"?>
<testng-results ignored="0" total="1" passed="1" failed="0" skipped="0">
  <reporter-output>
  </reporter-output>
  <suite started-at="2024-07-10T11:57:39 IST" name="Default suite" finished-at="2024-07-10T11:59:01 IST" duration-ms="82706">
    <groups>
    </groups>
    <test started-at="2024-07-10T11:57:39 IST" name="Default test" finished-at="2024-07-10T11:59:01 IST" duration-ms="82706">
      <class name="com.younited.qa.testcases.UlogoStoreProductAddPageTest">
        <test-method is-config="true" signature="setUp()[pri:0, instance:com.younited.qa.testcases.UlogoStoreProductAddPageTest@273e7444]" started-at="2024-07-10T11:57:39 IST" name="setUp" finished-at="2024-07-10T11:58:38 IST" duration-ms="59775" status="PASS">
          <reporter-output>
          </reporter-output>
        </test-method> <!-- setUp -->
        <test-method signature="test()[pri:0, instance:com.younited.qa.testcases.UlogoStoreProductAddPageTest@273e7444]" started-at="2024-07-10T11:58:38 IST" name="test" finished-at="2024-07-10T11:59:01 IST" duration-ms="22566" status="PASS">
          <reporter-output>
          </reporter-output>
        </test-method> <!-- test -->
        <test-method is-config="true" signature="tearDown()[pri:0, instance:com.younited.qa.testcases.UlogoStoreProductAddPageTest@273e7444]" started-at="2024-07-10T11:59:01 IST" name="tearDown" finished-at="2024-07-10T11:59:01 IST" duration-ms="324" status="PASS">
          <reporter-output>
          </reporter-output>
        </test-method> <!-- tearDown -->
      </class> <!-- com.younited.qa.testcases.UlogoStoreProductAddPageTest -->
    </test> <!-- Default test -->
  </suite> <!-- Default suite -->
</testng-results>
