<?xml version="1.0" encoding="UTF-8"?>
<testng-results ignored="0" total="1" passed="1" failed="0" skipped="0">
  <reporter-output>
  </reporter-output>
  <suite started-at="2024-05-24T14:28:09 IST" name="Default suite" finished-at="2024-05-24T14:29:05 IST" duration-ms="56240">
    <groups>
    </groups>
    <test started-at="2024-05-24T14:28:09 IST" name="Default test" finished-at="2024-05-24T14:29:05 IST" duration-ms="56240">
      <class name="com.younited.qa.testcases.AssignmentsPageAdminTest">
        <test-method is-config="true" signature="setUp()[pri:0, instance:com.younited.qa.testcases.AssignmentsPageAdminTest@273e7444]" started-at="2024-05-24T14:28:09 IST" name="setUp" finished-at="2024-05-24T14:28:49 IST" duration-ms="39913" status="PASS">
          <reporter-output>
          </reporter-output>
        </test-method> <!-- setUp -->
        <test-method signature="assignmentsPage()[pri:0, instance:com.younited.qa.testcases.AssignmentsPageAdminTest@273e7444]" started-at="2024-05-24T14:28:49 IST" name="assignmentsPage" finished-at="2024-05-24T14:29:05 IST" duration-ms="16299" status="PASS">
          <reporter-output>
          </reporter-output>
        </test-method> <!-- assignmentsPage -->
        <test-method is-config="true" signature="tearDown()[pri:0, instance:com.younited.qa.testcases.AssignmentsPageAdminTest@273e7444]" started-at="2024-05-24T14:29:05 IST" name="tearDown" finished-at="2024-05-24T14:29:05 IST" duration-ms="1" status="PASS">
          <reporter-output>
          </reporter-output>
        </test-method> <!-- tearDown -->
      </class> <!-- com.younited.qa.testcases.AssignmentsPageAdminTest -->
    </test> <!-- Default test -->
  </suite> <!-- Default suite -->
</testng-results>
