<?xml version="1.0" encoding="UTF-8"?>
<testng-results ignored="0" total="1" passed="1" failed="0" skipped="0">
  <reporter-output>
  </reporter-output>
  <suite started-at="2024-01-16T13:11:39 IST" name="Default suite" finished-at="2024-01-16T13:12:55 IST" duration-ms="76451">
    <groups>
    </groups>
    <test started-at="2024-01-16T13:11:39 IST" name="Default test" finished-at="2024-01-16T13:12:55 IST" duration-ms="76451">
      <class name="com.younited.qa.testcases.AddCommandPageTest">
        <test-method is-config="true" signature="setUp()[pri:0, instance:com.younited.qa.testcases.AddCommandPageTest@72e5a8e]" started-at="2024-01-16T13:11:39 IST" name="setUp" finished-at="2024-01-16T13:12:35 IST" duration-ms="55961" status="PASS">
          <reporter-output>
          </reporter-output>
        </test-method> <!-- setUp -->
        <test-method signature="uploadFileTest()[pri:0, instance:com.younited.qa.testcases.AddCommandPageTest@72e5a8e]" started-at="2024-01-16T13:12:35 IST" name="uploadFileTest" finished-at="2024-01-16T13:12:55 IST" duration-ms="20273" status="PASS">
          <reporter-output>
          </reporter-output>
        </test-method> <!-- uploadFileTest -->
        <test-method is-config="true" signature="tearDown()[pri:0, instance:com.younited.qa.testcases.AddCommandPageTest@72e5a8e]" started-at="2024-01-16T13:12:55 IST" name="tearDown" finished-at="2024-01-16T13:12:55 IST" duration-ms="190" status="PASS">
          <reporter-output>
          </reporter-output>
        </test-method> <!-- tearDown -->
      </class> <!-- com.younited.qa.testcases.AddCommandPageTest -->
    </test> <!-- Default test -->
  </suite> <!-- Default suite -->
</testng-results>
