<?xml version="1.0" encoding="UTF-8"?>
<testng-results ignored="0" total="1" passed="1" failed="0" skipped="0">
  <reporter-output>
  </reporter-output>
  <suite started-at="2024-05-28T16:11:56 IST" name="Default suite" finished-at="2024-05-28T16:14:43 IST" duration-ms="166682">
    <groups>
    </groups>
    <test started-at="2024-05-28T16:11:56 IST" name="Default test" finished-at="2024-05-28T16:14:43 IST" duration-ms="166682">
      <class name="com.younited.qa.testcases.UlogoMyprofilePageTest">
        <test-method is-config="true" signature="setUp()[pri:0, instance:com.younited.qa.testcases.UlogoMyprofilePageTest@273e7444]" started-at="2024-05-28T16:11:56 IST" name="setUp" finished-at="2024-05-28T16:12:45 IST" duration-ms="48577" status="PASS">
          <reporter-output>
          </reporter-output>
        </test-method> <!-- setUp -->
        <test-method signature="UlogoMyProfilePage()[pri:0, instance:com.younited.qa.testcases.UlogoMyprofilePageTest@273e7444]" started-at="2024-05-28T16:12:45 IST" name="UlogoMyProfilePage" finished-at="2024-05-28T16:14:42 IST" duration-ms="117818" status="PASS">
          <reporter-output>
          </reporter-output>
        </test-method> <!-- UlogoMyProfilePage -->
        <test-method is-config="true" signature="tearDown()[pri:0, instance:com.younited.qa.testcases.UlogoMyprofilePageTest@273e7444]" started-at="2024-05-28T16:14:42 IST" name="tearDown" finished-at="2024-05-28T16:14:43 IST" duration-ms="259" status="PASS">
          <reporter-output>
          </reporter-output>
        </test-method> <!-- tearDown -->
      </class> <!-- com.younited.qa.testcases.UlogoMyprofilePageTest -->
    </test> <!-- Default test -->
  </suite> <!-- Default suite -->
</testng-results>
