<?xml version="1.0" encoding="UTF-8"?>
<testng-results ignored="0" total="1" passed="1" failed="0" skipped="0">
  <reporter-output>
  </reporter-output>
  <suite started-at="2024-08-07T19:35:10 IST" name="Default suite" finished-at="2024-08-07T19:35:50 IST" duration-ms="40378">
    <groups>
    </groups>
    <test started-at="2024-08-07T19:35:10 IST" name="Default test" finished-at="2024-08-07T19:35:50 IST" duration-ms="40378">
      <class name="com.younited.qa.testcases.DashboardPageFreeTest">
        <test-method is-config="true" signature="setUp()[pri:0, instance:com.younited.qa.testcases.DashboardPageFreeTest@273e7444]" started-at="2024-08-07T19:35:10 IST" name="setUp" finished-at="2024-08-07T19:35:36 IST" duration-ms="25939" status="PASS">
          <reporter-output>
          </reporter-output>
        </test-method> <!-- setUp -->
        <test-method signature="test()[pri:0, instance:com.younited.qa.testcases.DashboardPageFreeTest@273e7444]" started-at="2024-08-07T19:35:36 IST" name="test" finished-at="2024-08-07T19:35:50 IST" duration-ms="14208" status="PASS">
          <reporter-output>
          </reporter-output>
        </test-method> <!-- test -->
        <test-method is-config="true" signature="tearDown()[pri:0, instance:com.younited.qa.testcases.DashboardPageFreeTest@273e7444]" started-at="2024-08-07T19:35:50 IST" name="tearDown" finished-at="2024-08-07T19:35:50 IST" duration-ms="214" status="PASS">
          <reporter-output>
          </reporter-output>
        </test-method> <!-- tearDown -->
      </class> <!-- com.younited.qa.testcases.DashboardPageFreeTest -->
    </test> <!-- Default test -->
  </suite> <!-- Default suite -->
</testng-results>
