<?xml version="1.0" encoding="UTF-8"?>
<testng-results ignored="0" total="1" passed="1" failed="0" skipped="0">
  <reporter-output>
  </reporter-output>
  <suite started-at="2024-10-02T17:56:13 IST" name="Default suite" finished-at="2024-10-02T17:57:18 IST" duration-ms="64543">
    <groups>
    </groups>
    <test started-at="2024-10-02T17:56:13 IST" name="Default test" finished-at="2024-10-02T17:57:18 IST" duration-ms="64543">
      <class name="com.younited.qa.testcases.DeleteUserRequestFlowTest">
        <test-method is-config="true" signature="setUp()[pri:0, instance:com.younited.qa.testcases.DeleteUserRequestFlowTest@273e7444]" started-at="2024-10-02T17:56:13 IST" name="setUp" finished-at="2024-10-02T17:56:18 IST" duration-ms="4641" status="PASS">
          <reporter-output>
          </reporter-output>
        </test-method> <!-- setUp -->
        <test-method signature="test()[pri:0, instance:com.younited.qa.testcases.DeleteUserRequestFlowTest@273e7444]" started-at="2024-10-02T17:56:18 IST" name="test" finished-at="2024-10-02T17:57:18 IST" duration-ms="59680" status="PASS">
          <reporter-output>
          </reporter-output>
        </test-method> <!-- test -->
        <test-method is-config="true" signature="tearDown()[pri:0, instance:com.younited.qa.testcases.DeleteUserRequestFlowTest@273e7444]" started-at="2024-10-02T17:57:18 IST" name="tearDown" finished-at="2024-10-02T17:57:18 IST" duration-ms="195" status="PASS">
          <reporter-output>
          </reporter-output>
        </test-method> <!-- tearDown -->
      </class> <!-- com.younited.qa.testcases.DeleteUserRequestFlowTest -->
    </test> <!-- Default test -->
  </suite> <!-- Default suite -->
</testng-results>
