<?xml version="1.0" encoding="UTF-8"?>
<testng-results ignored="0" total="1" passed="1" failed="0" skipped="0">
  <reporter-output>
  </reporter-output>
  <suite started-at="2023-12-06T17:28:41 IST" name="Default suite" finished-at="2023-12-06T17:30:06 IST" duration-ms="84886">
    <groups>
    </groups>
    <test started-at="2023-12-06T17:28:41 IST" name="Default test" finished-at="2023-12-06T17:30:06 IST" duration-ms="84886">
      <class name="com.younited.qa.testcases.UlogoMycompanyPageTest">
        <test-method is-config="true" signature="setUp()[pri:0, instance:com.younited.qa.testcases.UlogoMycompanyPageTest@72e5a8e]" started-at="2023-12-06T17:28:41 IST" name="setUp" finished-at="2023-12-06T17:29:28 IST" duration-ms="47535" status="PASS">
          <reporter-output>
          </reporter-output>
        </test-method> <!-- setUp -->
        <test-method signature="uLogoMycompanyPage()[pri:0, instance:com.younited.qa.testcases.UlogoMycompanyPageTest@72e5a8e]" started-at="2023-12-06T17:29:28 IST" name="uLogoMycompanyPage" finished-at="2023-12-06T17:30:06 IST" duration-ms="37123" status="PASS">
          <reporter-output>
          </reporter-output>
        </test-method> <!-- uLogoMycompanyPage -->
        <test-method is-config="true" signature="tearDown()[pri:0, instance:com.younited.qa.testcases.UlogoMycompanyPageTest@72e5a8e]" started-at="2023-12-06T17:30:06 IST" name="tearDown" finished-at="2023-12-06T17:30:06 IST" duration-ms="211" status="PASS">
          <reporter-output>
          </reporter-output>
        </test-method> <!-- tearDown -->
      </class> <!-- com.younited.qa.testcases.UlogoMycompanyPageTest -->
    </test> <!-- Default test -->
  </suite> <!-- Default suite -->
</testng-results>
