<?xml version="1.0" encoding="UTF-8"?>
<testng-results ignored="0" total="1" passed="1" failed="0" skipped="0">
  <reporter-output>
  </reporter-output>
  <suite started-at="2023-12-06T16:27:44 IST" name="Default suite" finished-at="2023-12-06T16:29:53 IST" duration-ms="129030">
    <groups>
    </groups>
    <test started-at="2023-12-06T16:27:44 IST" name="Default test" finished-at="2023-12-06T16:29:53 IST" duration-ms="129030">
      <class name="com.younited.qa.testcases.UlogoIntermediarycompaniesPageTest">
        <test-method is-config="true" signature="setUp()[pri:0, instance:com.younited.qa.testcases.UlogoIntermediarycompaniesPageTest@72e5a8e]" started-at="2023-12-06T16:27:44 IST" name="setUp" finished-at="2023-12-06T16:28:26 IST" duration-ms="41550" status="PASS">
          <reporter-output>
          </reporter-output>
        </test-method> <!-- setUp -->
        <test-method signature="UlogoIntermediarycompanyPage()[pri:0, instance:com.younited.qa.testcases.UlogoIntermediarycompaniesPageTest@72e5a8e]" started-at="2023-12-06T16:28:26 IST" name="UlogoIntermediarycompanyPage" finished-at="2023-12-06T16:29:53 IST" duration-ms="87455" status="PASS">
          <reporter-output>
          </reporter-output>
        </test-method> <!-- UlogoIntermediarycompanyPage -->
        <test-method is-config="true" signature="tearDown()[pri:0, instance:com.younited.qa.testcases.UlogoIntermediarycompaniesPageTest@72e5a8e]" started-at="2023-12-06T16:29:53 IST" name="tearDown" finished-at="2023-12-06T16:29:53 IST" duration-ms="0" status="PASS">
          <reporter-output>
          </reporter-output>
        </test-method> <!-- tearDown -->
      </class> <!-- com.younited.qa.testcases.UlogoIntermediarycompaniesPageTest -->
    </test> <!-- Default test -->
  </suite> <!-- Default suite -->
</testng-results>
