<?xml version="1.0" encoding="UTF-8"?>
<testng-results ignored="0" total="1" passed="1" failed="0" skipped="0">
  <reporter-output>
  </reporter-output>
  <suite started-at="2024-01-23T16:11:32 IST" name="Default suite" finished-at="2024-01-23T16:14:20 IST" duration-ms="168709">
    <groups>
    </groups>
    <test started-at="2024-01-23T16:11:32 IST" name="Default test" finished-at="2024-01-23T16:14:20 IST" duration-ms="168709">
      <class name="com.younited.qa.testcases.UlogoNativeAssignmentsPageTest">
        <test-method is-config="true" signature="setUp()[pri:0, instance:com.younited.qa.testcases.UlogoNativeAssignmentsPageTest@72e5a8e]" started-at="2024-01-23T16:11:32 IST" name="setUp" finished-at="2024-01-23T16:12:28 IST" duration-ms="56182" status="PASS">
          <reporter-output>
          </reporter-output>
        </test-method> <!-- setUp -->
        <test-method signature="UlogoNativeAssignmentsPage()[pri:0, instance:com.younited.qa.testcases.UlogoNativeAssignmentsPageTest@72e5a8e]" started-at="2024-01-23T16:12:28 IST" name="UlogoNativeAssignmentsPage" finished-at="2024-01-23T16:14:20 IST" duration-ms="112254" status="PASS">
          <reporter-output>
          </reporter-output>
        </test-method> <!-- UlogoNativeAssignmentsPage -->
        <test-method is-config="true" signature="tearDown()[pri:0, instance:com.younited.qa.testcases.UlogoNativeAssignmentsPageTest@72e5a8e]" started-at="2024-01-23T16:14:20 IST" name="tearDown" finished-at="2024-01-23T16:14:20 IST" duration-ms="243" status="PASS">
          <reporter-output>
          </reporter-output>
        </test-method> <!-- tearDown -->
      </class> <!-- com.younited.qa.testcases.UlogoNativeAssignmentsPageTest -->
    </test> <!-- Default test -->
  </suite> <!-- Default suite -->
</testng-results>
