<?xml version="1.0" encoding="UTF-8"?>
<testng-results ignored="0" total="1" passed="1" failed="0" skipped="0">
  <reporter-output>
  </reporter-output>
  <suite started-at="2024-07-29T13:19:17 IST" name="Default suite" finished-at="2024-07-29T13:20:23 IST" duration-ms="65928">
    <groups>
    </groups>
    <test started-at="2024-07-29T13:19:17 IST" name="Default test" finished-at="2024-07-29T13:20:23 IST" duration-ms="65928">
      <class name="com.younited.qa.testcases.CommunityPageFreeTest">
        <test-method is-config="true" signature="setUp()[pri:0, instance:com.younited.qa.testcases.CommunityPageFreeTest@273e7444]" started-at="2024-07-29T13:19:17 IST" name="setUp" finished-at="2024-07-29T13:19:44 IST" duration-ms="27321" status="PASS">
          <reporter-output>
          </reporter-output>
        </test-method> <!-- setUp -->
        <test-method signature="communityPageFreeTest()[pri:0, instance:com.younited.qa.testcases.CommunityPageFreeTest@273e7444]" started-at="2024-07-29T13:19:44 IST" name="communityPageFreeTest" finished-at="2024-07-29T13:20:23 IST" duration-ms="38318" status="PASS">
          <reporter-output>
          </reporter-output>
        </test-method> <!-- communityPageFreeTest -->
        <test-method is-config="true" signature="tearDown()[pri:0, instance:com.younited.qa.testcases.CommunityPageFreeTest@273e7444]" started-at="2024-07-29T13:20:23 IST" name="tearDown" finished-at="2024-07-29T13:20:23 IST" duration-ms="259" status="PASS">
          <reporter-output>
          </reporter-output>
        </test-method> <!-- tearDown -->
      </class> <!-- com.younited.qa.testcases.CommunityPageFreeTest -->
    </test> <!-- Default test -->
  </suite> <!-- Default suite -->
</testng-results>
