<?xml version="1.0" encoding="UTF-8"?>
<testng-results ignored="0" total="1" passed="1" failed="0" skipped="0">
  <reporter-output>
  </reporter-output>
  <suite started-at="2024-04-16T12:30:48 IST" name="Default suite" finished-at="2024-04-16T12:33:17 IST" duration-ms="148684">
    <groups>
    </groups>
    <test started-at="2024-04-16T12:30:48 IST" name="Default test" finished-at="2024-04-16T12:33:17 IST" duration-ms="148684">
      <class name="com.younited.qa.testcases.UlogoUsermanagementPageTest">
        <test-method is-config="true" signature="setUp()[pri:0, instance:com.younited.qa.testcases.UlogoUsermanagementPageTest@273e7444]" started-at="2024-04-16T12:30:48 IST" name="setUp" finished-at="2024-04-16T12:31:40 IST" duration-ms="51921" status="PASS">
          <reporter-output>
          </reporter-output>
        </test-method> <!-- setUp -->
        <test-method signature="uLogoUsermanagementPageTest()[pri:0, instance:com.younited.qa.testcases.UlogoUsermanagementPageTest@273e7444]" started-at="2024-04-16T12:31:40 IST" name="uLogoUsermanagementPageTest" finished-at="2024-04-16T12:33:16 IST" duration-ms="96417" status="PASS">
          <reporter-output>
          </reporter-output>
        </test-method> <!-- uLogoUsermanagementPageTest -->
        <test-method is-config="true" signature="tearDown()[pri:0, instance:com.younited.qa.testcases.UlogoUsermanagementPageTest@273e7444]" started-at="2024-04-16T12:33:16 IST" name="tearDown" finished-at="2024-04-16T12:33:17 IST" duration-ms="271" status="PASS">
          <reporter-output>
          </reporter-output>
        </test-method> <!-- tearDown -->
      </class> <!-- com.younited.qa.testcases.UlogoUsermanagementPageTest -->
    </test> <!-- Default test -->
  </suite> <!-- Default suite -->
</testng-results>
