<?xml version="1.0" encoding="UTF-8"?>
<testng-results ignored="0" total="1" passed="1" failed="0" skipped="0">
  <reporter-output>
  </reporter-output>
  <suite started-at="2024-08-21T17:49:59 IST" name="Default suite" finished-at="2024-08-21T17:51:03 IST" duration-ms="64177">
    <groups>
    </groups>
    <test started-at="2024-08-21T17:49:59 IST" name="Default test" finished-at="2024-08-21T17:51:03 IST" duration-ms="64177">
      <class name="com.younited.qa.testcases.UlogoMydashboardPageTest">
        <test-method is-config="true" signature="setUp()[pri:0, instance:com.younited.qa.testcases.UlogoMydashboardPageTest@273e7444]" started-at="2024-08-21T17:49:59 IST" name="setUp" finished-at="2024-08-21T17:50:49 IST" duration-ms="49692" status="PASS">
          <reporter-output>
          </reporter-output>
        </test-method> <!-- setUp -->
        <test-method signature="myDashboard()[pri:0, instance:com.younited.qa.testcases.UlogoMydashboardPageTest@273e7444]" started-at="2024-08-21T17:50:49 IST" name="myDashboard" finished-at="2024-08-21T17:51:03 IST" duration-ms="14197" status="PASS">
          <reporter-output>
          </reporter-output>
        </test-method> <!-- myDashboard -->
        <test-method is-config="true" signature="tearDown()[pri:0, instance:com.younited.qa.testcases.UlogoMydashboardPageTest@273e7444]" started-at="2024-08-21T17:51:03 IST" name="tearDown" finished-at="2024-08-21T17:51:03 IST" duration-ms="255" status="PASS">
          <reporter-output>
          </reporter-output>
        </test-method> <!-- tearDown -->
      </class> <!-- com.younited.qa.testcases.UlogoMydashboardPageTest -->
    </test> <!-- Default test -->
  </suite> <!-- Default suite -->
</testng-results>
