<?xml version="1.0" encoding="UTF-8"?>
<testng-results ignored="0" total="1" passed="1" failed="0" skipped="0">
  <reporter-output>
  </reporter-output>
  <suite started-at="2024-02-07T18:33:04 IST" name="Default suite" finished-at="2024-02-07T18:34:58 IST" duration-ms="114154">
    <groups>
    </groups>
    <test started-at="2024-02-07T18:33:04 IST" name="Default test" finished-at="2024-02-07T18:34:58 IST" duration-ms="114154">
      <class name="com.younited.qa.testcases.UlogoAllassignmentsPageTest">
        <test-method is-config="true" signature="setUp()[pri:0, instance:com.younited.qa.testcases.UlogoAllassignmentsPageTest@72e5a8e]" started-at="2024-02-07T18:33:04 IST" name="setUp" finished-at="2024-02-07T18:34:13 IST" duration-ms="68894" status="PASS">
          <reporter-output>
          </reporter-output>
        </test-method> <!-- setUp -->
        <test-method signature="UlogoAllassignmentsPage()[pri:0, instance:com.younited.qa.testcases.UlogoAllassignmentsPageTest@72e5a8e]" started-at="2024-02-07T18:34:13 IST" name="UlogoAllassignmentsPage" finished-at="2024-02-07T18:34:58 IST" duration-ms="44999" status="PASS">
          <reporter-output>
          </reporter-output>
        </test-method> <!-- UlogoAllassignmentsPage -->
        <test-method is-config="true" signature="tearDown()[pri:0, instance:com.younited.qa.testcases.UlogoAllassignmentsPageTest@72e5a8e]" started-at="2024-02-07T18:34:58 IST" name="tearDown" finished-at="2024-02-07T18:34:58 IST" duration-ms="212" status="PASS">
          <reporter-output>
          </reporter-output>
        </test-method> <!-- tearDown -->
      </class> <!-- com.younited.qa.testcases.UlogoAllassignmentsPageTest -->
    </test> <!-- Default test -->
  </suite> <!-- Default suite -->
</testng-results>
