<?xml version="1.0" encoding="UTF-8"?>
<testng-results ignored="0" total="1" passed="1" failed="0" skipped="0">
  <reporter-output>
  </reporter-output>
  <suite started-at="2024-04-04T15:43:34 IST" name="Default suite" finished-at="2024-04-04T15:46:35 IST" duration-ms="181123">
    <groups>
    </groups>
    <test started-at="2024-04-04T15:43:34 IST" name="Default test" finished-at="2024-04-04T15:46:35 IST" duration-ms="181123">
      <class name="com.younited.qa.testcases.CompleteAssignmentTest">
        <test-method is-config="true" signature="setUp()[pri:0, instance:com.younited.qa.testcases.CompleteAssignmentTest@273e7444]" started-at="2024-04-04T15:43:34 IST" name="setUp" finished-at="2024-04-04T15:44:58 IST" duration-ms="83877" status="PASS">
          <reporter-output>
          </reporter-output>
        </test-method> <!-- setUp -->
        <test-method signature="completeAssignmentTest()[pri:0, instance:com.younited.qa.testcases.CompleteAssignmentTest@273e7444]" started-at="2024-04-04T15:44:58 IST" name="completeAssignmentTest" finished-at="2024-04-04T15:46:35 IST" duration-ms="97217" status="PASS">
          <reporter-output>
          </reporter-output>
        </test-method> <!-- completeAssignmentTest -->
        <test-method is-config="true" signature="tearDown()[pri:0, instance:com.younited.qa.testcases.CompleteAssignmentTest@273e7444]" started-at="2024-04-04T15:46:35 IST" name="tearDown" finished-at="2024-04-04T15:46:35 IST" duration-ms="0" status="PASS">
          <reporter-output>
          </reporter-output>
        </test-method> <!-- tearDown -->
      </class> <!-- com.younited.qa.testcases.CompleteAssignmentTest -->
    </test> <!-- Default test -->
  </suite> <!-- Default suite -->
</testng-results>
