<?xml version="1.0" encoding="UTF-8"?>
<testng-results ignored="0" total="1" passed="1" failed="0" skipped="0">
  <reporter-output>
  </reporter-output>
  <suite started-at="2024-07-02T14:59:22 IST" name="Default suite" finished-at="2024-07-02T15:00:36 IST" duration-ms="74387">
    <groups>
    </groups>
    <test started-at="2024-07-02T14:59:22 IST" name="Default test" finished-at="2024-07-02T15:00:36 IST" duration-ms="74387">
      <class name="com.younited.qa.testcases.MycompanyPageFreeTest">
        <test-method is-config="true" signature="setUp()[pri:0, instance:com.younited.qa.testcases.MycompanyPageFreeTest@273e7444]" started-at="2024-07-02T14:59:22 IST" name="setUp" finished-at="2024-07-02T15:00:26 IST" duration-ms="64214" status="PASS">
          <reporter-output>
          </reporter-output>
        </test-method> <!-- setUp -->
        <test-method signature="myCompanyPageFreeTest()[pri:0, instance:com.younited.qa.testcases.MycompanyPageFreeTest@273e7444]" started-at="2024-07-02T15:00:26 IST" name="myCompanyPageFreeTest" finished-at="2024-07-02T15:00:36 IST" duration-ms="10150" status="PASS">
          <reporter-output>
          </reporter-output>
        </test-method> <!-- myCompanyPageFreeTest -->
        <test-method is-config="true" signature="tearDown()[pri:0, instance:com.younited.qa.testcases.MycompanyPageFreeTest@273e7444]" started-at="2024-07-02T15:00:36 IST" name="tearDown" finished-at="2024-07-02T15:00:36 IST" duration-ms="0" status="PASS">
          <reporter-output>
          </reporter-output>
        </test-method> <!-- tearDown -->
      </class> <!-- com.younited.qa.testcases.MycompanyPageFreeTest -->
    </test> <!-- Default test -->
  </suite> <!-- Default suite -->
</testng-results>
