<?xml version="1.0" encoding="UTF-8"?>
<testng-results ignored="0" total="1" passed="1" failed="0" skipped="0">
  <reporter-output>
  </reporter-output>
  <suite started-at="2025-01-08T17:17:51 IST" name="Default suite" finished-at="2025-01-08T17:19:43 IST" duration-ms="111758">
    <groups>
    </groups>
    <test started-at="2025-01-08T17:17:51 IST" name="Default test" finished-at="2025-01-08T17:19:43 IST" duration-ms="111758">
      <class name="com.younited.qa.testcases.UlogoProfilestatisticsPageTest">
        <test-method is-config="true" signature="setUp()[pri:0, instance:com.younited.qa.testcases.UlogoProfilestatisticsPageTest@2d52216b]" started-at="2025-01-08T17:17:51 IST" name="setUp" finished-at="2025-01-08T17:18:43 IST" duration-ms="51661" status="PASS">
          <reporter-output>
          </reporter-output>
        </test-method> <!-- setUp -->
        <test-method signature="UlogoProfilestatisticsPage()[pri:0, instance:com.younited.qa.testcases.UlogoProfilestatisticsPageTest@2d52216b]" started-at="2025-01-08T17:18:43 IST" name="UlogoProfilestatisticsPage" finished-at="2025-01-08T17:19:42 IST" duration-ms="59612" status="PASS">
          <reporter-output>
          </reporter-output>
        </test-method> <!-- UlogoProfilestatisticsPage -->
        <test-method is-config="true" signature="tearDown()[pri:0, instance:com.younited.qa.testcases.UlogoProfilestatisticsPageTest@2d52216b]" started-at="2025-01-08T17:19:42 IST" name="tearDown" finished-at="2025-01-08T17:19:43 IST" duration-ms="446" status="PASS">
          <reporter-output>
          </reporter-output>
        </test-method> <!-- tearDown -->
      </class> <!-- com.younited.qa.testcases.UlogoProfilestatisticsPageTest -->
    </test> <!-- Default test -->
  </suite> <!-- Default suite -->
</testng-results>
