<?xml version="1.0" encoding="UTF-8"?>
<testng-results ignored="0" total="1" passed="1" failed="0" skipped="0">
  <reporter-output>
  </reporter-output>
  <suite started-at="2024-06-11T17:06:26 IST" name="Default suite" finished-at="2024-06-11T17:08:25 IST" duration-ms="118790">
    <groups>
    </groups>
    <test started-at="2024-06-11T17:06:26 IST" name="Default test" finished-at="2024-06-11T17:08:25 IST" duration-ms="118790">
      <class name="com.younited.qa.testcases.UlogoIntermediarycompaniesPageTest">
        <test-method is-config="true" signature="setUp()[pri:0, instance:com.younited.qa.testcases.UlogoIntermediarycompaniesPageTest@273e7444]" started-at="2024-06-11T17:06:26 IST" name="setUp" finished-at="2024-06-11T17:07:31 IST" duration-ms="65668" status="PASS">
          <reporter-output>
          </reporter-output>
        </test-method> <!-- setUp -->
        <test-method signature="UlogoIntermediarycompanyPage()[pri:0, instance:com.younited.qa.testcases.UlogoIntermediarycompaniesPageTest@273e7444]" started-at="2024-06-11T17:07:31 IST" name="UlogoIntermediarycompanyPage" finished-at="2024-06-11T17:08:25 IST" duration-ms="53094" status="PASS">
          <reporter-output>
          </reporter-output>
        </test-method> <!-- UlogoIntermediarycompanyPage -->
        <test-method is-config="true" signature="tearDown()[pri:0, instance:com.younited.qa.testcases.UlogoIntermediarycompaniesPageTest@273e7444]" started-at="2024-06-11T17:08:25 IST" name="tearDown" finished-at="2024-06-11T17:08:25 IST" duration-ms="1" status="PASS">
          <reporter-output>
          </reporter-output>
        </test-method> <!-- tearDown -->
      </class> <!-- com.younited.qa.testcases.UlogoIntermediarycompaniesPageTest -->
    </test> <!-- Default test -->
  </suite> <!-- Default suite -->
</testng-results>
