<?xml version="1.0" encoding="UTF-8"?>
<testng-results ignored="0" total="1" passed="1" failed="0" skipped="0">
  <reporter-output>
  </reporter-output>
  <suite started-at="2024-07-05T16:21:32 IST" name="Default suite" finished-at="2024-07-05T16:22:50 IST" duration-ms="78020">
    <groups>
    </groups>
    <test started-at="2024-07-05T16:21:32 IST" name="Default test" finished-at="2024-07-05T16:22:50 IST" duration-ms="78020">
      <class name="com.younited.qa.testcases.UlogoStoresuppliersPageTest">
        <test-method is-config="true" signature="setUp()[pri:0, instance:com.younited.qa.testcases.UlogoStoresuppliersPageTest@273e7444]" started-at="2024-07-05T16:21:32 IST" name="setUp" finished-at="2024-07-05T16:22:23 IST" duration-ms="51084" status="PASS">
          <reporter-output>
          </reporter-output>
        </test-method> <!-- setUp -->
        <test-method signature="test()[pri:0, instance:com.younited.qa.testcases.UlogoStoresuppliersPageTest@273e7444]" started-at="2024-07-05T16:22:23 IST" name="test" finished-at="2024-07-05T16:22:50 IST" duration-ms="26675" status="PASS">
          <reporter-output>
          </reporter-output>
        </test-method> <!-- test -->
        <test-method is-config="true" signature="tearDown()[pri:0, instance:com.younited.qa.testcases.UlogoStoresuppliersPageTest@273e7444]" started-at="2024-07-05T16:22:50 IST" name="tearDown" finished-at="2024-07-05T16:22:50 IST" duration-ms="245" status="PASS">
          <reporter-output>
          </reporter-output>
        </test-method> <!-- tearDown -->
      </class> <!-- com.younited.qa.testcases.UlogoStoresuppliersPageTest -->
    </test> <!-- Default test -->
  </suite> <!-- Default suite -->
</testng-results>
