<?xml version="1.0" encoding="UTF-8"?>
<testng-results ignored="0" total="3" passed="3" failed="0" skipped="0">
  <reporter-output>
  </reporter-output>
  <suite started-at="2024-08-29T19:18:17 IST" name="Default suite" finished-at="2024-08-29T19:19:18 IST" duration-ms="60722">
    <groups>
    </groups>
    <test started-at="2024-08-29T19:18:17 IST" name="Default test" finished-at="2024-08-29T19:19:18 IST" duration-ms="60722">
      <class name="com.younited.qa.testcases.LoginPageTest">
        <test-method is-config="true" signature="setUp()[pri:0, instance:com.younited.qa.testcases.LoginPageTest@783a467b]" started-at="2024-08-29T19:18:17 IST" name="setUp" finished-at="2024-08-29T19:18:22 IST" duration-ms="4614" status="PASS">
          <reporter-output>
          </reporter-output>
        </test-method> <!-- setUp -->
        <test-method signature="loginPageTitleTest()[pri:1, instance:com.younited.qa.testcases.LoginPageTest@783a467b]" started-at="2024-08-29T19:18:22 IST" name="loginPageTitleTest" finished-at="2024-08-29T19:18:30 IST" duration-ms="8017" status="PASS">
          <reporter-output>
          </reporter-output>
        </test-method> <!-- loginPageTitleTest -->
        <test-method is-config="true" signature="tearDown()[pri:0, instance:com.younited.qa.testcases.LoginPageTest@783a467b]" started-at="2024-08-29T19:18:30 IST" name="tearDown" finished-at="2024-08-29T19:18:30 IST" duration-ms="196" status="PASS">
          <reporter-output>
          </reporter-output>
        </test-method> <!-- tearDown -->
        <test-method is-config="true" signature="setUp()[pri:0, instance:com.younited.qa.testcases.LoginPageTest@783a467b]" started-at="2024-08-29T19:18:30 IST" name="setUp" finished-at="2024-08-29T19:18:34 IST" duration-ms="3903" status="PASS">
          <reporter-output>
          </reporter-output>
        </test-method> <!-- setUp -->
        <test-method signature="imageLogoTest()[pri:2, instance:com.younited.qa.testcases.LoginPageTest@783a467b]" started-at="2024-08-29T19:18:34 IST" name="imageLogoTest" finished-at="2024-08-29T19:18:42 IST" duration-ms="8002" status="PASS">
          <reporter-output>
          </reporter-output>
        </test-method> <!-- imageLogoTest -->
        <test-method is-config="true" signature="tearDown()[pri:0, instance:com.younited.qa.testcases.LoginPageTest@783a467b]" started-at="2024-08-29T19:18:42 IST" name="tearDown" finished-at="2024-08-29T19:18:42 IST" duration-ms="215" status="PASS">
          <reporter-output>
          </reporter-output>
        </test-method> <!-- tearDown -->
        <test-method is-config="true" signature="setUp()[pri:0, instance:com.younited.qa.testcases.LoginPageTest@783a467b]" started-at="2024-08-29T19:18:42 IST" name="setUp" finished-at="2024-08-29T19:18:46 IST" duration-ms="3889" status="PASS">
          <reporter-output>
          </reporter-output>
        </test-method> <!-- setUp -->
        <test-method signature="loginTest()[pri:3, instance:com.younited.qa.testcases.LoginPageTest@783a467b]" started-at="2024-08-29T19:18:46 IST" name="loginTest" finished-at="2024-08-29T19:19:18 IST" duration-ms="31591" status="PASS">
          <reporter-output>
          </reporter-output>
        </test-method> <!-- loginTest -->
        <test-method is-config="true" signature="tearDown()[pri:0, instance:com.younited.qa.testcases.LoginPageTest@783a467b]" started-at="2024-08-29T19:19:18 IST" name="tearDown" finished-at="2024-08-29T19:19:18 IST" duration-ms="246" status="PASS">
          <reporter-output>
          </reporter-output>
        </test-method> <!-- tearDown -->
      </class> <!-- com.younited.qa.testcases.LoginPageTest -->
    </test> <!-- Default test -->
  </suite> <!-- Default suite -->
</testng-results>
