<?xml version="1.0" encoding="UTF-8"?>
<testng-results ignored="0" total="3" passed="3" failed="0" skipped="0">
  <reporter-output>
  </reporter-output>
  <suite started-at="2024-06-07T16:33:00 IST" name="Default suite" finished-at="2024-06-07T16:35:33 IST" duration-ms="153515">
    <groups>
    </groups>
    <test started-at="2024-06-07T16:33:00 IST" name="Default test" finished-at="2024-06-07T16:35:33 IST" duration-ms="153515">
      <class name="com.younited.qa.testcases.HomePageTest">
        <test-method is-config="true" signature="setUp()[pri:0, instance:com.younited.qa.testcases.HomePageTest@783a467b]" started-at="2024-06-07T16:33:00 IST" name="setUp" finished-at="2024-06-07T16:33:44 IST" duration-ms="44829" status="PASS">
          <reporter-output>
          </reporter-output>
        </test-method> <!-- setUp -->
        <test-method signature="homePageTitleTest()[pri:1, instance:com.younited.qa.testcases.HomePageTest@783a467b]" started-at="2024-06-07T16:33:44 IST" name="homePageTitleTest" finished-at="2024-06-07T16:33:52 IST" duration-ms="8034" status="PASS">
          <reporter-output>
          </reporter-output>
        </test-method> <!-- homePageTitleTest -->
        <test-method is-config="true" signature="tearDown()[pri:0, instance:com.younited.qa.testcases.HomePageTest@783a467b]" started-at="2024-06-07T16:33:52 IST" name="tearDown" finished-at="2024-06-07T16:33:53 IST" duration-ms="271" status="PASS">
          <reporter-output>
          </reporter-output>
        </test-method> <!-- tearDown -->
        <test-method is-config="true" signature="setUp()[pri:0, instance:com.younited.qa.testcases.HomePageTest@783a467b]" started-at="2024-06-07T16:33:53 IST" name="setUp" finished-at="2024-06-07T16:34:32 IST" duration-ms="38905" status="PASS">
          <reporter-output>
          </reporter-output>
        </test-method> <!-- setUp -->
        <test-method signature="verifyImageLogoTest()[pri:2, instance:com.younited.qa.testcases.HomePageTest@783a467b]" started-at="2024-06-07T16:34:32 IST" name="verifyImageLogoTest" finished-at="2024-06-07T16:34:40 IST" duration-ms="8088" status="PASS">
          <reporter-output>
          </reporter-output>
        </test-method> <!-- verifyImageLogoTest -->
        <test-method is-config="true" signature="tearDown()[pri:0, instance:com.younited.qa.testcases.HomePageTest@783a467b]" started-at="2024-06-07T16:34:40 IST" name="tearDown" finished-at="2024-06-07T16:34:40 IST" duration-ms="247" status="PASS">
          <reporter-output>
          </reporter-output>
        </test-method> <!-- tearDown -->
        <test-method is-config="true" signature="setUp()[pri:0, instance:com.younited.qa.testcases.HomePageTest@783a467b]" started-at="2024-06-07T16:34:40 IST" name="setUp" finished-at="2024-06-07T16:35:19 IST" duration-ms="38792" status="PASS">
          <reporter-output>
          </reporter-output>
        </test-method> <!-- setUp -->
        <test-method signature="myAssignmentsPage()[pri:3, instance:com.younited.qa.testcases.HomePageTest@783a467b]" started-at="2024-06-07T16:35:19 IST" name="myAssignmentsPage" finished-at="2024-06-07T16:35:33 IST" duration-ms="14083" status="PASS">
          <reporter-output>
          </reporter-output>
        </test-method> <!-- myAssignmentsPage -->
        <test-method is-config="true" signature="tearDown()[pri:0, instance:com.younited.qa.testcases.HomePageTest@783a467b]" started-at="2024-06-07T16:35:33 IST" name="tearDown" finished-at="2024-06-07T16:35:33 IST" duration-ms="206" status="PASS">
          <reporter-output>
          </reporter-output>
        </test-method> <!-- tearDown -->
      </class> <!-- com.younited.qa.testcases.HomePageTest -->
    </test> <!-- Default test -->
  </suite> <!-- Default suite -->
</testng-results>
