<?xml version="1.0" encoding="UTF-8"?>
<testng-results ignored="0" total="1" passed="1" failed="0" skipped="0">
  <reporter-output>
  </reporter-output>
  <suite started-at="2024-04-08T19:42:16 IST" name="Default suite" finished-at="2024-04-08T19:43:59 IST" duration-ms="102362">
    <groups>
    </groups>
    <test started-at="2024-04-08T19:42:16 IST" name="Default test" finished-at="2024-04-08T19:43:59 IST" duration-ms="102362">
      <class name="com.younited.qa.testcases.MyAssignmentsPageTest">
        <test-method is-config="true" signature="setUp()[pri:0, instance:com.younited.qa.testcases.MyAssignmentsPageTest@273e7444]" started-at="2024-04-08T19:42:16 IST" name="setUp" finished-at="2024-04-08T19:42:59 IST" duration-ms="43213" status="PASS">
          <reporter-output>
          </reporter-output>
        </test-method> <!-- setUp -->
        <test-method signature="myAssignmentsPageTest()[pri:0, instance:com.younited.qa.testcases.MyAssignmentsPageTest@273e7444]" started-at="2024-04-08T19:42:59 IST" name="myAssignmentsPageTest" finished-at="2024-04-08T19:43:58 IST" duration-ms="58920" status="PASS">
          <reporter-output>
          </reporter-output>
        </test-method> <!-- myAssignmentsPageTest -->
        <test-method is-config="true" signature="tearDown()[pri:0, instance:com.younited.qa.testcases.MyAssignmentsPageTest@273e7444]" started-at="2024-04-08T19:43:58 IST" name="tearDown" finished-at="2024-04-08T19:43:59 IST" duration-ms="204" status="PASS">
          <reporter-output>
          </reporter-output>
        </test-method> <!-- tearDown -->
      </class> <!-- com.younited.qa.testcases.MyAssignmentsPageTest -->
    </test> <!-- Default test -->
  </suite> <!-- Default suite -->
</testng-results>
