<?xml version="1.0" encoding="UTF-8"?>
<testng-results ignored="0" total="2" passed="2" failed="0" skipped="0">
  <reporter-output>
  </reporter-output>
  <suite started-at="2024-08-20T16:18:56 IST" name="Default suite" finished-at="2024-08-20T16:20:34 IST" duration-ms="97844">
    <groups>
    </groups>
    <test started-at="2024-08-20T16:18:56 IST" name="Default test" finished-at="2024-08-20T16:20:34 IST" duration-ms="97844">
      <class name="com.younited.qa.testcases.HomePageTest">
        <test-method is-config="true" signature="setUp()[pri:0, instance:com.younited.qa.testcases.HomePageTest@7db12bb6]" started-at="2024-08-20T16:18:56 IST" name="setUp" finished-at="2024-08-20T16:19:23 IST" duration-ms="27187" status="PASS">
          <reporter-output>
          </reporter-output>
        </test-method> <!-- setUp -->
        <test-method signature="homePageTitleTest()[pri:1, instance:com.younited.qa.testcases.HomePageTest@7db12bb6]" started-at="2024-08-20T16:19:23 IST" name="homePageTitleTest" finished-at="2024-08-20T16:19:43 IST" duration-ms="20435" status="PASS">
          <reporter-output>
          </reporter-output>
        </test-method> <!-- homePageTitleTest -->
        <test-method is-config="true" signature="tearDown()[pri:0, instance:com.younited.qa.testcases.HomePageTest@7db12bb6]" started-at="2024-08-20T16:19:43 IST" name="tearDown" finished-at="2024-08-20T16:19:44 IST" duration-ms="253" status="PASS">
          <reporter-output>
          </reporter-output>
        </test-method> <!-- tearDown -->
        <test-method is-config="true" signature="setUp()[pri:0, instance:com.younited.qa.testcases.HomePageTest@7db12bb6]" started-at="2024-08-20T16:19:44 IST" name="setUp" finished-at="2024-08-20T16:20:07 IST" duration-ms="23438" status="PASS">
          <reporter-output>
          </reporter-output>
        </test-method> <!-- setUp -->
        <test-method signature="myAssignmentsPage()[pri:2, instance:com.younited.qa.testcases.HomePageTest@7db12bb6]" started-at="2024-08-20T16:20:07 IST" name="myAssignmentsPage" finished-at="2024-08-20T16:20:33 IST" duration-ms="26307" status="PASS">
          <reporter-output>
          </reporter-output>
        </test-method> <!-- myAssignmentsPage -->
        <test-method is-config="true" signature="tearDown()[pri:0, instance:com.younited.qa.testcases.HomePageTest@7db12bb6]" started-at="2024-08-20T16:20:33 IST" name="tearDown" finished-at="2024-08-20T16:20:34 IST" duration-ms="189" status="PASS">
          <reporter-output>
          </reporter-output>
        </test-method> <!-- tearDown -->
      </class> <!-- com.younited.qa.testcases.HomePageTest -->
    </test> <!-- Default test -->
  </suite> <!-- Default suite -->
</testng-results>
