<?xml version="1.0" encoding="UTF-8"?>
<testng-results ignored="0" total="1" passed="1" failed="0" skipped="0">
  <reporter-output>
  </reporter-output>
  <suite started-at="2024-04-03T19:05:43 IST" name="Default suite" finished-at="2024-04-03T19:06:19 IST" duration-ms="36115">
    <groups>
    </groups>
    <test started-at="2024-04-03T19:05:43 IST" name="Default test" finished-at="2024-04-03T19:06:19 IST" duration-ms="36115">
      <class name="com.younited.qa.testcases.UlogoChatPageTest">
        <test-method is-config="true" signature="setUp()[pri:0, instance:com.younited.qa.testcases.UlogoChatPageTest@273e7444]" started-at="2024-04-03T19:05:43 IST" name="setUp" finished-at="2024-04-03T19:06:19 IST" duration-ms="35886" status="PASS">
          <reporter-output>
          </reporter-output>
        </test-method> <!-- setUp -->
        <test-method signature="chatPage()[pri:0, instance:com.younited.qa.testcases.UlogoChatPageTest@273e7444]" started-at="2024-04-03T19:06:19 IST" name="chatPage" finished-at="2024-04-03T19:06:19 IST" duration-ms="9" status="PASS">
          <reporter-output>
          </reporter-output>
        </test-method> <!-- chatPage -->
        <test-method is-config="true" signature="tearDown()[pri:0, instance:com.younited.qa.testcases.UlogoChatPageTest@273e7444]" started-at="2024-04-03T19:06:19 IST" name="tearDown" finished-at="2024-04-03T19:06:19 IST" duration-ms="196" status="PASS">
          <reporter-output>
          </reporter-output>
        </test-method> <!-- tearDown -->
      </class> <!-- com.younited.qa.testcases.UlogoChatPageTest -->
    </test> <!-- Default test -->
  </suite> <!-- Default suite -->
</testng-results>
