<?xml version="1.0" encoding="UTF-8"?>
<testng-results ignored="0" total="1" passed="1" failed="0" skipped="0">
  <reporter-output>
  </reporter-output>
  <suite started-at="2025-01-06T16:46:57 IST" name="Default suite" finished-at="2025-01-06T16:49:48 IST" duration-ms="170624">
    <groups>
    </groups>
    <test started-at="2025-01-06T16:46:57 IST" name="Default test" finished-at="2025-01-06T16:49:48 IST" duration-ms="170624">
      <class name="com.younited.qa.testcases.StorePageFreeTest">
        <test-method is-config="true" signature="setUp()[pri:0, instance:com.younited.qa.testcases.StorePageFreeTest@2d52216b]" started-at="2025-01-06T16:46:57 IST" name="setUp" finished-at="2025-01-06T16:47:46 IST" duration-ms="48742" status="PASS">
          <reporter-output>
          </reporter-output>
        </test-method> <!-- setUp -->
        <test-method signature="clickStoreTab()[pri:0, instance:com.younited.qa.testcases.StorePageFreeTest@2d52216b]" started-at="2025-01-06T16:47:46 IST" name="clickStoreTab" finished-at="2025-01-06T16:49:48 IST" duration-ms="121591" status="PASS">
          <reporter-output>
          </reporter-output>
        </test-method> <!-- clickStoreTab -->
        <test-method is-config="true" signature="tearDown()[pri:0, instance:com.younited.qa.testcases.StorePageFreeTest@2d52216b]" started-at="2025-01-06T16:49:48 IST" name="tearDown" finished-at="2025-01-06T16:49:48 IST" duration-ms="261" status="PASS">
          <reporter-output>
          </reporter-output>
        </test-method> <!-- tearDown -->
      </class> <!-- com.younited.qa.testcases.StorePageFreeTest -->
    </test> <!-- Default test -->
  </suite> <!-- Default suite -->
</testng-results>
