<?xml version="1.0" encoding="UTF-8"?>
<testng-results ignored="0" total="1" passed="1" failed="0" skipped="0">
  <reporter-output>
  </reporter-output>
  <suite started-at="2024-07-30T11:54:01 IST" name="Default suite" finished-at="2024-07-30T11:58:06 IST" duration-ms="245029">
    <groups>
    </groups>
    <test started-at="2024-07-30T11:54:01 IST" name="Default test" finished-at="2024-07-30T11:58:06 IST" duration-ms="245029">
      <class name="com.younited.qa.testcases.MatchPageAdminTest">
        <test-method is-config="true" signature="setUp()[pri:0, instance:com.younited.qa.testcases.MatchPageAdminTest@273e7444]" started-at="2024-07-30T11:54:01 IST" name="setUp" finished-at="2024-07-30T11:54:40 IST" duration-ms="38499" status="PASS">
          <reporter-output>
          </reporter-output>
        </test-method> <!-- setUp -->
        <test-method signature="match()[pri:0, instance:com.younited.qa.testcases.MatchPageAdminTest@273e7444]" started-at="2024-07-30T11:54:40 IST" name="match" finished-at="2024-07-30T11:58:06 IST" duration-ms="206151" status="PASS">
          <reporter-output>
          </reporter-output>
        </test-method> <!-- match -->
        <test-method is-config="true" signature="tearDown()[pri:0, instance:com.younited.qa.testcases.MatchPageAdminTest@273e7444]" started-at="2024-07-30T11:58:06 IST" name="tearDown" finished-at="2024-07-30T11:58:06 IST" duration-ms="338" status="PASS">
          <reporter-output>
          </reporter-output>
        </test-method> <!-- tearDown -->
      </class> <!-- com.younited.qa.testcases.MatchPageAdminTest -->
    </test> <!-- Default test -->
  </suite> <!-- Default suite -->
</testng-results>
