<?xml version="1.0" encoding="UTF-8"?>
<testng-results ignored="0" total="1" passed="1" failed="0" skipped="0">
  <reporter-output>
  </reporter-output>
  <suite started-at="2024-09-02T19:45:51 IST" name="Default suite" finished-at="2024-09-02T19:47:37 IST" duration-ms="106282">
    <groups>
    </groups>
    <test started-at="2024-09-02T19:45:51 IST" name="Default test" finished-at="2024-09-02T19:47:37 IST" duration-ms="106282">
      <class name="com.younited.qa.testcases.UlogoProfilestatisticsPageTest">
        <test-method is-config="true" signature="setUp()[pri:0, instance:com.younited.qa.testcases.UlogoProfilestatisticsPageTest@273e7444]" started-at="2024-09-02T19:45:51 IST" name="setUp" finished-at="2024-09-02T19:46:38 IST" duration-ms="47091" status="PASS">
          <reporter-output>
          </reporter-output>
        </test-method> <!-- setUp -->
        <test-method signature="UlogoProfilestatisticsPage()[pri:0, instance:com.younited.qa.testcases.UlogoProfilestatisticsPageTest@273e7444]" started-at="2024-09-02T19:46:38 IST" name="UlogoProfilestatisticsPage" finished-at="2024-09-02T19:47:37 IST" duration-ms="58902" status="PASS">
          <reporter-output>
          </reporter-output>
        </test-method> <!-- UlogoProfilestatisticsPage -->
        <test-method is-config="true" signature="tearDown()[pri:0, instance:com.younited.qa.testcases.UlogoProfilestatisticsPageTest@273e7444]" started-at="2024-09-02T19:47:37 IST" name="tearDown" finished-at="2024-09-02T19:47:37 IST" duration-ms="255" status="PASS">
          <reporter-output>
          </reporter-output>
        </test-method> <!-- tearDown -->
      </class> <!-- com.younited.qa.testcases.UlogoProfilestatisticsPageTest -->
    </test> <!-- Default test -->
  </suite> <!-- Default suite -->
</testng-results>
