<?xml version="1.0" encoding="UTF-8"?>
<testng-results ignored="0" total="1" passed="1" failed="0" skipped="0">
  <reporter-output>
  </reporter-output>
  <suite started-at="2024-06-12T12:23:32 IST" name="Default suite" finished-at="2024-06-12T12:25:40 IST" duration-ms="127605">
    <groups>
    </groups>
    <test started-at="2024-06-12T12:23:32 IST" name="Default test" finished-at="2024-06-12T12:25:40 IST" duration-ms="127605">
      <class name="com.younited.qa.testcases.MyAssignmentsPageTest">
        <test-method is-config="true" signature="setUp()[pri:0, instance:com.younited.qa.testcases.MyAssignmentsPageTest@273e7444]" started-at="2024-06-12T12:23:32 IST" name="setUp" finished-at="2024-06-12T12:24:34 IST" duration-ms="61979" status="PASS">
          <reporter-output>
          </reporter-output>
        </test-method> <!-- setUp -->
        <test-method signature="myAssignmentsPageTest()[pri:0, instance:com.younited.qa.testcases.MyAssignmentsPageTest@273e7444]" started-at="2024-06-12T12:24:34 IST" name="myAssignmentsPageTest" finished-at="2024-06-12T12:25:39 IST" duration-ms="65210" status="PASS">
          <reporter-output>
          </reporter-output>
        </test-method> <!-- myAssignmentsPageTest -->
        <test-method is-config="true" signature="tearDown()[pri:0, instance:com.younited.qa.testcases.MyAssignmentsPageTest@273e7444]" started-at="2024-06-12T12:25:39 IST" name="tearDown" finished-at="2024-06-12T12:25:40 IST" duration-ms="360" status="PASS">
          <reporter-output>
          </reporter-output>
        </test-method> <!-- tearDown -->
      </class> <!-- com.younited.qa.testcases.MyAssignmentsPageTest -->
    </test> <!-- Default test -->
  </suite> <!-- Default suite -->
</testng-results>
