<?xml version="1.0" encoding="UTF-8"?>
<testng-results ignored="0" total="3" passed="3" failed="0" skipped="0">
  <reporter-output>
  </reporter-output>
  <suite started-at="2024-06-27T19:28:17 IST" name="Default suite" finished-at="2024-06-27T19:30:34 IST" duration-ms="136891">
    <groups>
    </groups>
    <test started-at="2024-06-27T19:28:17 IST" name="Default test" finished-at="2024-06-27T19:30:34 IST" duration-ms="136891">
      <class name="com.younited.qa.testcases.HomePageTest">
        <test-method is-config="true" signature="setUp()[pri:0, instance:com.younited.qa.testcases.HomePageTest@783a467b]" started-at="2024-06-27T19:28:17 IST" name="setUp" finished-at="2024-06-27T19:28:52 IST" duration-ms="35649" status="PASS">
          <reporter-output>
          </reporter-output>
        </test-method> <!-- setUp -->
        <test-method signature="homePageTitleTest()[pri:1, instance:com.younited.qa.testcases.HomePageTest@783a467b]" started-at="2024-06-27T19:28:52 IST" name="homePageTitleTest" finished-at="2024-06-27T19:29:00 IST" duration-ms="8041" status="PASS">
          <reporter-output>
          </reporter-output>
        </test-method> <!-- homePageTitleTest -->
        <test-method is-config="true" signature="tearDown()[pri:0, instance:com.younited.qa.testcases.HomePageTest@783a467b]" started-at="2024-06-27T19:29:00 IST" name="tearDown" finished-at="2024-06-27T19:29:02 IST" duration-ms="1132" status="PASS">
          <reporter-output>
          </reporter-output>
        </test-method> <!-- tearDown -->
        <test-method is-config="true" signature="setUp()[pri:0, instance:com.younited.qa.testcases.HomePageTest@783a467b]" started-at="2024-06-27T19:29:02 IST" name="setUp" finished-at="2024-06-27T19:29:37 IST" duration-ms="35590" status="PASS">
          <reporter-output>
          </reporter-output>
        </test-method> <!-- setUp -->
        <test-method signature="verifyImageLogoTest()[pri:2, instance:com.younited.qa.testcases.HomePageTest@783a467b]" started-at="2024-06-27T19:29:37 IST" name="verifyImageLogoTest" finished-at="2024-06-27T19:29:45 IST" duration-ms="8061" status="PASS">
          <reporter-output>
          </reporter-output>
        </test-method> <!-- verifyImageLogoTest -->
        <test-method is-config="true" signature="tearDown()[pri:0, instance:com.younited.qa.testcases.HomePageTest@783a467b]" started-at="2024-06-27T19:29:45 IST" name="tearDown" finished-at="2024-06-27T19:29:45 IST" duration-ms="121" status="PASS">
          <reporter-output>
          </reporter-output>
        </test-method> <!-- tearDown -->
        <test-method is-config="true" signature="setUp()[pri:0, instance:com.younited.qa.testcases.HomePageTest@783a467b]" started-at="2024-06-27T19:29:45 IST" name="setUp" finished-at="2024-06-27T19:30:19 IST" duration-ms="34076" status="PASS">
          <reporter-output>
          </reporter-output>
        </test-method> <!-- setUp -->
        <test-method signature="myAssignmentsPage()[pri:3, instance:com.younited.qa.testcases.HomePageTest@783a467b]" started-at="2024-06-27T19:30:19 IST" name="myAssignmentsPage" finished-at="2024-06-27T19:30:33 IST" duration-ms="14059" status="PASS">
          <reporter-output>
          </reporter-output>
        </test-method> <!-- myAssignmentsPage -->
        <test-method is-config="true" signature="tearDown()[pri:0, instance:com.younited.qa.testcases.HomePageTest@783a467b]" started-at="2024-06-27T19:30:33 IST" name="tearDown" finished-at="2024-06-27T19:30:34 IST" duration-ms="122" status="PASS">
          <reporter-output>
          </reporter-output>
        </test-method> <!-- tearDown -->
      </class> <!-- com.younited.qa.testcases.HomePageTest -->
    </test> <!-- Default test -->
  </suite> <!-- Default suite -->
</testng-results>
