<?xml version="1.0" encoding="UTF-8"?>
<testng-results ignored="0" total="1" passed="1" failed="0" skipped="0">
  <reporter-output>
  </reporter-output>
  <suite started-at="2024-06-20T19:10:08 IST" name="Default suite" finished-at="2024-06-20T19:13:04 IST" duration-ms="176307">
    <groups>
    </groups>
    <test started-at="2024-06-20T19:10:08 IST" name="Default test" finished-at="2024-06-20T19:13:04 IST" duration-ms="176307">
      <class name="com.younited.qa.testcases.UlogoDasAssignmentsPageTest">
        <test-method is-config="true" signature="setUp()[pri:0, instance:com.younited.qa.testcases.UlogoDasAssignmentsPageTest@273e7444]" started-at="2024-06-20T19:10:08 IST" name="setUp" finished-at="2024-06-20T19:11:14 IST" duration-ms="66155" status="PASS">
          <reporter-output>
          </reporter-output>
        </test-method> <!-- setUp -->
        <test-method signature="UlogoDasAssignmentsPage()[pri:0, instance:com.younited.qa.testcases.UlogoDasAssignmentsPageTest@273e7444]" started-at="2024-06-20T19:11:14 IST" name="UlogoDasAssignmentsPage" finished-at="2024-06-20T19:13:04 IST" duration-ms="109885" status="PASS">
          <reporter-output>
          </reporter-output>
        </test-method> <!-- UlogoDasAssignmentsPage -->
        <test-method is-config="true" signature="tearDown()[pri:0, instance:com.younited.qa.testcases.UlogoDasAssignmentsPageTest@273e7444]" started-at="2024-06-20T19:13:04 IST" name="tearDown" finished-at="2024-06-20T19:13:04 IST" duration-ms="245" status="PASS">
          <reporter-output>
          </reporter-output>
        </test-method> <!-- tearDown -->
      </class> <!-- com.younited.qa.testcases.UlogoDasAssignmentsPageTest -->
    </test> <!-- Default test -->
  </suite> <!-- Default suite -->
</testng-results>
