<?xml version="1.0" encoding="UTF-8"?>
<testng-results ignored="0" total="1" passed="1" failed="0" skipped="0">
  <reporter-output>
  </reporter-output>
  <suite started-at="2024-10-29T14:25:45 IST" name="Default suite" finished-at="2024-10-29T14:28:05 IST" duration-ms="139814">
    <groups>
    </groups>
    <test started-at="2024-10-29T14:25:45 IST" name="Default test" finished-at="2024-10-29T14:28:05 IST" duration-ms="139814">
      <class name="com.younited.qa.testcases.LeadsPageAdminTest">
        <test-method is-config="true" signature="setUp()[pri:0, instance:com.younited.qa.testcases.LeadsPageAdminTest@273e7444]" started-at="2024-10-29T14:25:45 IST" name="setUp" finished-at="2024-10-29T14:26:30 IST" duration-ms="44824" status="PASS">
          <reporter-output>
          </reporter-output>
        </test-method> <!-- setUp -->
        <test-method signature="test()[pri:0, instance:com.younited.qa.testcases.LeadsPageAdminTest@273e7444]" started-at="2024-10-29T14:26:30 IST" name="test" finished-at="2024-10-29T14:28:04 IST" duration-ms="94679" status="PASS">
          <reporter-output>
          </reporter-output>
        </test-method> <!-- test -->
        <test-method is-config="true" signature="tearDown()[pri:0, instance:com.younited.qa.testcases.LeadsPageAdminTest@273e7444]" started-at="2024-10-29T14:28:04 IST" name="tearDown" finished-at="2024-10-29T14:28:05 IST" duration-ms="272" status="PASS">
          <reporter-output>
          </reporter-output>
        </test-method> <!-- tearDown -->
      </class> <!-- com.younited.qa.testcases.LeadsPageAdminTest -->
    </test> <!-- Default test -->
  </suite> <!-- Default suite -->
</testng-results>
