<?xml version="1.0" encoding="UTF-8"?>
<testng-results ignored="0" total="1" passed="1" failed="0" skipped="0">
  <reporter-output>
  </reporter-output>
  <suite started-at="2024-08-21T16:48:03 IST" name="Default suite" finished-at="2024-08-21T16:52:27 IST" duration-ms="263372">
    <groups>
    </groups>
    <test started-at="2024-08-21T16:48:03 IST" name="Default test" finished-at="2024-08-21T16:52:27 IST" duration-ms="263372">
      <class name="com.younited.qa.testcases.CompleteAssignmentTest">
        <test-method is-config="true" signature="setUp()[pri:0, instance:com.younited.qa.testcases.CompleteAssignmentTest@273e7444]" started-at="2024-08-21T16:48:03 IST" name="setUp" finished-at="2024-08-21T16:49:28 IST" duration-ms="84203" status="PASS">
          <reporter-output>
          </reporter-output>
        </test-method> <!-- setUp -->
        <test-method signature="completeAssignmentTest()[pri:0, instance:com.younited.qa.testcases.CompleteAssignmentTest@273e7444]" started-at="2024-08-21T16:49:28 IST" name="completeAssignmentTest" finished-at="2024-08-21T16:52:27 IST" duration-ms="178864" status="PASS">
          <reporter-output>
          </reporter-output>
        </test-method> <!-- completeAssignmentTest -->
        <test-method is-config="true" signature="tearDown()[pri:0, instance:com.younited.qa.testcases.CompleteAssignmentTest@273e7444]" started-at="2024-08-21T16:52:27 IST" name="tearDown" finished-at="2024-08-21T16:52:27 IST" duration-ms="276" status="PASS">
          <reporter-output>
          </reporter-output>
        </test-method> <!-- tearDown -->
      </class> <!-- com.younited.qa.testcases.CompleteAssignmentTest -->
    </test> <!-- Default test -->
  </suite> <!-- Default suite -->
</testng-results>
