<?xml version="1.0" encoding="UTF-8"?>
<testng-results ignored="0" total="1" passed="1" failed="0" skipped="0">
  <reporter-output>
  </reporter-output>
  <suite started-at="2024-01-05T14:43:48 IST" name="Default suite" finished-at="2024-01-05T14:46:41 IST" duration-ms="173455">
    <groups>
    </groups>
    <test started-at="2024-01-05T14:43:48 IST" name="Default test" finished-at="2024-01-05T14:46:41 IST" duration-ms="173455">
      <class name="com.younited.qa.testcases.UlogoAllcompaniesPageTest">
        <test-method is-config="true" signature="setUp()[pri:0, instance:com.younited.qa.testcases.UlogoAllcompaniesPageTest@72e5a8e]" started-at="2024-01-05T14:43:48 IST" name="setUp" finished-at="2024-01-05T14:44:40 IST" duration-ms="52679" status="PASS">
          <reporter-output>
          </reporter-output>
        </test-method> <!-- setUp -->
        <test-method signature="UlogoAllcompaniesPage()[pri:0, instance:com.younited.qa.testcases.UlogoAllcompaniesPageTest@72e5a8e]" started-at="2024-01-05T14:44:40 IST" name="UlogoAllcompaniesPage" finished-at="2024-01-05T14:46:41 IST" duration-ms="120487" status="PASS">
          <reporter-output>
          </reporter-output>
        </test-method> <!-- UlogoAllcompaniesPage -->
        <test-method is-config="true" signature="tearDown()[pri:0, instance:com.younited.qa.testcases.UlogoAllcompaniesPageTest@72e5a8e]" started-at="2024-01-05T14:46:41 IST" name="tearDown" finished-at="2024-01-05T14:46:41 IST" duration-ms="270" status="PASS">
          <reporter-output>
          </reporter-output>
        </test-method> <!-- tearDown -->
      </class> <!-- com.younited.qa.testcases.UlogoAllcompaniesPageTest -->
    </test> <!-- Default test -->
  </suite> <!-- Default suite -->
</testng-results>
