<?xml version="1.0" encoding="UTF-8"?>
<testng-results ignored="0" total="1" passed="1" failed="0" skipped="0">
  <reporter-output>
  </reporter-output>
  <suite started-at="2024-01-03T18:00:45 IST" name="Default suite" finished-at="2024-01-03T18:01:58 IST" duration-ms="73210">
    <groups>
    </groups>
    <test started-at="2024-01-03T18:00:45 IST" name="Default test" finished-at="2024-01-03T18:01:58 IST" duration-ms="73210">
      <class name="com.younited.qa.testcases.UlogoDasGroupsPageTest">
        <test-method is-config="true" signature="setUp()[pri:0, instance:com.younited.qa.testcases.UlogoDasGroupsPageTest@72e5a8e]" started-at="2024-01-03T18:00:45 IST" name="setUp" finished-at="2024-01-03T18:01:31 IST" duration-ms="46141" status="PASS">
          <reporter-output>
          </reporter-output>
        </test-method> <!-- setUp -->
        <test-method signature="UlogoDasGroupPage()[pri:0, instance:com.younited.qa.testcases.UlogoDasGroupsPageTest@72e5a8e]" started-at="2024-01-03T18:01:31 IST" name="UlogoDasGroupPage" finished-at="2024-01-03T18:01:58 IST" duration-ms="26841" status="PASS">
          <reporter-output>
          </reporter-output>
        </test-method> <!-- UlogoDasGroupPage -->
        <test-method is-config="true" signature="tearDown()[pri:0, instance:com.younited.qa.testcases.UlogoDasGroupsPageTest@72e5a8e]" started-at="2024-01-03T18:01:58 IST" name="tearDown" finished-at="2024-01-03T18:01:58 IST" duration-ms="201" status="PASS">
          <reporter-output>
          </reporter-output>
        </test-method> <!-- tearDown -->
      </class> <!-- com.younited.qa.testcases.UlogoDasGroupsPageTest -->
    </test> <!-- Default test -->
  </suite> <!-- Default suite -->
</testng-results>
