<?xml version="1.0" encoding="UTF-8"?>
<testng-results ignored="0" total="1" passed="1" failed="0" skipped="0">
  <reporter-output>
  </reporter-output>
  <suite started-at="2024-08-14T17:40:17 IST" name="Default suite" finished-at="2024-08-14T17:45:25 IST" duration-ms="308267">
    <groups>
    </groups>
    <test started-at="2024-08-14T17:40:17 IST" name="Default test" finished-at="2024-08-14T17:45:25 IST" duration-ms="308267">
      <class name="com.younited.qa.testcases.RegisteredWizardTest">
        <test-method is-config="true" signature="setUp()[pri:0, instance:com.younited.qa.testcases.RegisteredWizardTest@2d52216b]" started-at="2024-08-14T17:40:17 IST" name="setUp" finished-at="2024-08-14T17:40:25 IST" duration-ms="8137" status="PASS">
          <reporter-output>
          </reporter-output>
        </test-method> <!-- setUp -->
        <test-method signature="test()[pri:0, instance:com.younited.qa.testcases.RegisteredWizardTest@2d52216b]" started-at="2024-08-14T17:40:25 IST" name="test" finished-at="2024-08-14T17:45:25 IST" duration-ms="300099" status="PASS">
          <reporter-output>
          </reporter-output>
        </test-method> <!-- test -->
        <test-method is-config="true" signature="tearDown()[pri:0, instance:com.younited.qa.testcases.RegisteredWizardTest@2d52216b]" started-at="2024-08-14T17:45:25 IST" name="tearDown" finished-at="2024-08-14T17:45:25 IST" duration-ms="0" status="PASS">
          <reporter-output>
          </reporter-output>
        </test-method> <!-- tearDown -->
      </class> <!-- com.younited.qa.testcases.RegisteredWizardTest -->
    </test> <!-- Default test -->
  </suite> <!-- Default suite -->
</testng-results>
