<?xml version="1.0" encoding="UTF-8"?>
<testng-results ignored="0" total="1" passed="1" failed="0" skipped="0">
  <reporter-output>
  </reporter-output>
  <suite started-at="2024-08-21T16:35:08 IST" name="Default suite" finished-at="2024-08-21T16:36:48 IST" duration-ms="100265">
    <groups>
    </groups>
    <test started-at="2024-08-21T16:35:08 IST" name="Default test" finished-at="2024-08-21T16:36:48 IST" duration-ms="100265">
      <class name="com.younited.qa.testcases.UlogoMycompanyPageTest">
        <test-method is-config="true" signature="setUp()[pri:0, instance:com.younited.qa.testcases.UlogoMycompanyPageTest@273e7444]" started-at="2024-08-21T16:35:08 IST" name="setUp" finished-at="2024-08-21T16:35:49 IST" duration-ms="40822" status="PASS">
          <reporter-output>
          </reporter-output>
        </test-method> <!-- setUp -->
        <test-method signature="uLogoMycompanyPage()[pri:0, instance:com.younited.qa.testcases.UlogoMycompanyPageTest@273e7444]" started-at="2024-08-21T16:35:49 IST" name="uLogoMycompanyPage" finished-at="2024-08-21T16:36:48 IST" duration-ms="59149" status="PASS">
          <reporter-output>
          </reporter-output>
        </test-method> <!-- uLogoMycompanyPage -->
        <test-method is-config="true" signature="tearDown()[pri:0, instance:com.younited.qa.testcases.UlogoMycompanyPageTest@273e7444]" started-at="2024-08-21T16:36:48 IST" name="tearDown" finished-at="2024-08-21T16:36:48 IST" duration-ms="260" status="PASS">
          <reporter-output>
          </reporter-output>
        </test-method> <!-- tearDown -->
      </class> <!-- com.younited.qa.testcases.UlogoMycompanyPageTest -->
    </test> <!-- Default test -->
  </suite> <!-- Default suite -->
</testng-results>
