<?xml version="1.0" encoding="UTF-8"?>
<testng-results ignored="0" total="1" passed="1" failed="0" skipped="0">
  <reporter-output>
  </reporter-output>
  <suite started-at="2024-06-12T14:46:19 IST" name="Default suite" finished-at="2024-06-12T14:48:16 IST" duration-ms="117237">
    <groups>
    </groups>
    <test started-at="2024-06-12T14:46:19 IST" name="Default test" finished-at="2024-06-12T14:48:16 IST" duration-ms="117237">
      <class name="com.younited.qa.testcases.UlogoMyassignmentsPageTest">
        <test-method is-config="true" signature="setUp()[pri:0, instance:com.younited.qa.testcases.UlogoMyassignmentsPageTest@273e7444]" started-at="2024-06-12T14:46:19 IST" name="setUp" finished-at="2024-06-12T14:47:21 IST" duration-ms="62279" status="PASS">
          <reporter-output>
          </reporter-output>
        </test-method> <!-- setUp -->
        <test-method signature="UlogoMyassignmentsPage()[pri:0, instance:com.younited.qa.testcases.UlogoMyassignmentsPageTest@273e7444]" started-at="2024-06-12T14:47:21 IST" name="UlogoMyassignmentsPage" finished-at="2024-06-12T14:48:16 IST" duration-ms="54923" status="PASS">
          <reporter-output>
          </reporter-output>
        </test-method> <!-- UlogoMyassignmentsPage -->
        <test-method is-config="true" signature="tearDown()[pri:0, instance:com.younited.qa.testcases.UlogoMyassignmentsPageTest@273e7444]" started-at="2024-06-12T14:48:16 IST" name="tearDown" finished-at="2024-06-12T14:48:16 IST" duration-ms="1" status="PASS">
          <reporter-output>
          </reporter-output>
        </test-method> <!-- tearDown -->
      </class> <!-- com.younited.qa.testcases.UlogoMyassignmentsPageTest -->
    </test> <!-- Default test -->
  </suite> <!-- Default suite -->
</testng-results>
