<?xml version="1.0" encoding="UTF-8"?>
<testng-results ignored="0" total="1" passed="1" failed="0" skipped="0">
  <reporter-output>
  </reporter-output>
  <suite started-at="2024-01-31T16:30:49 IST" name="Default suite" finished-at="2024-01-31T16:33:37 IST" duration-ms="168105">
    <groups>
    </groups>
    <test started-at="2024-01-31T16:30:49 IST" name="Default test" finished-at="2024-01-31T16:33:37 IST" duration-ms="168105">
      <class name="com.younited.qa.testcases.UlogoAllcompaniesPageTest">
        <test-method is-config="true" signature="setUp()[pri:0, instance:com.younited.qa.testcases.UlogoAllcompaniesPageTest@72e5a8e]" started-at="2024-01-31T16:30:49 IST" name="setUp" finished-at="2024-01-31T16:31:39 IST" duration-ms="49605" status="PASS">
          <reporter-output>
          </reporter-output>
        </test-method> <!-- setUp -->
        <test-method signature="UlogoAllcompaniesPage()[pri:0, instance:com.younited.qa.testcases.UlogoAllcompaniesPageTest@72e5a8e]" started-at="2024-01-31T16:31:39 IST" name="UlogoAllcompaniesPage" finished-at="2024-01-31T16:33:37 IST" duration-ms="118222" status="PASS">
          <reporter-output>
          </reporter-output>
        </test-method> <!-- UlogoAllcompaniesPage -->
        <test-method is-config="true" signature="tearDown()[pri:0, instance:com.younited.qa.testcases.UlogoAllcompaniesPageTest@72e5a8e]" started-at="2024-01-31T16:33:37 IST" name="tearDown" finished-at="2024-01-31T16:33:37 IST" duration-ms="244" status="PASS">
          <reporter-output>
          </reporter-output>
        </test-method> <!-- tearDown -->
      </class> <!-- com.younited.qa.testcases.UlogoAllcompaniesPageTest -->
    </test> <!-- Default test -->
  </suite> <!-- Default suite -->
</testng-results>
