<?xml version="1.0" encoding="UTF-8"?>
<testng-results ignored="0" total="1" passed="1" failed="0" skipped="0">
  <reporter-output>
  </reporter-output>
  <suite started-at="2024-05-07T15:57:59 IST" name="Default suite" finished-at="2024-05-07T16:00:43 IST" duration-ms="163609">
    <groups>
    </groups>
    <test started-at="2024-05-07T15:57:59 IST" name="Default test" finished-at="2024-05-07T16:00:43 IST" duration-ms="163609">
      <class name="com.younited.qa.testcases.UlogoNativeAssignmentsPageTest">
        <test-method is-config="true" signature="setUp()[pri:0, instance:com.younited.qa.testcases.UlogoNativeAssignmentsPageTest@273e7444]" started-at="2024-05-07T15:57:59 IST" name="setUp" finished-at="2024-05-07T15:58:47 IST" duration-ms="48269" status="PASS">
          <reporter-output>
          </reporter-output>
        </test-method> <!-- setUp -->
        <test-method signature="UlogoNativeAssignmentsPage()[pri:0, instance:com.younited.qa.testcases.UlogoNativeAssignmentsPageTest@273e7444]" started-at="2024-05-07T15:58:47 IST" name="UlogoNativeAssignmentsPage" finished-at="2024-05-07T16:00:43 IST" duration-ms="115054" status="PASS">
          <reporter-output>
          </reporter-output>
        </test-method> <!-- UlogoNativeAssignmentsPage -->
        <test-method is-config="true" signature="tearDown()[pri:0, instance:com.younited.qa.testcases.UlogoNativeAssignmentsPageTest@273e7444]" started-at="2024-05-07T16:00:43 IST" name="tearDown" finished-at="2024-05-07T16:00:43 IST" duration-ms="261" status="PASS">
          <reporter-output>
          </reporter-output>
        </test-method> <!-- tearDown -->
      </class> <!-- com.younited.qa.testcases.UlogoNativeAssignmentsPageTest -->
    </test> <!-- Default test -->
  </suite> <!-- Default suite -->
</testng-results>
