<?xml version="1.0" encoding="UTF-8"?>
<testng-results ignored="0" total="1" passed="1" failed="0" skipped="0">
  <reporter-output>
  </reporter-output>
  <suite started-at="2024-02-05T18:19:09 IST" name="Default suite" finished-at="2024-02-05T18:21:11 IST" duration-ms="122244">
    <groups>
    </groups>
    <test started-at="2024-02-05T18:19:09 IST" name="Default test" finished-at="2024-02-05T18:21:11 IST" duration-ms="122244">
      <class name="com.younited.qa.testcases.UlogoMyassignmentsPageTest">
        <test-method is-config="true" signature="setUp()[pri:0, instance:com.younited.qa.testcases.UlogoMyassignmentsPageTest@72e5a8e]" started-at="2024-02-05T18:19:09 IST" name="setUp" finished-at="2024-02-05T18:20:15 IST" duration-ms="65999" status="PASS">
          <reporter-output>
          </reporter-output>
        </test-method> <!-- setUp -->
        <test-method signature="UlogoMyassignmentsPage()[pri:0, instance:com.younited.qa.testcases.UlogoMyassignmentsPageTest@72e5a8e]" started-at="2024-02-05T18:20:15 IST" name="UlogoMyassignmentsPage" finished-at="2024-02-05T18:21:11 IST" duration-ms="56212" status="PASS">
          <reporter-output>
          </reporter-output>
        </test-method> <!-- UlogoMyassignmentsPage -->
        <test-method is-config="true" signature="tearDown()[pri:0, instance:com.younited.qa.testcases.UlogoMyassignmentsPageTest@72e5a8e]" started-at="2024-02-05T18:21:11 IST" name="tearDown" finished-at="2024-02-05T18:21:11 IST" duration-ms="0" status="PASS">
          <reporter-output>
          </reporter-output>
        </test-method> <!-- tearDown -->
      </class> <!-- com.younited.qa.testcases.UlogoMyassignmentsPageTest -->
    </test> <!-- Default test -->
  </suite> <!-- Default suite -->
</testng-results>
