<?xml version="1.0" encoding="UTF-8"?>
<testng-results ignored="0" total="1" passed="1" failed="0" skipped="0">
  <reporter-output>
  </reporter-output>
  <suite started-at="2023-10-30T15:46:40 IST" name="Default suite" finished-at="2023-10-30T15:48:53 IST" duration-ms="132838">
    <groups>
    </groups>
    <test started-at="2023-10-30T15:46:40 IST" name="Default test" finished-at="2023-10-30T15:48:53 IST" duration-ms="132838">
      <class name="com.younited.qa.testcases.CommunityPageFreeTest">
        <test-method is-config="true" signature="setUp()[pri:0, instance:com.younited.qa.testcases.CommunityPageFreeTest@273e7444]" started-at="2023-10-30T15:46:40 IST" name="setUp" finished-at="2023-10-30T15:47:16 IST" duration-ms="36014" status="PASS">
          <reporter-output>
          </reporter-output>
        </test-method> <!-- setUp -->
        <test-method signature="communityPageFreeTest()[pri:0, instance:com.younited.qa.testcases.CommunityPageFreeTest@273e7444]" started-at="2023-10-30T15:47:16 IST" name="communityPageFreeTest" finished-at="2023-10-30T15:48:53 IST" duration-ms="96537" status="PASS">
          <reporter-output>
          </reporter-output>
        </test-method> <!-- communityPageFreeTest -->
        <test-method is-config="true" signature="tearDown()[pri:0, instance:com.younited.qa.testcases.CommunityPageFreeTest@273e7444]" started-at="2023-10-30T15:48:53 IST" name="tearDown" finished-at="2023-10-30T15:48:53 IST" duration-ms="266" status="PASS">
          <reporter-output>
          </reporter-output>
        </test-method> <!-- tearDown -->
      </class> <!-- com.younited.qa.testcases.CommunityPageFreeTest -->
    </test> <!-- Default test -->
  </suite> <!-- Default suite -->
</testng-results>
