<?xml version="1.0" encoding="UTF-8"?>
<testng-results ignored="0" total="1" passed="1" failed="0" skipped="0">
  <reporter-output>
  </reporter-output>
  <suite started-at="2024-04-22T15:48:30 IST" name="Default suite" finished-at="2024-04-22T15:49:49 IST" duration-ms="78948">
    <groups>
    </groups>
    <test started-at="2024-04-22T15:48:30 IST" name="Default test" finished-at="2024-04-22T15:49:49 IST" duration-ms="78948">
      <class name="com.younited.qa.testcases.UlogoDasGroupsPageTest">
        <test-method is-config="true" signature="setUp()[pri:0, instance:com.younited.qa.testcases.UlogoDasGroupsPageTest@273e7444]" started-at="2024-04-22T15:48:30 IST" name="setUp" finished-at="2024-04-22T15:49:21 IST" duration-ms="51346" status="PASS">
          <reporter-output>
          </reporter-output>
        </test-method> <!-- setUp -->
        <test-method signature="UlogoDasGroupPage()[pri:0, instance:com.younited.qa.testcases.UlogoDasGroupsPageTest@273e7444]" started-at="2024-04-22T15:49:21 IST" name="UlogoDasGroupPage" finished-at="2024-04-22T15:49:48 IST" duration-ms="27390" status="PASS">
          <reporter-output>
          </reporter-output>
        </test-method> <!-- UlogoDasGroupPage -->
        <test-method is-config="true" signature="tearDown()[pri:0, instance:com.younited.qa.testcases.UlogoDasGroupsPageTest@273e7444]" started-at="2024-04-22T15:49:48 IST" name="tearDown" finished-at="2024-04-22T15:49:49 IST" duration-ms="182" status="PASS">
          <reporter-output>
          </reporter-output>
        </test-method> <!-- tearDown -->
      </class> <!-- com.younited.qa.testcases.UlogoDasGroupsPageTest -->
    </test> <!-- Default test -->
  </suite> <!-- Default suite -->
</testng-results>
