<?xml version="1.0" encoding="UTF-8"?>
<testng-results ignored="0" total="1" passed="1" failed="0" skipped="0">
  <reporter-output>
  </reporter-output>
  <suite started-at="2024-08-14T18:10:35 IST" name="Default suite" finished-at="2024-08-14T18:13:06 IST" duration-ms="150438">
    <groups>
    </groups>
    <test started-at="2024-08-14T18:10:35 IST" name="Default test" finished-at="2024-08-14T18:13:06 IST" duration-ms="150438">
      <class name="com.younited.qa.testcases.EntrepreneursPageFreeTest">
        <test-method is-config="true" signature="setUp()[pri:0, instance:com.younited.qa.testcases.EntrepreneursPageFreeTest@273e7444]" started-at="2024-08-14T18:10:35 IST" name="setUp" finished-at="2024-08-14T18:11:20 IST" duration-ms="44190" status="PASS">
          <reporter-output>
          </reporter-output>
        </test-method> <!-- setUp -->
        <test-method signature="entrepreneurPageFilter()[pri:0, instance:com.younited.qa.testcases.EntrepreneursPageFreeTest@273e7444]" started-at="2024-08-14T18:11:20 IST" name="entrepreneurPageFilter" finished-at="2024-08-14T18:13:06 IST" duration-ms="106006" status="PASS">
          <reporter-output>
          </reporter-output>
        </test-method> <!-- entrepreneurPageFilter -->
        <test-method is-config="true" signature="tearDown()[pri:0, instance:com.younited.qa.testcases.EntrepreneursPageFreeTest@273e7444]" started-at="2024-08-14T18:13:06 IST" name="tearDown" finished-at="2024-08-14T18:13:06 IST" duration-ms="217" status="PASS">
          <reporter-output>
          </reporter-output>
        </test-method> <!-- tearDown -->
      </class> <!-- com.younited.qa.testcases.EntrepreneursPageFreeTest -->
    </test> <!-- Default test -->
  </suite> <!-- Default suite -->
</testng-results>
