<?xml version="1.0" encoding="UTF-8"?>
<testng-results ignored="0" total="1" passed="1" failed="0" skipped="0">
  <reporter-output>
  </reporter-output>
  <suite started-at="2024-12-24T12:38:59 IST" name="Default suite" finished-at="2024-12-24T12:40:47 IST" duration-ms="108578">
    <groups>
    </groups>
    <test started-at="2024-12-24T12:38:59 IST" name="Default test" finished-at="2024-12-24T12:40:47 IST" duration-ms="108578">
      <class name="com.younited.qa.testcases.UlogoIntermediaryPageTest">
        <test-method is-config="true" signature="setUp()[pri:0, instance:com.younited.qa.testcases.UlogoIntermediaryPageTest@2d52216b]" started-at="2024-12-24T12:38:59 IST" name="setUp" finished-at="2024-12-24T12:39:58 IST" duration-ms="59470" status="PASS">
          <reporter-output>
          </reporter-output>
        </test-method> <!-- setUp -->
        <test-method signature="test()[pri:0, instance:com.younited.qa.testcases.UlogoIntermediaryPageTest@2d52216b]" started-at="2024-12-24T12:39:58 IST" name="test" finished-at="2024-12-24T12:40:47 IST" duration-ms="48703" status="PASS">
          <reporter-output>
          </reporter-output>
        </test-method> <!-- test -->
        <test-method is-config="true" signature="tearDown()[pri:0, instance:com.younited.qa.testcases.UlogoIntermediaryPageTest@2d52216b]" started-at="2024-12-24T12:40:47 IST" name="tearDown" finished-at="2024-12-24T12:40:47 IST" duration-ms="374" status="PASS">
          <reporter-output>
          </reporter-output>
        </test-method> <!-- tearDown -->
      </class> <!-- com.younited.qa.testcases.UlogoIntermediaryPageTest -->
    </test> <!-- Default test -->
  </suite> <!-- Default suite -->
</testng-results>
