<?xml version="1.0" encoding="UTF-8"?>
<testng-results ignored="0" total="1" passed="1" failed="0" skipped="0">
  <reporter-output>
  </reporter-output>
  <suite started-at="2024-07-30T13:01:00 IST" name="Default suite" finished-at="2024-07-30T13:02:34 IST" duration-ms="93804">
    <groups>
    </groups>
    <test started-at="2024-07-30T13:01:00 IST" name="Default test" finished-at="2024-07-30T13:02:34 IST" duration-ms="93804">
      <class name="com.younited.qa.testcases.UlogoEventsPageTest">
        <test-method is-config="true" signature="setUp()[pri:0, instance:com.younited.qa.testcases.UlogoEventsPageTest@273e7444]" started-at="2024-07-30T13:01:00 IST" name="setUp" finished-at="2024-07-30T13:01:41 IST" duration-ms="40714" status="PASS">
          <reporter-output>
          </reporter-output>
        </test-method> <!-- setUp -->
        <test-method signature="test()[pri:0, instance:com.younited.qa.testcases.UlogoEventsPageTest@273e7444]" started-at="2024-07-30T13:01:41 IST" name="test" finished-at="2024-07-30T13:02:34 IST" duration-ms="53064" status="PASS">
          <reporter-output>
          </reporter-output>
        </test-method> <!-- test -->
        <test-method is-config="true" signature="tearDown()[pri:0, instance:com.younited.qa.testcases.UlogoEventsPageTest@273e7444]" started-at="2024-07-30T13:02:34 IST" name="tearDown" finished-at="2024-07-30T13:02:34 IST" duration-ms="0" status="PASS">
          <reporter-output>
          </reporter-output>
        </test-method> <!-- tearDown -->
      </class> <!-- com.younited.qa.testcases.UlogoEventsPageTest -->
    </test> <!-- Default test -->
  </suite> <!-- Default suite -->
</testng-results>
