<?xml version="1.0" encoding="UTF-8"?>
<testng-results ignored="0" total="1" passed="1" failed="0" skipped="0">
  <reporter-output>
  </reporter-output>
  <suite started-at="2024-12-04T20:37:38 IST" name="Default suite" finished-at="2024-12-04T20:39:59 IST" duration-ms="141044">
    <groups>
    </groups>
    <test started-at="2024-12-04T20:37:38 IST" name="Default test" finished-at="2024-12-04T20:39:59 IST" duration-ms="141044">
      <class name="com.younited.qa.testcases.UlogoIntAddNewUserPageTest">
        <test-method is-config="true" signature="setUp()[pri:0, instance:com.younited.qa.testcases.UlogoIntAddNewUserPageTest@273e7444]" started-at="2024-12-04T20:37:38 IST" name="setUp" finished-at="2024-12-04T20:38:24 IST" duration-ms="45756" status="PASS">
          <reporter-output>
          </reporter-output>
        </test-method> <!-- setUp -->
        <test-method signature="test()[pri:0, instance:com.younited.qa.testcases.UlogoIntAddNewUserPageTest@273e7444]" started-at="2024-12-04T20:38:24 IST" name="test" finished-at="2024-12-04T20:39:59 IST" duration-ms="95001" status="PASS">
          <reporter-output>
          </reporter-output>
        </test-method> <!-- test -->
        <test-method is-config="true" signature="tearDown()[pri:0, instance:com.younited.qa.testcases.UlogoIntAddNewUserPageTest@273e7444]" started-at="2024-12-04T20:39:59 IST" name="tearDown" finished-at="2024-12-04T20:39:59 IST" duration-ms="268" status="PASS">
          <reporter-output>
          </reporter-output>
        </test-method> <!-- tearDown -->
      </class> <!-- com.younited.qa.testcases.UlogoIntAddNewUserPageTest -->
    </test> <!-- Default test -->
  </suite> <!-- Default suite -->
</testng-results>
