<?xml version="1.0" encoding="UTF-8"?>
<testng-results ignored="0" total="1" passed="1" failed="0" skipped="0">
  <reporter-output>
  </reporter-output>
  <suite started-at="2023-12-29T16:46:36 IST" name="Default suite" finished-at="2023-12-29T16:47:49 IST" duration-ms="72892">
    <groups>
    </groups>
    <test started-at="2023-12-29T16:46:36 IST" name="Default test" finished-at="2023-12-29T16:47:49 IST" duration-ms="72892">
      <class name="com.younited.qa.testcases.UlogoDasCompaniesPageTest">
        <test-method is-config="true" signature="setUp()[pri:0, instance:com.younited.qa.testcases.UlogoDasCompaniesPageTest@72e5a8e]" started-at="2023-12-29T16:46:36 IST" name="setUp" finished-at="2023-12-29T16:47:16 IST" duration-ms="39667" status="PASS">
          <reporter-output>
          </reporter-output>
        </test-method> <!-- setUp -->
        <test-method signature="UlogoDasCompaniesPage()[pri:0, instance:com.younited.qa.testcases.UlogoDasCompaniesPageTest@72e5a8e]" started-at="2023-12-29T16:47:16 IST" name="UlogoDasCompaniesPage" finished-at="2023-12-29T16:47:49 IST" duration-ms="33000" status="PASS">
          <reporter-output>
          </reporter-output>
        </test-method> <!-- UlogoDasCompaniesPage -->
        <test-method is-config="true" signature="tearDown()[pri:0, instance:com.younited.qa.testcases.UlogoDasCompaniesPageTest@72e5a8e]" started-at="2023-12-29T16:47:49 IST" name="tearDown" finished-at="2023-12-29T16:47:49 IST" duration-ms="204" status="PASS">
          <reporter-output>
          </reporter-output>
        </test-method> <!-- tearDown -->
      </class> <!-- com.younited.qa.testcases.UlogoDasCompaniesPageTest -->
    </test> <!-- Default test -->
  </suite> <!-- Default suite -->
</testng-results>
