<?xml version="1.0" encoding="UTF-8"?>
<testng-results ignored="0" total="3" passed="3" failed="0" skipped="0">
  <reporter-output>
  </reporter-output>
  <suite started-at="2024-02-15T18:42:41 IST" name="Default suite" finished-at="2024-02-15T18:44:40 IST" duration-ms="119479">
    <groups>
    </groups>
    <test started-at="2024-02-15T18:42:41 IST" name="Default test" finished-at="2024-02-15T18:44:40 IST" duration-ms="119479">
      <class name="com.younited.qa.testcases.HomePageTest">
        <test-method is-config="true" signature="setUp()[pri:0, instance:com.younited.qa.testcases.HomePageTest@783a467b]" started-at="2024-02-15T18:42:41 IST" name="setUp" finished-at="2024-02-15T18:43:13 IST" duration-ms="32191" status="PASS">
          <reporter-output>
          </reporter-output>
        </test-method> <!-- setUp -->
        <test-method signature="homePageTitleTest()[pri:1, instance:com.younited.qa.testcases.HomePageTest@783a467b]" started-at="2024-02-15T18:43:13 IST" name="homePageTitleTest" finished-at="2024-02-15T18:43:21 IST" duration-ms="8045" status="PASS">
          <reporter-output>
          </reporter-output>
        </test-method> <!-- homePageTitleTest -->
        <test-method is-config="true" signature="tearDown()[pri:0, instance:com.younited.qa.testcases.HomePageTest@783a467b]" started-at="2024-02-15T18:43:21 IST" name="tearDown" finished-at="2024-02-15T18:43:21 IST" duration-ms="256" status="PASS">
          <reporter-output>
          </reporter-output>
        </test-method> <!-- tearDown -->
        <test-method is-config="true" signature="setUp()[pri:0, instance:com.younited.qa.testcases.HomePageTest@783a467b]" started-at="2024-02-15T18:43:21 IST" name="setUp" finished-at="2024-02-15T18:43:54 IST" duration-ms="32861" status="PASS">
          <reporter-output>
          </reporter-output>
        </test-method> <!-- setUp -->
        <test-method signature="verifyImageLogoTest()[pri:2, instance:com.younited.qa.testcases.HomePageTest@783a467b]" started-at="2024-02-15T18:43:54 IST" name="verifyImageLogoTest" finished-at="2024-02-15T18:44:02 IST" duration-ms="8147" status="PASS">
          <reporter-output>
          </reporter-output>
        </test-method> <!-- verifyImageLogoTest -->
        <test-method is-config="true" signature="tearDown()[pri:0, instance:com.younited.qa.testcases.HomePageTest@783a467b]" started-at="2024-02-15T18:44:02 IST" name="tearDown" finished-at="2024-02-15T18:44:02 IST" duration-ms="241" status="PASS">
          <reporter-output>
          </reporter-output>
        </test-method> <!-- tearDown -->
        <test-method is-config="true" signature="setUp()[pri:0, instance:com.younited.qa.testcases.HomePageTest@783a467b]" started-at="2024-02-15T18:44:02 IST" name="setUp" finished-at="2024-02-15T18:44:36 IST" duration-ms="33320" status="PASS">
          <reporter-output>
          </reporter-output>
        </test-method> <!-- setUp -->
        <test-method signature="clickMyAssignmentsLinkTest()[pri:3, instance:com.younited.qa.testcases.HomePageTest@783a467b]" started-at="2024-02-15T18:44:36 IST" name="clickMyAssignmentsLinkTest" finished-at="2024-02-15T18:44:40 IST" duration-ms="4125" status="PASS">
          <reporter-output>
          </reporter-output>
        </test-method> <!-- clickMyAssignmentsLinkTest -->
        <test-method is-config="true" signature="tearDown()[pri:0, instance:com.younited.qa.testcases.HomePageTest@783a467b]" started-at="2024-02-15T18:44:40 IST" name="tearDown" finished-at="2024-02-15T18:44:40 IST" duration-ms="249" status="PASS">
          <reporter-output>
          </reporter-output>
        </test-method> <!-- tearDown -->
      </class> <!-- com.younited.qa.testcases.HomePageTest -->
    </test> <!-- Default test -->
  </suite> <!-- Default suite -->
</testng-results>
