<?xml version="1.0" encoding="UTF-8"?>
<testng-results ignored="0" total="1" passed="1" failed="0" skipped="0">
  <reporter-output>
  </reporter-output>
  <suite started-at="2024-03-22T13:04:58 IST" name="Default suite" finished-at="2024-03-22T13:05:50 IST" duration-ms="52005">
    <groups>
    </groups>
    <test started-at="2024-03-22T13:04:58 IST" name="Default test" finished-at="2024-03-22T13:05:50 IST" duration-ms="52005">
      <class name="com.younited.qa.testcases.UlogoMydashboardPageTest">
        <test-method is-config="true" signature="setUp()[pri:0, instance:com.younited.qa.testcases.UlogoMydashboardPageTest@273e7444]" started-at="2024-03-22T13:04:58 IST" name="setUp" finished-at="2024-03-22T13:05:49 IST" duration-ms="51645" status="PASS">
          <reporter-output>
          </reporter-output>
        </test-method> <!-- setUp -->
        <test-method signature="myDashboard()[pri:0, instance:com.younited.qa.testcases.UlogoMydashboardPageTest@273e7444]" started-at="2024-03-22T13:05:49 IST" name="myDashboard" finished-at="2024-03-22T13:05:49 IST" duration-ms="0" status="PASS">
          <reporter-output>
          </reporter-output>
        </test-method> <!-- myDashboard -->
        <test-method is-config="true" signature="tearDown()[pri:0, instance:com.younited.qa.testcases.UlogoMydashboardPageTest@273e7444]" started-at="2024-03-22T13:05:49 IST" name="tearDown" finished-at="2024-03-22T13:05:50 IST" duration-ms="314" status="PASS">
          <reporter-output>
          </reporter-output>
        </test-method> <!-- tearDown -->
      </class> <!-- com.younited.qa.testcases.UlogoMydashboardPageTest -->
    </test> <!-- Default test -->
  </suite> <!-- Default suite -->
</testng-results>
