<?xml version="1.0" encoding="UTF-8"?>
<testng-results ignored="0" total="1" passed="1" failed="0" skipped="0">
  <reporter-output>
  </reporter-output>
  <suite started-at="2024-04-10T16:11:17 IST" name="Default suite" finished-at="2024-04-10T16:13:28 IST" duration-ms="130777">
    <groups>
    </groups>
    <test started-at="2024-04-10T16:11:17 IST" name="Default test" finished-at="2024-04-10T16:13:28 IST" duration-ms="130777">
      <class name="com.younited.qa.testcases.EntrepreneursPageFreeTest">
        <test-method is-config="true" signature="setUp()[pri:0, instance:com.younited.qa.testcases.EntrepreneursPageFreeTest@273e7444]" started-at="2024-04-10T16:11:17 IST" name="setUp" finished-at="2024-04-10T16:12:07 IST" duration-ms="50662" status="PASS">
          <reporter-output>
          </reporter-output>
        </test-method> <!-- setUp -->
        <test-method signature="entrepreneurPageFilter()[pri:0, instance:com.younited.qa.testcases.EntrepreneursPageFreeTest@273e7444]" started-at="2024-04-10T16:12:07 IST" name="entrepreneurPageFilter" finished-at="2024-04-10T16:13:27 IST" duration-ms="79889" status="PASS">
          <reporter-output>
          </reporter-output>
        </test-method> <!-- entrepreneurPageFilter -->
        <test-method is-config="true" signature="tearDown()[pri:0, instance:com.younited.qa.testcases.EntrepreneursPageFreeTest@273e7444]" started-at="2024-04-10T16:13:27 IST" name="tearDown" finished-at="2024-04-10T16:13:28 IST" duration-ms="198" status="PASS">
          <reporter-output>
          </reporter-output>
        </test-method> <!-- tearDown -->
      </class> <!-- com.younited.qa.testcases.EntrepreneursPageFreeTest -->
    </test> <!-- Default test -->
  </suite> <!-- Default suite -->
</testng-results>
