<?xml version="1.0" encoding="UTF-8"?>
<testng-results ignored="0" total="1" passed="1" failed="0" skipped="0">
  <reporter-output>
  </reporter-output>
  <suite started-at="2024-04-05T16:06:46 IST" name="Default suite" finished-at="2024-04-05T16:07:58 IST" duration-ms="72322">
    <groups>
    </groups>
    <test started-at="2024-04-05T16:06:46 IST" name="Default test" finished-at="2024-04-05T16:07:58 IST" duration-ms="72322">
      <class name="com.younited.qa.testcases.UlogoDasPlatformPageTest">
        <test-method is-config="true" signature="setUp()[pri:0, instance:com.younited.qa.testcases.UlogoDasPlatformPageTest@273e7444]" started-at="2024-04-05T16:06:46 IST" name="setUp" finished-at="2024-04-05T16:07:37 IST" duration-ms="51499" status="PASS">
          <reporter-output>
          </reporter-output>
        </test-method> <!-- setUp -->
        <test-method signature="uLogoDasPlatformPage()[pri:0, instance:com.younited.qa.testcases.UlogoDasPlatformPageTest@273e7444]" started-at="2024-04-05T16:07:37 IST" name="uLogoDasPlatformPage" finished-at="2024-04-05T16:07:58 IST" duration-ms="20594" status="PASS">
          <reporter-output>
          </reporter-output>
        </test-method> <!-- uLogoDasPlatformPage -->
        <test-method is-config="true" signature="tearDown()[pri:0, instance:com.younited.qa.testcases.UlogoDasPlatformPageTest@273e7444]" started-at="2024-04-05T16:07:58 IST" name="tearDown" finished-at="2024-04-05T16:07:58 IST" duration-ms="194" status="PASS">
          <reporter-output>
          </reporter-output>
        </test-method> <!-- tearDown -->
      </class> <!-- com.younited.qa.testcases.UlogoDasPlatformPageTest -->
    </test> <!-- Default test -->
  </suite> <!-- Default suite -->
</testng-results>
