<?xml version="1.0" encoding="UTF-8"?>
<testng-results ignored="0" total="1" passed="1" failed="0" skipped="0">
  <reporter-output>
  </reporter-output>
  <suite started-at="2023-12-13T15:34:59 IST" name="Default suite" finished-at="2023-12-13T15:35:41 IST" duration-ms="42645">
    <groups>
    </groups>
    <test started-at="2023-12-13T15:34:59 IST" name="Default test" finished-at="2023-12-13T15:35:41 IST" duration-ms="42645">
      <class name="com.younited.qa.testcases.HomePageAdminTest">
        <test-method is-config="true" signature="setUp()[pri:0, instance:com.younited.qa.testcases.HomePageAdminTest@72e5a8e]" started-at="2023-12-13T15:34:59 IST" name="setUp" finished-at="2023-12-13T15:35:33 IST" duration-ms="34318" status="PASS">
          <reporter-output>
          </reporter-output>
        </test-method> <!-- setUp -->
        <test-method signature="test()[pri:0, instance:com.younited.qa.testcases.HomePageAdminTest@72e5a8e]" started-at="2023-12-13T15:35:33 IST" name="test" finished-at="2023-12-13T15:35:41 IST" duration-ms="8101" status="PASS">
          <reporter-output>
          </reporter-output>
        </test-method> <!-- test -->
        <test-method is-config="true" signature="tearDown()[pri:0, instance:com.younited.qa.testcases.HomePageAdminTest@72e5a8e]" started-at="2023-12-13T15:35:41 IST" name="tearDown" finished-at="2023-12-13T15:35:41 IST" duration-ms="204" status="PASS">
          <reporter-output>
          </reporter-output>
        </test-method> <!-- tearDown -->
      </class> <!-- com.younited.qa.testcases.HomePageAdminTest -->
    </test> <!-- Default test -->
  </suite> <!-- Default suite -->
</testng-results>
