<?xml version="1.0" encoding="UTF-8"?>
<testng-results ignored="0" total="1" passed="1" failed="0" skipped="0">
  <reporter-output>
  </reporter-output>
  <suite started-at="2024-03-29T20:11:22 IST" name="Default suite" finished-at="2024-03-29T20:12:24 IST" duration-ms="62648">
    <groups>
    </groups>
    <test started-at="2024-03-29T20:11:22 IST" name="Default test" finished-at="2024-03-29T20:12:24 IST" duration-ms="62648">
      <class name="com.younited.qa.testcases.UlogoMyreactionsPageTest">
        <test-method is-config="true" signature="setUp()[pri:0, instance:com.younited.qa.testcases.UlogoMyreactionsPageTest@273e7444]" started-at="2024-03-29T20:11:22 IST" name="setUp" finished-at="2024-03-29T20:12:02 IST" duration-ms="40221" status="PASS">
          <reporter-output>
          </reporter-output>
        </test-method> <!-- setUp -->
        <test-method signature="uLogoMyreactionsPageTest()[pri:0, instance:com.younited.qa.testcases.UlogoMyreactionsPageTest@273e7444]" started-at="2024-03-29T20:12:02 IST" name="uLogoMyreactionsPageTest" finished-at="2024-03-29T20:12:24 IST" duration-ms="22221" status="PASS">
          <reporter-output>
          </reporter-output>
        </test-method> <!-- uLogoMyreactionsPageTest -->
        <test-method is-config="true" signature="tearDown()[pri:0, instance:com.younited.qa.testcases.UlogoMyreactionsPageTest@273e7444]" started-at="2024-03-29T20:12:24 IST" name="tearDown" finished-at="2024-03-29T20:12:24 IST" duration-ms="189" status="PASS">
          <reporter-output>
          </reporter-output>
        </test-method> <!-- tearDown -->
      </class> <!-- com.younited.qa.testcases.UlogoMyreactionsPageTest -->
    </test> <!-- Default test -->
  </suite> <!-- Default suite -->
</testng-results>
