<?xml version="1.0" encoding="UTF-8"?>
<testng-results ignored="0" total="1" passed="1" failed="0" skipped="0">
  <reporter-output>
  </reporter-output>
  <suite started-at="2023-10-30T14:06:12 IST" name="Default suite" finished-at="2023-10-30T14:07:57 IST" duration-ms="105425">
    <groups>
    </groups>
    <test started-at="2023-10-30T14:06:12 IST" name="Default test" finished-at="2023-10-30T14:07:57 IST" duration-ms="105425">
      <class name="com.younited.qa.testcases.UlogoMyassignmentsPageTest">
        <test-method is-config="true" signature="setUp()[pri:0, instance:com.younited.qa.testcases.UlogoMyassignmentsPageTest@273e7444]" started-at="2023-10-30T14:06:12 IST" name="setUp" finished-at="2023-10-30T14:06:56 IST" duration-ms="44454" status="PASS">
          <reporter-output>
          </reporter-output>
        </test-method> <!-- setUp -->
        <test-method signature="UlogoMyassignmentsPage()[pri:0, instance:com.younited.qa.testcases.UlogoMyassignmentsPageTest@273e7444]" started-at="2023-10-30T14:06:56 IST" name="UlogoMyassignmentsPage" finished-at="2023-10-30T14:07:57 IST" duration-ms="60702" status="PASS">
          <reporter-output>
          </reporter-output>
        </test-method> <!-- UlogoMyassignmentsPage -->
        <test-method is-config="true" signature="tearDown()[pri:0, instance:com.younited.qa.testcases.UlogoMyassignmentsPageTest@273e7444]" started-at="2023-10-30T14:07:57 IST" name="tearDown" finished-at="2023-10-30T14:07:57 IST" duration-ms="238" status="PASS">
          <reporter-output>
          </reporter-output>
        </test-method> <!-- tearDown -->
      </class> <!-- com.younited.qa.testcases.UlogoMyassignmentsPageTest -->
    </test> <!-- Default test -->
  </suite> <!-- Default suite -->
</testng-results>
