<?xml version="1.0" encoding="UTF-8"?>
<testng-results ignored="0" total="1" passed="1" failed="0" skipped="0">
  <reporter-output>
  </reporter-output>
  <suite started-at="2023-12-08T17:36:06 IST" name="Default suite" finished-at="2023-12-08T17:41:11 IST" duration-ms="304808">
    <groups>
    </groups>
    <test started-at="2023-12-08T17:36:06 IST" name="Default test" finished-at="2023-12-08T17:41:11 IST" duration-ms="304808">
      <class name="com.younited.qa.testcases.MatchPageTest">
        <test-method is-config="true" signature="setUp()[pri:0, instance:com.younited.qa.testcases.MatchPageTest@73e9cf30]" started-at="2023-12-08T17:36:06 IST" name="setUp" finished-at="2023-12-08T17:36:45 IST" duration-ms="38458" status="PASS">
          <reporter-output>
          </reporter-output>
        </test-method> <!-- setUp -->
        <test-method signature="matchPage()[pri:0, instance:com.younited.qa.testcases.MatchPageTest@73e9cf30]" started-at="2023-12-08T17:36:45 IST" name="matchPage" finished-at="2023-12-08T17:41:11 IST" duration-ms="266105" status="PASS">
          <reporter-output>
          </reporter-output>
        </test-method> <!-- matchPage -->
        <test-method is-config="true" signature="tearDown()[pri:0, instance:com.younited.qa.testcases.MatchPageTest@73e9cf30]" started-at="2023-12-08T17:41:11 IST" name="tearDown" finished-at="2023-12-08T17:41:11 IST" duration-ms="220" status="PASS">
          <reporter-output>
          </reporter-output>
        </test-method> <!-- tearDown -->
      </class> <!-- com.younited.qa.testcases.MatchPageTest -->
    </test> <!-- Default test -->
  </suite> <!-- Default suite -->
</testng-results>
