<?xml version="1.0" encoding="UTF-8"?>
<testng-results ignored="0" total="1" passed="1" failed="0" skipped="0">
  <reporter-output>
  </reporter-output>
  <suite started-at="2024-05-10T15:44:41 IST" name="Default suite" finished-at="2024-05-10T15:48:19 IST" duration-ms="218076">
    <groups>
    </groups>
    <test started-at="2024-05-10T15:44:41 IST" name="Default test" finished-at="2024-05-10T15:48:19 IST" duration-ms="218076">
      <class name="com.younited.qa.testcases.ManageProfilePageFreeTest">
        <test-method is-config="true" signature="setUp()[pri:0, instance:com.younited.qa.testcases.ManageProfilePageFreeTest@273e7444]" started-at="2024-05-10T15:44:41 IST" name="setUp" finished-at="2024-05-10T15:45:32 IST" duration-ms="50527" status="PASS">
          <reporter-output>
          </reporter-output>
        </test-method> <!-- setUp -->
        <test-method signature="test()[pri:0, instance:com.younited.qa.testcases.ManageProfilePageFreeTest@273e7444]" started-at="2024-05-10T15:45:32 IST" name="test" finished-at="2024-05-10T15:48:19 IST" duration-ms="167516" status="PASS">
          <reporter-output>
          </reporter-output>
        </test-method> <!-- test -->
        <test-method is-config="true" signature="tearDown()[pri:0, instance:com.younited.qa.testcases.ManageProfilePageFreeTest@273e7444]" started-at="2024-05-10T15:48:19 IST" name="tearDown" finished-at="2024-05-10T15:48:19 IST" duration-ms="0" status="PASS">
          <reporter-output>
          </reporter-output>
        </test-method> <!-- tearDown -->
      </class> <!-- com.younited.qa.testcases.ManageProfilePageFreeTest -->
    </test> <!-- Default test -->
  </suite> <!-- Default suite -->
</testng-results>
