<?xml version="1.0" encoding="UTF-8"?>
<testng-results ignored="0" total="1" passed="1" failed="0" skipped="0">
  <reporter-output>
  </reporter-output>
  <suite started-at="2024-12-13T17:23:06 IST" name="Default suite" finished-at="2024-12-13T17:25:53 IST" duration-ms="167062">
    <groups>
    </groups>
    <test started-at="2024-12-13T17:23:06 IST" name="Default test" finished-at="2024-12-13T17:25:53 IST" duration-ms="167062">
      <class name="com.younited.qa.testcases.StorePageFreeTest">
        <test-method is-config="true" signature="setUp()[pri:0, instance:com.younited.qa.testcases.StorePageFreeTest@2d52216b]" started-at="2024-12-13T17:23:06 IST" name="setUp" finished-at="2024-12-13T17:23:52 IST" duration-ms="45120" status="PASS">
          <reporter-output>
          </reporter-output>
        </test-method> <!-- setUp -->
        <test-method signature="clickStoreTab()[pri:0, instance:com.younited.qa.testcases.StorePageFreeTest@2d52216b]" started-at="2024-12-13T17:23:52 IST" name="clickStoreTab" finished-at="2024-12-13T17:25:53 IST" duration-ms="121651" status="PASS">
          <reporter-output>
          </reporter-output>
        </test-method> <!-- clickStoreTab -->
        <test-method is-config="true" signature="tearDown()[pri:0, instance:com.younited.qa.testcases.StorePageFreeTest@2d52216b]" started-at="2024-12-13T17:25:53 IST" name="tearDown" finished-at="2024-12-13T17:25:53 IST" duration-ms="258" status="PASS">
          <reporter-output>
          </reporter-output>
        </test-method> <!-- tearDown -->
      </class> <!-- com.younited.qa.testcases.StorePageFreeTest -->
    </test> <!-- Default test -->
  </suite> <!-- Default suite -->
</testng-results>
