<?xml version="1.0" encoding="UTF-8"?>
<testng-results ignored="0" total="1" passed="1" failed="0" skipped="0">
  <reporter-output>
  </reporter-output>
  <suite started-at="2024-02-08T18:45:47 IST" name="Default suite" finished-at="2024-02-08T18:47:44 IST" duration-ms="116086">
    <groups>
    </groups>
    <test started-at="2024-02-08T18:45:47 IST" name="Default test" finished-at="2024-02-08T18:47:44 IST" duration-ms="116086">
      <class name="com.younited.qa.testcases.UlogoMycompanyPageTest">
        <test-method is-config="true" signature="setUp()[pri:0, instance:com.younited.qa.testcases.UlogoMycompanyPageTest@72e5a8e]" started-at="2024-02-08T18:45:47 IST" name="setUp" finished-at="2024-02-08T18:46:59 IST" duration-ms="71022" status="PASS">
          <reporter-output>
          </reporter-output>
        </test-method> <!-- setUp -->
        <test-method signature="uLogoMycompanyPage()[pri:0, instance:com.younited.qa.testcases.UlogoMycompanyPageTest@72e5a8e]" started-at="2024-02-08T18:46:59 IST" name="uLogoMycompanyPage" finished-at="2024-02-08T18:47:43 IST" duration-ms="44860" status="PASS">
          <reporter-output>
          </reporter-output>
        </test-method> <!-- uLogoMycompanyPage -->
        <test-method is-config="true" signature="tearDown()[pri:0, instance:com.younited.qa.testcases.UlogoMycompanyPageTest@72e5a8e]" started-at="2024-02-08T18:47:43 IST" name="tearDown" finished-at="2024-02-08T18:47:44 IST" duration-ms="189" status="PASS">
          <reporter-output>
          </reporter-output>
        </test-method> <!-- tearDown -->
      </class> <!-- com.younited.qa.testcases.UlogoMycompanyPageTest -->
    </test> <!-- Default test -->
  </suite> <!-- Default suite -->
</testng-results>
