<?xml version="1.0" encoding="UTF-8"?>
<testng-results ignored="0" total="1" passed="1" failed="0" skipped="0">
  <reporter-output>
  </reporter-output>
  <suite started-at="2024-11-19T15:01:56 IST" name="Default suite" finished-at="2024-11-19T15:04:37 IST" duration-ms="160808">
    <groups>
    </groups>
    <test started-at="2024-11-19T15:01:56 IST" name="Default test" finished-at="2024-11-19T15:04:37 IST" duration-ms="160808">
      <class name="com.younited.qa.testcases.UlogoIntAddNewCompanyPageTest">
        <test-method is-config="true" signature="setUp()[pri:0, instance:com.younited.qa.testcases.UlogoIntAddNewCompanyPageTest@273e7444]" started-at="2024-11-19T15:01:56 IST" name="setUp" finished-at="2024-11-19T15:03:03 IST" duration-ms="67183" status="PASS">
          <reporter-output>
          </reporter-output>
        </test-method> <!-- setUp -->
        <test-method signature="test()[pri:0, instance:com.younited.qa.testcases.UlogoIntAddNewCompanyPageTest@273e7444]" started-at="2024-11-19T15:03:03 IST" name="test" finished-at="2024-11-19T15:04:37 IST" duration-ms="93340" status="PASS">
          <reporter-output>
          </reporter-output>
        </test-method> <!-- test -->
        <test-method is-config="true" signature="tearDown()[pri:0, instance:com.younited.qa.testcases.UlogoIntAddNewCompanyPageTest@273e7444]" started-at="2024-11-19T15:04:37 IST" name="tearDown" finished-at="2024-11-19T15:04:37 IST" duration-ms="254" status="PASS">
          <reporter-output>
          </reporter-output>
        </test-method> <!-- tearDown -->
      </class> <!-- com.younited.qa.testcases.UlogoIntAddNewCompanyPageTest -->
    </test> <!-- Default test -->
  </suite> <!-- Default suite -->
</testng-results>
