<?xml version="1.0" encoding="UTF-8"?>
<testng-results ignored="0" total="1" passed="1" failed="0" skipped="0">
  <reporter-output>
  </reporter-output>
  <suite started-at="2024-06-10T16:37:17 IST" name="Default suite" finished-at="2024-06-10T16:39:58 IST" duration-ms="161049">
    <groups>
    </groups>
    <test started-at="2024-06-10T16:37:17 IST" name="Default test" finished-at="2024-06-10T16:39:58 IST" duration-ms="161049">
      <class name="com.younited.qa.testcases.CommunityPageAdminTest">
        <test-method is-config="true" signature="setUp()[pri:0, instance:com.younited.qa.testcases.CommunityPageAdminTest@273e7444]" started-at="2024-06-10T16:37:17 IST" name="setUp" finished-at="2024-06-10T16:38:13 IST" duration-ms="56769" status="PASS">
          <reporter-output>
          </reporter-output>
        </test-method> <!-- setUp -->
        <test-method signature="community()[pri:0, instance:com.younited.qa.testcases.CommunityPageAdminTest@273e7444]" started-at="2024-06-10T16:38:13 IST" name="community" finished-at="2024-06-10T16:39:58 IST" duration-ms="104246" status="PASS">
          <reporter-output>
          </reporter-output>
        </test-method> <!-- community -->
        <test-method is-config="true" signature="tearDown()[pri:0, instance:com.younited.qa.testcases.CommunityPageAdminTest@273e7444]" started-at="2024-06-10T16:39:58 IST" name="tearDown" finished-at="2024-06-10T16:39:58 IST" duration-ms="0" status="PASS">
          <reporter-output>
          </reporter-output>
        </test-method> <!-- tearDown -->
      </class> <!-- com.younited.qa.testcases.CommunityPageAdminTest -->
    </test> <!-- Default test -->
  </suite> <!-- Default suite -->
</testng-results>
