<?xml version="1.0" encoding="UTF-8"?>
<testng-results ignored="0" total="1" passed="1" failed="0" skipped="0">
  <reporter-output>
  </reporter-output>
  <suite started-at="2024-12-16T19:42:04 IST" name="Default suite" finished-at="2024-12-16T19:43:14 IST" duration-ms="69569">
    <groups>
    </groups>
    <test started-at="2024-12-16T19:42:04 IST" name="Default test" finished-at="2024-12-16T19:43:14 IST" duration-ms="69569">
      <class name="com.younited.qa.testcases.LeadsAssignmentPageAdminTest">
        <test-method is-config="true" signature="setUp()[pri:0, instance:com.younited.qa.testcases.LeadsAssignmentPageAdminTest@2d52216b]" started-at="2024-12-16T19:42:04 IST" name="setUp" finished-at="2024-12-16T19:43:01 IST" duration-ms="57049" status="PASS">
          <reporter-output>
          </reporter-output>
        </test-method> <!-- setUp -->
        <test-method signature="test()[pri:0, instance:com.younited.qa.testcases.LeadsAssignmentPageAdminTest@2d52216b]" started-at="2024-12-16T19:43:01 IST" name="test" finished-at="2024-12-16T19:43:13 IST" duration-ms="12240" status="PASS">
          <reporter-output>
          </reporter-output>
        </test-method> <!-- test -->
        <test-method is-config="true" signature="tearDown()[pri:0, instance:com.younited.qa.testcases.LeadsAssignmentPageAdminTest@2d52216b]" started-at="2024-12-16T19:43:13 IST" name="tearDown" finished-at="2024-12-16T19:43:14 IST" duration-ms="263" status="PASS">
          <reporter-output>
          </reporter-output>
        </test-method> <!-- tearDown -->
      </class> <!-- com.younited.qa.testcases.LeadsAssignmentPageAdminTest -->
    </test> <!-- Default test -->
  </suite> <!-- Default suite -->
</testng-results>
