<?xml version="1.0" encoding="UTF-8"?>
<testng-results ignored="0" total="1" passed="1" failed="0" skipped="0">
  <reporter-output>
  </reporter-output>
  <suite started-at="2024-09-02T20:24:05 IST" name="Default suite" finished-at="2024-09-02T20:26:52 IST" duration-ms="167146">
    <groups>
    </groups>
    <test started-at="2024-09-02T20:24:05 IST" name="Default test" finished-at="2024-09-02T20:26:52 IST" duration-ms="167146">
      <class name="com.younited.qa.testcases.CommunityPageAdminTest">
        <test-method is-config="true" signature="setUp()[pri:0, instance:com.younited.qa.testcases.CommunityPageAdminTest@273e7444]" started-at="2024-09-02T20:24:05 IST" name="setUp" finished-at="2024-09-02T20:24:38 IST" duration-ms="32568" status="PASS">
          <reporter-output>
          </reporter-output>
        </test-method> <!-- setUp -->
        <test-method signature="community()[pri:0, instance:com.younited.qa.testcases.CommunityPageAdminTest@273e7444]" started-at="2024-09-02T20:24:38 IST" name="community" finished-at="2024-09-02T20:26:52 IST" duration-ms="134288" status="PASS">
          <reporter-output>
          </reporter-output>
        </test-method> <!-- community -->
        <test-method is-config="true" signature="tearDown()[pri:0, instance:com.younited.qa.testcases.CommunityPageAdminTest@273e7444]" started-at="2024-09-02T20:26:52 IST" name="tearDown" finished-at="2024-09-02T20:26:52 IST" duration-ms="261" status="PASS">
          <reporter-output>
          </reporter-output>
        </test-method> <!-- tearDown -->
      </class> <!-- com.younited.qa.testcases.CommunityPageAdminTest -->
    </test> <!-- Default test -->
  </suite> <!-- Default suite -->
</testng-results>
