<?xml version="1.0" encoding="UTF-8"?>
<testng-results ignored="0" total="1" passed="1" failed="0" skipped="0">
  <reporter-output>
  </reporter-output>
  <suite started-at="2024-04-15T15:39:23 IST" name="Default suite" finished-at="2024-04-15T15:44:45 IST" duration-ms="321989">
    <groups>
    </groups>
    <test started-at="2024-04-15T15:39:23 IST" name="Default test" finished-at="2024-04-15T15:44:45 IST" duration-ms="321989">
      <class name="com.younited.qa.testcases.MatchPageTest">
        <test-method is-config="true" signature="setUp()[pri:0, instance:com.younited.qa.testcases.MatchPageTest@3f6f6701]" started-at="2024-04-15T15:39:23 IST" name="setUp" finished-at="2024-04-15T15:40:09 IST" duration-ms="46082" status="PASS">
          <reporter-output>
          </reporter-output>
        </test-method> <!-- setUp -->
        <test-method signature="matchPage()[pri:0, instance:com.younited.qa.testcases.MatchPageTest@3f6f6701]" started-at="2024-04-15T15:40:09 IST" name="matchPage" finished-at="2024-04-15T15:44:45 IST" duration-ms="275632" status="PASS">
          <reporter-output>
          </reporter-output>
        </test-method> <!-- matchPage -->
        <test-method is-config="true" signature="tearDown()[pri:0, instance:com.younited.qa.testcases.MatchPageTest@3f6f6701]" started-at="2024-04-15T15:44:45 IST" name="tearDown" finished-at="2024-04-15T15:44:45 IST" duration-ms="245" status="PASS">
          <reporter-output>
          </reporter-output>
        </test-method> <!-- tearDown -->
      </class> <!-- com.younited.qa.testcases.MatchPageTest -->
    </test> <!-- Default test -->
  </suite> <!-- Default suite -->
</testng-results>
