<?xml version="1.0" encoding="UTF-8"?>
<testng-results ignored="0" total="1" passed="1" failed="0" skipped="0">
  <reporter-output>
  </reporter-output>
  <suite started-at="2024-10-15T11:48:16 IST" name="Default suite" finished-at="2024-10-15T11:50:31 IST" duration-ms="135401">
    <groups>
    </groups>
    <test started-at="2024-10-15T11:48:16 IST" name="Default test" finished-at="2024-10-15T11:50:31 IST" duration-ms="135401">
      <class name="com.younited.qa.testcases.UlogoAddIntermediaryPageTest">
        <test-method is-config="true" signature="setUp()[pri:0, instance:com.younited.qa.testcases.UlogoAddIntermediaryPageTest@273e7444]" started-at="2024-10-15T11:48:16 IST" name="setUp" finished-at="2024-10-15T11:49:11 IST" duration-ms="55779" status="PASS">
          <reporter-output>
          </reporter-output>
        </test-method> <!-- setUp -->
        <test-method signature="test()[pri:0, instance:com.younited.qa.testcases.UlogoAddIntermediaryPageTest@273e7444]" started-at="2024-10-15T11:49:11 IST" name="test" finished-at="2024-10-15T11:50:31 IST" duration-ms="79185" status="PASS">
          <reporter-output>
          </reporter-output>
        </test-method> <!-- test -->
        <test-method is-config="true" signature="tearDown()[pri:0, instance:com.younited.qa.testcases.UlogoAddIntermediaryPageTest@273e7444]" started-at="2024-10-15T11:50:31 IST" name="tearDown" finished-at="2024-10-15T11:50:31 IST" duration-ms="387" status="PASS">
          <reporter-output>
          </reporter-output>
        </test-method> <!-- tearDown -->
      </class> <!-- com.younited.qa.testcases.UlogoAddIntermediaryPageTest -->
    </test> <!-- Default test -->
  </suite> <!-- Default suite -->
</testng-results>
