<?xml version="1.0" encoding="UTF-8"?>
<testng-results ignored="0" total="1" passed="1" failed="0" skipped="0">
  <reporter-output>
  </reporter-output>
  <suite started-at="2024-07-10T17:49:11 IST" name="Default suite" finished-at="2024-07-10T17:50:16 IST" duration-ms="64860">
    <groups>
    </groups>
    <test started-at="2024-07-10T17:49:11 IST" name="Default test" finished-at="2024-07-10T17:50:16 IST" duration-ms="64860">
      <class name="com.younited.qa.testcases.UlogoDeleteRequestsPageTest">
        <test-method is-config="true" signature="setUp()[pri:0, instance:com.younited.qa.testcases.UlogoDeleteRequestsPageTest@273e7444]" started-at="2024-07-10T17:49:11 IST" name="setUp" finished-at="2024-07-10T17:49:59 IST" duration-ms="48275" status="PASS">
          <reporter-output>
          </reporter-output>
        </test-method> <!-- setUp -->
        <test-method signature="test()[pri:0, instance:com.younited.qa.testcases.UlogoDeleteRequestsPageTest@273e7444]" started-at="2024-07-10T17:49:59 IST" name="test" finished-at="2024-07-10T17:50:15 IST" duration-ms="16352" status="PASS">
          <reporter-output>
          </reporter-output>
        </test-method> <!-- test -->
        <test-method is-config="true" signature="tearDown()[pri:0, instance:com.younited.qa.testcases.UlogoDeleteRequestsPageTest@273e7444]" started-at="2024-07-10T17:50:15 IST" name="tearDown" finished-at="2024-07-10T17:50:16 IST" duration-ms="204" status="PASS">
          <reporter-output>
          </reporter-output>
        </test-method> <!-- tearDown -->
      </class> <!-- com.younited.qa.testcases.UlogoDeleteRequestsPageTest -->
    </test> <!-- Default test -->
  </suite> <!-- Default suite -->
</testng-results>
