<?xml version="1.0" encoding="UTF-8"?>
<testng-results ignored="0" total="1" passed="1" failed="0" skipped="0">
  <reporter-output>
  </reporter-output>
  <suite started-at="2024-01-31T19:42:18 IST" name="Default suite" finished-at="2024-01-31T19:43:46 IST" duration-ms="88218">
    <groups>
    </groups>
    <test started-at="2024-01-31T19:42:18 IST" name="Default test" finished-at="2024-01-31T19:43:46 IST" duration-ms="88218">
      <class name="com.younited.qa.testcases.UlogoDasCompaniesPageTest">
        <test-method is-config="true" signature="setUp()[pri:0, instance:com.younited.qa.testcases.UlogoDasCompaniesPageTest@72e5a8e]" started-at="2024-01-31T19:42:18 IST" name="setUp" finished-at="2024-01-31T19:43:11 IST" duration-ms="53213" status="PASS">
          <reporter-output>
          </reporter-output>
        </test-method> <!-- setUp -->
        <test-method signature="UlogoDasCompaniesPage()[pri:0, instance:com.younited.qa.testcases.UlogoDasCompaniesPageTest@72e5a8e]" started-at="2024-01-31T19:43:11 IST" name="UlogoDasCompaniesPage" finished-at="2024-01-31T19:43:46 IST" duration-ms="34780" status="PASS">
          <reporter-output>
          </reporter-output>
        </test-method> <!-- UlogoDasCompaniesPage -->
        <test-method is-config="true" signature="tearDown()[pri:0, instance:com.younited.qa.testcases.UlogoDasCompaniesPageTest@72e5a8e]" started-at="2024-01-31T19:43:46 IST" name="tearDown" finished-at="2024-01-31T19:43:46 IST" duration-ms="201" status="PASS">
          <reporter-output>
          </reporter-output>
        </test-method> <!-- tearDown -->
      </class> <!-- com.younited.qa.testcases.UlogoDasCompaniesPageTest -->
    </test> <!-- Default test -->
  </suite> <!-- Default suite -->
</testng-results>
