<?xml version="1.0" encoding="UTF-8"?>
<testng-results ignored="0" total="1" passed="1" failed="0" skipped="0">
  <reporter-output>
  </reporter-output>
  <suite started-at="2024-04-21T16:29:11 IST" name="Default suite" finished-at="2024-04-21T16:30:24 IST" duration-ms="73416">
    <groups>
    </groups>
    <test started-at="2024-04-21T16:29:11 IST" name="Default test" finished-at="2024-04-21T16:30:24 IST" duration-ms="73416">
      <class name="com.younited.qa.testcases.UlogoDasGroupsPageTest">
        <test-method is-config="true" signature="setUp()[pri:0, instance:com.younited.qa.testcases.UlogoDasGroupsPageTest@273e7444]" started-at="2024-04-21T16:29:11 IST" name="setUp" finished-at="2024-04-21T16:29:52 IST" duration-ms="41228" status="PASS">
          <reporter-output>
          </reporter-output>
        </test-method> <!-- setUp -->
        <test-method signature="UlogoDasGroupPage()[pri:0, instance:com.younited.qa.testcases.UlogoDasGroupsPageTest@273e7444]" started-at="2024-04-21T16:29:52 IST" name="UlogoDasGroupPage" finished-at="2024-04-21T16:30:24 IST" duration-ms="31954" status="PASS">
          <reporter-output>
          </reporter-output>
        </test-method> <!-- UlogoDasGroupPage -->
        <test-method is-config="true" signature="tearDown()[pri:0, instance:com.younited.qa.testcases.UlogoDasGroupsPageTest@273e7444]" started-at="2024-04-21T16:30:24 IST" name="tearDown" finished-at="2024-04-21T16:30:24 IST" duration-ms="205" status="PASS">
          <reporter-output>
          </reporter-output>
        </test-method> <!-- tearDown -->
      </class> <!-- com.younited.qa.testcases.UlogoDasGroupsPageTest -->
    </test> <!-- Default test -->
  </suite> <!-- Default suite -->
</testng-results>
