<?xml version="1.0" encoding="UTF-8"?>
<testng-results ignored="0" total="1" passed="1" failed="0" skipped="0">
  <reporter-output>
  </reporter-output>
  <suite started-at="2024-06-10T15:07:41 IST" name="Default suite" finished-at="2024-06-10T15:09:13 IST" duration-ms="92307">
    <groups>
    </groups>
    <test started-at="2024-06-10T15:07:41 IST" name="Default test" finished-at="2024-06-10T15:09:13 IST" duration-ms="92307">
      <class name="com.younited.qa.testcases.CheckCommandPageTest">
        <test-method is-config="true" signature="setUp()[pri:0, instance:com.younited.qa.testcases.CheckCommandPageTest@273e7444]" started-at="2024-06-10T15:07:41 IST" name="setUp" finished-at="2024-06-10T15:09:13 IST" duration-ms="92275" status="PASS">
          <reporter-output>
          </reporter-output>
        </test-method> <!-- setUp -->
        <test-method signature="checkCommandPageTest()[pri:0, instance:com.younited.qa.testcases.CheckCommandPageTest@273e7444]" started-at="2024-06-10T15:09:13 IST" name="checkCommandPageTest" finished-at="2024-06-10T15:09:13 IST" duration-ms="5" status="PASS">
          <reporter-output>
          </reporter-output>
        </test-method> <!-- checkCommandPageTest -->
        <test-method is-config="true" signature="tearDown()[pri:0, instance:com.younited.qa.testcases.CheckCommandPageTest@273e7444]" started-at="2024-06-10T15:09:13 IST" name="tearDown" finished-at="2024-06-10T15:09:13 IST" duration-ms="0" status="PASS">
          <reporter-output>
          </reporter-output>
        </test-method> <!-- tearDown -->
      </class> <!-- com.younited.qa.testcases.CheckCommandPageTest -->
    </test> <!-- Default test -->
  </suite> <!-- Default suite -->
</testng-results>
