<?xml version="1.0" encoding="UTF-8"?>
<testng-results ignored="0" total="3" passed="3" failed="0" skipped="0">
  <reporter-output>
  </reporter-output>
  <suite started-at="2024-10-17T11:58:25 IST" name="Default suite" finished-at="2024-10-17T11:59:28 IST" duration-ms="63096">
    <groups>
    </groups>
    <test started-at="2024-10-17T11:58:25 IST" name="Default test" finished-at="2024-10-17T11:59:28 IST" duration-ms="63096">
      <class name="com.younited.qa.testcases.LoginPageTest">
        <test-method is-config="true" signature="setUp()[pri:0, instance:com.younited.qa.testcases.LoginPageTest@783a467b]" started-at="2024-10-17T11:58:25 IST" name="setUp" finished-at="2024-10-17T11:58:30 IST" duration-ms="5324" status="PASS">
          <reporter-output>
          </reporter-output>
        </test-method> <!-- setUp -->
        <test-method signature="loginPageTitleTest()[pri:1, instance:com.younited.qa.testcases.LoginPageTest@783a467b]" started-at="2024-10-17T11:58:30 IST" name="loginPageTitleTest" finished-at="2024-10-17T11:58:38 IST" duration-ms="8043" status="PASS">
          <reporter-output>
          </reporter-output>
        </test-method> <!-- loginPageTitleTest -->
        <test-method is-config="true" signature="tearDown()[pri:0, instance:com.younited.qa.testcases.LoginPageTest@783a467b]" started-at="2024-10-17T11:58:38 IST" name="tearDown" finished-at="2024-10-17T11:58:38 IST" duration-ms="254" status="PASS">
          <reporter-output>
          </reporter-output>
        </test-method> <!-- tearDown -->
        <test-method is-config="true" signature="setUp()[pri:0, instance:com.younited.qa.testcases.LoginPageTest@783a467b]" started-at="2024-10-17T11:58:38 IST" name="setUp" finished-at="2024-10-17T11:58:43 IST" duration-ms="4189" status="PASS">
          <reporter-output>
          </reporter-output>
        </test-method> <!-- setUp -->
        <test-method signature="imageLogoTest()[pri:2, instance:com.younited.qa.testcases.LoginPageTest@783a467b]" started-at="2024-10-17T11:58:43 IST" name="imageLogoTest" finished-at="2024-10-17T11:58:51 IST" duration-ms="8014" status="PASS">
          <reporter-output>
          </reporter-output>
        </test-method> <!-- imageLogoTest -->
        <test-method is-config="true" signature="tearDown()[pri:0, instance:com.younited.qa.testcases.LoginPageTest@783a467b]" started-at="2024-10-17T11:58:51 IST" name="tearDown" finished-at="2024-10-17T11:58:51 IST" duration-ms="311" status="PASS">
          <reporter-output>
          </reporter-output>
        </test-method> <!-- tearDown -->
        <test-method is-config="true" signature="setUp()[pri:0, instance:com.younited.qa.testcases.LoginPageTest@783a467b]" started-at="2024-10-17T11:58:51 IST" name="setUp" finished-at="2024-10-17T11:58:55 IST" duration-ms="4355" status="PASS">
          <reporter-output>
          </reporter-output>
        </test-method> <!-- setUp -->
        <test-method signature="loginTest()[pri:3, instance:com.younited.qa.testcases.LoginPageTest@783a467b]" started-at="2024-10-17T11:58:55 IST" name="loginTest" finished-at="2024-10-17T11:59:28 IST" duration-ms="32178" status="PASS">
          <reporter-output>
          </reporter-output>
        </test-method> <!-- loginTest -->
        <test-method is-config="true" signature="tearDown()[pri:0, instance:com.younited.qa.testcases.LoginPageTest@783a467b]" started-at="2024-10-17T11:59:28 IST" name="tearDown" finished-at="2024-10-17T11:59:28 IST" duration-ms="343" status="PASS">
          <reporter-output>
          </reporter-output>
        </test-method> <!-- tearDown -->
      </class> <!-- com.younited.qa.testcases.LoginPageTest -->
    </test> <!-- Default test -->
  </suite> <!-- Default suite -->
</testng-results>
