<?xml version="1.0" encoding="UTF-8"?>
<testng-results ignored="0" total="1" passed="1" failed="0" skipped="0">
  <reporter-output>
  </reporter-output>
  <suite started-at="2024-06-27T19:59:52 IST" name="Default suite" finished-at="2024-06-27T20:01:41 IST" duration-ms="108554">
    <groups>
    </groups>
    <test started-at="2024-06-27T19:59:52 IST" name="Default test" finished-at="2024-06-27T20:01:41 IST" duration-ms="108554">
      <class name="com.younited.qa.testcases.UlogoIntermediarycompaniesPageTest">
        <test-method is-config="true" signature="setUp()[pri:0, instance:com.younited.qa.testcases.UlogoIntermediarycompaniesPageTest@273e7444]" started-at="2024-06-27T19:59:52 IST" name="setUp" finished-at="2024-06-27T20:00:46 IST" duration-ms="53799" status="PASS">
          <reporter-output>
          </reporter-output>
        </test-method> <!-- setUp -->
        <test-method signature="UlogoIntermediarycompanyPage()[pri:0, instance:com.younited.qa.testcases.UlogoIntermediarycompaniesPageTest@273e7444]" started-at="2024-06-27T20:00:46 IST" name="UlogoIntermediarycompanyPage" finished-at="2024-06-27T20:01:39 IST" duration-ms="53539" status="PASS">
          <reporter-output>
          </reporter-output>
        </test-method> <!-- UlogoIntermediarycompanyPage -->
        <test-method is-config="true" signature="tearDown()[pri:0, instance:com.younited.qa.testcases.UlogoIntermediarycompaniesPageTest@273e7444]" started-at="2024-06-27T20:01:39 IST" name="tearDown" finished-at="2024-06-27T20:01:41 IST" duration-ms="1162" status="PASS">
          <reporter-output>
          </reporter-output>
        </test-method> <!-- tearDown -->
      </class> <!-- com.younited.qa.testcases.UlogoIntermediarycompaniesPageTest -->
    </test> <!-- Default test -->
  </suite> <!-- Default suite -->
</testng-results>
