<?xml version="1.0" encoding="UTF-8"?>
<testng-results ignored="0" total="1" passed="1" failed="0" skipped="0">
  <reporter-output>
  </reporter-output>
  <suite started-at="2024-09-17T20:59:34 IST" name="Default suite" finished-at="2024-09-17T21:01:08 IST" duration-ms="93756">
    <groups>
    </groups>
    <test started-at="2024-09-17T20:59:34 IST" name="Default test" finished-at="2024-09-17T21:01:08 IST" duration-ms="93756">
      <class name="com.younited.qa.testcases.UlogoIntermediaryPageTest">
        <test-method is-config="true" signature="setUp()[pri:0, instance:com.younited.qa.testcases.UlogoIntermediaryPageTest@273e7444]" started-at="2024-09-17T20:59:34 IST" name="setUp" finished-at="2024-09-17T21:00:21 IST" duration-ms="46933" status="PASS">
          <reporter-output>
          </reporter-output>
        </test-method> <!-- setUp -->
        <test-method signature="test()[pri:0, instance:com.younited.qa.testcases.UlogoIntermediaryPageTest@273e7444]" started-at="2024-09-17T21:00:21 IST" name="test" finished-at="2024-09-17T21:01:08 IST" duration-ms="46534" status="PASS">
          <reporter-output>
          </reporter-output>
        </test-method> <!-- test -->
        <test-method is-config="true" signature="tearDown()[pri:0, instance:com.younited.qa.testcases.UlogoIntermediaryPageTest@273e7444]" started-at="2024-09-17T21:01:08 IST" name="tearDown" finished-at="2024-09-17T21:01:08 IST" duration-ms="270" status="PASS">
          <reporter-output>
          </reporter-output>
        </test-method> <!-- tearDown -->
      </class> <!-- com.younited.qa.testcases.UlogoIntermediaryPageTest -->
    </test> <!-- Default test -->
  </suite> <!-- Default suite -->
</testng-results>
