<?xml version="1.0" encoding="UTF-8"?>
<testng-results ignored="0" total="1" passed="1" failed="0" skipped="0">
  <reporter-output>
  </reporter-output>
  <suite started-at="2023-12-22T14:17:17 IST" name="Default suite" finished-at="2023-12-22T14:18:35 IST" duration-ms="77963">
    <groups>
    </groups>
    <test started-at="2023-12-22T14:17:17 IST" name="Default test" finished-at="2023-12-22T14:18:35 IST" duration-ms="77963">
      <class name="com.younited.qa.testcases.UlogoDasPlatformPageTest">
        <test-method is-config="true" signature="setUp()[pri:0, instance:com.younited.qa.testcases.UlogoDasPlatformPageTest@72e5a8e]" started-at="2023-12-22T14:17:17 IST" name="setUp" finished-at="2023-12-22T14:18:14 IST" duration-ms="57048" status="PASS">
          <reporter-output>
          </reporter-output>
        </test-method> <!-- setUp -->
        <test-method signature="uLogoDasPlatformPage()[pri:0, instance:com.younited.qa.testcases.UlogoDasPlatformPageTest@72e5a8e]" started-at="2023-12-22T14:18:14 IST" name="uLogoDasPlatformPage" finished-at="2023-12-22T14:18:35 IST" duration-ms="20685" status="PASS">
          <reporter-output>
          </reporter-output>
        </test-method> <!-- uLogoDasPlatformPage -->
        <test-method is-config="true" signature="tearDown()[pri:0, instance:com.younited.qa.testcases.UlogoDasPlatformPageTest@72e5a8e]" started-at="2023-12-22T14:18:35 IST" name="tearDown" finished-at="2023-12-22T14:18:35 IST" duration-ms="209" status="PASS">
          <reporter-output>
          </reporter-output>
        </test-method> <!-- tearDown -->
      </class> <!-- com.younited.qa.testcases.UlogoDasPlatformPageTest -->
    </test> <!-- Default test -->
  </suite> <!-- Default suite -->
</testng-results>
