<?xml version="1.0" encoding="UTF-8"?>
<!-- Generated by org.testng.reporters.JUnitXMLReporter -->
<testsuite ignored="0" hostname="NO-002-QA" failures="0" tests="3" name="Default test" time="102.259" errors="0" timestamp="2024-04-03T18:22:13 IST">
  <testcase classname="com.younited.qa.testcases.HomePageTest" name="homePageTitleTest" time="8.089"/>
  <testcase classname="com.younited.qa.testcases.HomePageTest" name="verifyImageLogoTest" time="8.075"/>
  <testcase classname="com.younited.qa.testcases.HomePageTest" name="myAssignmentsPage" time="14.081"/>
</testsuite> <!-- Default test -->
