<?xml version="1.0" encoding="UTF-8"?>
<!-- Generated by org.testng.reporters.JUnitXMLReporter -->
<testsuite ignored="0" hostname="NO-002-QA" failures="0" tests="3" name="Default test" time="176.859" errors="0" timestamp="2024-08-02T13:19:52 IST">
  <testcase classname="com.younited.qa.testcases.HomePageTest" name="homePageTitleTest" time="20.275"/>
  <testcase classname="com.younited.qa.testcases.HomePageTest" name="verifyImageLogoTest" time="20.216"/>
  <testcase classname="com.younited.qa.testcases.HomePageTest" name="myAssignmentsPage" time="52.571"/>
</testsuite> <!-- Default test -->
