<?xml version="1.0" encoding="UTF-8"?>
<!-- Generated by org.testng.reporters.JUnitXMLReporter -->
<testsuite ignored="0" hostname="NO-002-QA" failures="0" tests="3" name="Default test" time="15.394" errors="0" timestamp="2023-10-23T14:22:18 IST">
  <testcase classname="com.younited.qa.testcases.LoginPageTest" name="loginPageTitleTest" time="0.016"/>
  <testcase classname="com.younited.qa.testcases.LoginPageTest" name="imageLogoTest" time="0.049"/>
  <testcase classname="com.younited.qa.testcases.LoginPageTest" name="loginTest" time="1.811"/>
</testsuite> <!-- Default test -->
