<?xml version="1.0" encoding="UTF-8"?>
<!-- Generated by org.testng.reporters.JUnitXMLReporter -->
<testsuite ignored="0" hostname="NO-002-QA" failures="0" tests="3" name="Default test" time="136.891" errors="0" timestamp="2024-06-27T19:30:34 IST">
  <testcase classname="com.younited.qa.testcases.HomePageTest" name="homePageTitleTest" time="8.041"/>
  <testcase classname="com.younited.qa.testcases.HomePageTest" name="verifyImageLogoTest" time="8.061"/>
  <testcase classname="com.younited.qa.testcases.HomePageTest" name="myAssignmentsPage" time="14.059"/>
</testsuite> <!-- Default test -->
