<?xml version="1.0" encoding="UTF-8"?>
<!-- Generated by org.testng.reporters.JUnitXMLReporter -->
<testsuite ignored="0" hostname="NO-002-QA" failures="0" tests="3" name="Default test" time="54.207" errors="0" timestamp="2024-05-28T17:44:33 IST">
  <testcase classname="com.younited.qa.testcases.LoginPageTest" name="loginPageTitleTest" time="4.675"/>
  <testcase classname="com.younited.qa.testcases.LoginPageTest" name="imageLogoTest" time="5.324"/>
  <testcase classname="com.younited.qa.testcases.LoginPageTest" name="loginTest" time="16.575"/>
</testsuite> <!-- Default test -->
